###############################################################
#  Generated by:      Cadence Innovus 20.10-p004_1
#  OS:                Linux x86_64(Host ID ic51)
#  Generated on:      Tue Oct  4 22:09:44 2022
#  Design:            aes
#  Command:           verify_drc > drc.rpt
###############################################################

SHORT: ( Metal Short ) Regular Wire of Net core_keymem_n_111831 & Pin of Cell core_keymem_key_mem_reg[4][88]  ( metal1 )
Bounds : ( 182.650, 198.575 ) ( 182.720, 198.745 )


SHORT: ( Metal Short ) Regular Wire of Net core_keymem_n_96893 & Pin of Cell core_keymem_key_mem_reg[7][12]  ( metal1 )
Bounds : ( 126.600, 209.775 ) ( 126.670, 209.945 )


SHORT: ( Metal Short ) Regular Wire of Net core_keymem_n_111913 & Pin of Cell core_keymem_key_mem_reg[0][111]  ( metal1 )
Bounds : ( 192.910, 145.375 ) ( 192.980, 145.545 )


SHORT: ( Metal Short ) Regular Wire of Net FE_RN_578_0 & Pin of Cell core_keymem_g151866  ( metal1 )
Bounds : ( 166.310, 170.575 ) ( 166.380, 170.745 )


SHORT: ( Metal Short ) Regular Wire of Net core_keymem_n_111823 & Pin of Cell core_keymem_g153048  ( metal1 )
Bounds : ( 147.120, 173.375 ) ( 147.190, 173.545 )


SHORT: ( Metal Short ) Regular Wire of Net core_keymem_n_109313 & Pin of Cell key_reg_reg[4][15]  ( metal1 )
Bounds : ( 160.230, 156.575 ) ( 160.300, 156.745 )


SHORT: ( Metal Short ) Regular Wire of Net core_keymem_n_108467 & Pin of Cell core_keymem_key_mem_reg[2][101]  ( metal1 )
Bounds : ( 144.650, 156.575 ) ( 144.720, 156.745 )


SHORT: ( Metal Short ) Regular Wire of Net core_keymem_n_111945 & Pin of Cell core_keymem_key_mem_reg[9][74]  ( metal1 )
Bounds : ( 60.670, 178.975 ) ( 60.740, 179.145 )


SHORT: ( Metal Short ) Regular Wire of Net core_keymem_n_110164 & Pin of Cell key_reg_reg[0][13]  ( metal1 )
Bounds : ( 83.660, 176.175 ) ( 83.730, 176.345 )


SHORT: ( Metal Short ) Regular Wire of Net core_keymem_n_111563 & Pin of Cell core_keymem_key_mem_reg[11][77]  ( metal1 )
Bounds : ( 92.020, 220.975 ) ( 92.090, 221.145 )


SHORT: ( Metal Short ) Regular Wire of Net core_keymem_key_mem[6][26] & Pin of Cell core_keymem_key_mem_reg[13][46]  ( metal1 )
Bounds : ( 101.520, 226.575 ) ( 101.590, 226.745 )


SHORT: ( Metal Short ) Regular Wire of Net core_keymem_key_mem[1][83] & Pin of Cell core_keymem_key_mem_reg[13][45]  ( metal1 )
Bounds : ( 23.240, 195.775 ) ( 23.310, 195.945 )


SHORT: ( Metal Short ) Regular Wire of Net core_keymem_n_111827 & Pin of Cell core_keymem_key_mem_reg[9][74]  ( metal1 )
Bounds : ( 35.590, 178.975 ) ( 35.660, 179.145 )


SHORT: ( Metal Short ) Regular Wire of Net core_keymem_n_109874 & Pin of Cell core_keymem_g150171  ( metal1 )
Bounds : ( 44.710, 162.175 ) ( 44.780, 162.345 )


SHORT: ( Metal Short ) Regular Wire of Net core_keymem_n_112080 & Pin of Cell core_keymem_key_mem_reg[7][70]  ( metal1 )
Bounds : ( 35.400, 125.775 ) ( 35.470, 125.945 )


SHORT: ( Metal Short ) Regular Wire of Net core_keymem_n_111863 & Pin of Cell core_keymem_key_mem_reg[12][70]  ( metal1 )
Bounds : ( 63.900, 122.975 ) ( 63.970, 123.145 )


SHORT: ( Metal Short ) Regular Wire of Net core_keymem_key_mem[7][17] & Pin of Cell core_keymem_key_mem_reg[6][113]  ( metal1 )
Bounds : ( 96.200, 125.775 ) ( 96.270, 125.945 )


SHORT: ( Metal Short ) Regular Wire of Net n_970 & Pin of Cell g47816  ( metal1 )
Bounds : ( 125.840, 103.375 ) ( 125.910, 103.545 )


SHORT: ( Metal Short ) Regular Wire of Net core_dec_block_n_1646 & Pin of Cell core_dec_block_g91227  ( metal1 )
Bounds : ( 229.960, 30.575 ) ( 230.030, 30.745 )


SHORT: ( Metal Short ) Regular Wire of Net n_2434 & Pin of Cell FE_RC_9_0  ( metal1 )
Bounds : ( 224.830, 47.375 ) ( 224.900, 47.545 )


SHORT: ( Metal Short ) Regular Wire of Net core_dec_block_n_1396 & Pin of Cell FE_RC_1340_0  ( metal1 )
Bounds : ( 223.500, 36.175 ) ( 223.570, 36.345 )


SHORT: ( Metal Short ) Regular Wire of Net core_dec_block_n_1448 & Pin of Cell core_dec_block_g90825__6083  ( metal1 )
Bounds : ( 205.415, 33.495 ) ( 205.555, 33.545 )


SHORT: ( Metal Short ) Regular Wire of Net FE_RN_31_0 & Pin of Cell FE_RC_734_0  ( metal1 )
Bounds : ( 191.960, 41.775 ) ( 192.030, 41.945 )


SHORT: ( Metal Short ) Regular Wire of Net core_dec_block_n_2150 & Pin of Cell core_dec_block_g91636  ( metal1 )
Bounds : ( 220.460, 8.175 ) ( 220.530, 8.345 )


SHORT: ( Metal Short ) Regular Wire of Net FE_RN_423_0 & Pin of Cell FE_RC_734_0  ( metal1 )
Bounds : ( 163.080, 41.775 ) ( 163.150, 41.945 )


SHORT: ( Metal Short ) Regular Wire of Net core_dec_block_n_1792 & Pin of Cell core_dec_block_g91636  ( metal1 )
Bounds : ( 164.600, 8.175 ) ( 164.670, 8.345 )


SHORT: ( Metal Short ) Regular Wire of Net core_dec_block_n_1857 & Pin of Cell core_dec_block_g91609  ( metal1 )
Bounds : ( 164.980, 5.375 ) ( 165.050, 5.545 )


SHORT: ( Metal Short ) Regular Wire of Net core_dec_block_n_1409 & Pin of Cell core_dec_block_g91413  ( metal1 )
Bounds : ( 141.040, 10.975 ) ( 141.110, 11.145 )


SHORT: ( Metal Short ) Regular Wire of Net core_dec_block_n_1400 & Pin of Cell core_dec_block_g91440  ( metal1 )
Bounds : ( 155.290, 8.175 ) ( 155.360, 8.345 )


SHORT: ( Metal Short ) Regular Wire of Net n_2543 & Pin of Cell g58417  ( metal1 )
Bounds : ( 31.220, 72.575 ) ( 31.290, 72.745 )


SHORT: ( Metal Short ) Regular Wire of Net n_3711 & Pin of Cell g57853  ( metal1 )
Bounds : ( 39.960, 61.375 ) ( 40.030, 61.545 )


SHORT: ( Metal Short ) Regular Wire of Net core_dec_block_n_3599 & Pin of Cell core_dec_block_g91526  ( metal1 )
Bounds : ( 98.670, 24.975 ) ( 98.740, 25.145 )


SHORT: ( Metal Short ) Regular Wire of Net n_2802 & Pin of Cell g57756  ( metal1 )
Bounds : ( 14.880, 55.775 ) ( 14.950, 55.945 )


SHORT: ( Metal Short ) Regular Wire of Net n_4003 & Pin of Cell g59053  ( metal1 )
Bounds : ( 30.270, 41.775 ) ( 30.340, 41.945 )


SHORT: ( Metal Short ) Regular Wire of Net core_dec_block_n_525 & Pin of Cell g59731  ( metal1 )
Bounds : ( 51.170, 50.175 ) ( 51.240, 50.345 )


SHORT: ( Metal Short ) Regular Wire of Net n_2882 & Pin of Cell g57976  ( metal1 )
Bounds : ( 17.160, 5.375 ) ( 17.230, 5.545 )


SHORT: ( Metal Short ) Regular Wire of Net n_3737 & Pin of Cell g58947  ( metal1 )
Bounds : ( 34.450, 8.175 ) ( 34.520, 8.345 )


  Total Violations : 37 Viols.
