###############################################################
#  Generated by:      Cadence Innovus 20.10-p004_1
#  OS:                Linux x86_64(Host ID ic51)
#  Generated on:      Tue Oct  4 22:09:28 2022
#  Design:            aes
#  Command:           report_route -summary > route.rpt
###############################################################


Statistics for design aes :

+-------------------+----------+
|   Design Metric   |   Count  |
+-------------------+----------+
|   Instances       |   45705  |
|   Nets            |   18789  |
|   Tri-State Nets  |       0  |
|   Degen nets      |    2647  |
|   Pins            |   63245  |
|   I/O Terminals   |      76  |
+-------------------+----------+


Net Pin Statistics :

+------------------+----------------+---------------+
|     Number of    |    Number of   |   Percentage  |
|  Connected Pins  |      Nets      |    of Nets    |
+------------------+----------------+---------------+
|              1   |         2647   |      14.088   |
|              2   |         9089   |      48.374   |
|              3   |         3852   |      20.501   |
|              4   |         1024   |       5.450   |
|              5   |          791   |       1.756   |
|              6   |          330   |       1.756   |
|              7   |          139   |       0.740   |
|              8   |          110   |       0.585   |
|              9   |           83   |       0.442   |
|           >=10   |          724   |       3.853   |
+------------------+----------------+---------------+


Wire Length Statistics :

+----------------+-----------------+
|   Layer Name   |   Wire Length   |
+----------------+-----------------+
|     metal1     |     8412.61 um  |
|     metal2     |    91289.28 um  |
|     metal3     |   113834.69 um  |
|     metal4     |    52357.20 um  |
|     metal5     |    27732.90 um  |
|     metal6     |    16627.52 um  |
|     metal7     |     1221.08 um  |
|     metal8     |      261.24 um  |
|     metal9     |        0.00 um  |
|    metal10     |        0.00 um  |
+----------------+-----------------+
|     Total      |  311736.518 um  |
+----------------+-----------------+


Via Count Statistics :

+----------------+---------+
|  Via-cut Name  |  Count  |
+----------------+---------+
|     VIA01      |      0  |
|     VIA12      |  62842  |
|     VIA23      |  49040  |
|     VIA34      |  10813  |
|     VIA45      |   3085  |
|     VIA56      |   1477  |
|     VIA67      |    111  |
|     VIA78      |     22  |
|     VIA89      |      0  |
|     VIA910     |      0  |
+----------------+---------+
|     Total      | 127390  |
+----------------+---------+




*** Net length and connection length statistics (cell aes) ***

Total net length = 237738.575 (120686.915 117051.660)

Avg net length = 12.653 (sigma = 29.451)
Sqrt of avg square net length = 32.054

Avg connection length = 5.047 (sigma = 6.219)
Sqrt of avg square connection length = 8.009

Net and connection length distribution:

+-------------------------+------------------+-------------------+
|                         |  Number of Nets  |   Number of Nets  |
|      Length Range       |       with       |        with       |
|                         |    Wire Length   |  Fly-line Length  |
+-------------------------+------------------+-------------------+
|       0.00 um - 3.80 um |            8577  |            11817  |
|       3.80 um - 7.60 um |            4419  |             4244  |
|      7.60 um - 11.40 um |            1706  |             1235  |
|     11.40 um - 15.20 um |             839  |              523  |
|     15.20 um - 19.00 um |             576  |              307  |
|     19.00 um - 22.80 um |             390  |              181  |
|     22.80 um - 26.60 um |             282  |              135  |
|     26.60 um - 30.40 um |             218  |               74  |
|     30.40 um - 34.20 um |             207  |               58  |
|     34.20 um - 38.00 um |             173  |               44  |
|     38.00 um - 41.80 um |             159  |               28  |
|     41.80 um - 45.60 um |             140  |               26  |
|     45.60 um - 49.40 um |             153  |               23  |
|     49.40 um - 53.20 um |             115  |               18  |
|     53.20 um - 57.00 um |              77  |               12  |
|     57.00 um - 60.80 um |              56  |               13  |
|     60.80 um - 64.60 um |              43  |               10  |
|     64.60 um - 68.40 um |              34  |                5  |
|     68.40 um - 72.20 um |              41  |                6  |
|     72.20 um - 76.00 um |              27  |                7  |
|     76.00 um - 79.80 um |              33  |               13  |
|     79.80 um - 83.60 um |              28  |                4  |
|     83.60 um - 87.40 um |              22  |                3  |
|     87.40 um - 91.20 um |              20  |                1  |
|     91.20 um - 95.00 um |              14  |                0  |
|     95.00 um - 98.80 um |              18  |                0  |
|    98.80 um - 102.60 um |              17  |                0  |
|   102.60 um - 106.40 um |              16  |                0  |
|   106.40 um - 110.20 um |              10  |                1  |
|   110.20 um - 114.00 um |              12  |                0  |
|   114.00 um - 117.80 um |               8  |                0  |
|   117.80 um - 121.60 um |              15  |                0  |
|   121.60 um - 125.40 um |               9  |                0  |
|   125.40 um - 129.20 um |               6  |                0  |
|   129.20 um - 133.00 um |              13  |                1  |
|   133.00 um - 136.80 um |              10  |                0  |
|   136.80 um - 140.60 um |               9  |                0  |
|   140.60 um - 144.40 um |              10  |                0  |
|   144.40 um - 148.20 um |              14  |                0  |
|   148.20 um - 152.00 um |              19  |                0  |
|   152.00 um - 155.80 um |              13  |                0  |
|   155.80 um - 159.60 um |              22  |                0  |
|   159.60 um - 163.40 um |              15  |                0  |
|   163.40 um - 167.20 um |              13  |                0  |
|   167.20 um - 171.00 um |              10  |                0  |
|   171.00 um - 174.80 um |              10  |                0  |
|   174.80 um - 178.60 um |              10  |                0  |
|   178.60 um - 182.40 um |              10  |                0  |
|   182.40 um - 186.20 um |               9  |                0  |
|   186.20 um - 190.00 um |              12  |                0  |
|   190.00 um - 193.80 um |               8  |                0  |
|   193.80 um - 197.60 um |               8  |                0  |
|   197.60 um - 201.40 um |               8  |                0  |
|   201.40 um - 205.20 um |               6  |                0  |
|   205.20 um - 209.00 um |               8  |                0  |
|   209.00 um - 212.80 um |               4  |                0  |
|   212.80 um - 216.60 um |               9  |                0  |
|   216.60 um - 220.40 um |               8  |                0  |
|   220.40 um - 224.20 um |               4  |                0  |
|   224.20 um - 228.00 um |               3  |                0  |
|   228.00 um - 231.80 um |               3  |                0  |
|   231.80 um - 235.60 um |               3  |                0  |
|   235.60 um - 239.40 um |               2  |                0  |
|   239.40 um - 243.20 um |               3  |                0  |
|   243.20 um - 247.00 um |               5  |                0  |
|   247.00 um - 250.80 um |               2  |                0  |
|   254.60 um - 258.40 um |               1  |                0  |
|   258.40 um - 262.20 um |               5  |                0  |
|   262.20 um - 266.00 um |               3  |                0  |
|   266.00 um - 269.80 um |               1  |                0  |
|   269.80 um - 273.60 um |               2  |                0  |
|   273.60 um - 277.40 um |               1  |                0  |
|   277.40 um - 281.20 um |               4  |                0  |
|   281.20 um - 285.00 um |               2  |                0  |
|   285.00 um - 288.80 um |               1  |                0  |
|   288.80 um - 292.60 um |               4  |                0  |
|   292.60 um - 296.40 um |               1  |                0  |
|   300.20 um - 304.00 um |               2  |                0  |
|   304.00 um - 307.80 um |               1  |                0  |
|   315.40 um - 319.20 um |               1  |                0  |
|   319.20 um - 323.00 um |               1  |                0  |
|   323.00 um - 326.80 um |               2  |                0  |
|   330.60 um - 334.40 um |               1  |                0  |
|   334.40 um - 338.20 um |               1  |                0  |
|   342.00 um - 345.80 um |               2  |                0  |
|   345.80 um - 349.60 um |               5  |                0  |
|   349.60 um - 353.40 um |               1  |                0  |
|   353.40 um - 357.20 um |               1  |                0  |
|   361.00 um - 364.80 um |               2  |                0  |
| 752400.00 um - infinity |               1  |                0  |
+-------------------------+------------------+-------------------+


Total number of long connections = 0
Io: nrCon=0


