###############################################################
#  Generated by:      Cadence Innovus 20.10-p004_1
#  OS:                Linux x86_64(Host ID ic51)
#  Generated on:      Sat Oct  8 21:58:55 2022
#  Design:            aes
#  Command:           verify_drc > drc.rpt
###############################################################

SHORT: ( Metal Short ) Regular Wire of Net core_keymem_n_112775 & Pin of Cell key_reg_reg[1][27]  ( metal1 )
Bounds : ( 210.580, 184.575 ) ( 210.650, 184.745 )


SHORT: ( Metal Short ) Regular Wire of Net core_keymem_n_112749 & Pin of Cell core_keymem_g150172  ( metal1 )
Bounds : ( 210.390, 226.575 ) ( 210.460, 226.745 )


SHORT: ( Metal Short ) Regular Wire of Net core_keymem_n_96099 & Pin of Cell core_keymem_g153659  ( metal1 )
Bounds : ( 205.260, 181.775 ) ( 205.330, 181.945 )


SHORT: ( Metal Short ) Regular Wire of Net core_keymem_n_110900 & Pin of Cell core_keymem_g150306  ( metal1 )
Bounds : ( 139.140, 192.975 ) ( 139.210, 193.145 )


SPACING: ( ParallelRunLength Spacing ) Regular Wire of Net FE_RN_466_0 & Pin of Cell FILL_incr__2_37  ( metal1 )
Bounds : ( 137.050, 176.345 ) ( 137.120, 176.400 )


SHORT: ( Metal Short ) Regular Wire of Net core_keymem_n_96927 & Pin of Cell core_keymem_g151972  ( metal1 )
Bounds : ( 218.750, 167.775 ) ( 218.820, 167.945 )


SHORT: ( Metal Short ) Regular Wire of Net core_keymem_n_97349 & Pin of Cell core_keymem_key_mem_reg[9][97]  ( metal1 )
Bounds : ( 134.770, 142.575 ) ( 134.840, 142.745 )


SHORT: ( Metal Short ) Regular Wire of Net core_keymem_n_111937 & Pin of Cell core_keymem_g150058  ( metal1 )
Bounds : ( 32.360, 178.975 ) ( 32.430, 179.145 )


SHORT: ( Metal Short ) Regular Wire of Net core_keymem_n_111945 & Pin of Cell core_keymem_g150058  ( metal1 )
Bounds : ( 58.390, 178.975 ) ( 58.460, 179.145 )


SHORT: ( Metal Short ) Regular Wire of Net core_keymem_n_111945 & Pin of Cell core_keymem_g150058  ( metal1 )
Bounds : ( 59.910, 178.975 ) ( 59.980, 179.145 )


SHORT: ( Metal Short ) Regular Wire of Net core_keymem_n_111120 & Pin of Cell core_keymem_key_mem_reg[13][74]  ( metal1 )
Bounds : ( 67.890, 176.175 ) ( 67.960, 176.345 )


SPACING: ( ParallelRunLength Spacing ) Regular Wire of Net core_keymem_prev_key0_reg[41] & Pin of Cell FILL__2_3777  ( metal1 )
Bounds : ( 39.390, 179.145 ) ( 39.460, 179.200 )


SHORT: ( Metal Short ) Regular Wire of Net core_keymem_n_110468 & Pin of Cell core_keymem_g142043  ( metal1 )
Bounds : ( 99.620, 167.775 ) ( 99.690, 167.945 )


SHORT: ( Metal Short ) Regular Wire of Net core_keymem_n_112095 & Pin of Cell core_keymem_g150326  ( metal1 )
Bounds : ( 76.630, 159.375 ) ( 76.700, 159.545 )


SHORT: ( Metal Short ) Regular Wire of Net core_keymem_n_111969 & Pin of Cell core_keymem_key_mem_reg[13][82]  ( metal1 )
Bounds : ( 53.070, 167.775 ) ( 53.140, 167.945 )


SHORT: ( Metal Short ) Regular Wire of Net core_keymem_n_109223 & Pin of Cell core_keymem_key_mem_reg[6][114]  ( metal1 )
Bounds : ( 32.360, 117.375 ) ( 32.430, 117.545 )


SHORT: ( Metal Short ) Regular Wire of Net core_keymem_n_110500 & Pin of Cell core_keymem_key_mem_reg[7][64]  ( metal1 )
Bounds : ( 39.390, 148.175 ) ( 39.460, 148.345 )


SHORT: ( Metal Short ) Regular Wire of Net core_dec_block_n_1530 & Pin of Cell core_dec_block_g91495  ( metal1 )
Bounds : ( 175.810, 16.575 ) ( 175.880, 16.745 )


SHORT: ( Metal Short ) Regular Wire of Net core_dec_block_n_1530 & Pin of Cell core_dec_block_g91495  ( metal1 )
Bounds : ( 177.900, 16.575 ) ( 177.970, 16.745 )


SHORT: ( Metal Short ) Regular Wire of Net core_dec_block_n_2333 & Pin of Cell core_dec_block_g91609  ( metal1 )
Bounds : ( 178.660, 5.375 ) ( 178.730, 5.545 )


SHORT: ( Metal Short ) Regular Wire of Net core_dec_block_n_1091 & Pin of Cell core_dec_block_g92544  ( metal1 )
Bounds : ( 180.750, 44.575 ) ( 180.820, 44.745 )


SHORT: ( Metal Short ) Regular Wire of Net core_dec_block_n_3873 & Pin of Cell result_reg_reg[126]  ( metal1 )
Bounds : ( 162.700, 55.775 ) ( 162.770, 55.945 )


SHORT: ( Metal Short ) Regular Wire of Net core_dec_block_n_563 & Pin of Cell block_reg_reg[2][17]  ( metal1 )
Bounds : ( 95.440, 69.775 ) ( 95.510, 69.945 )


SHORT: ( Metal Short ) Regular Wire of Net core_keymem_n_111023 & Pin of Cell core_keymem_g150143  ( metal1 )
Bounds : ( 45.470, 97.775 ) ( 45.540, 97.945 )


SHORT: ( Metal Short ) Regular Wire of Net n_1849 & Pin of Cell g58021  ( metal1 )
Bounds : ( 63.900, 8.175 ) ( 63.970, 8.345 )


SHORT: ( Metal Short ) Regular Wire of Net core_dec_new_block[18] & Pin of Cell g59045  ( metal1 )
Bounds : ( 70.930, 50.175 ) ( 71.000, 50.345 )


SHORT: ( Metal Short ) Regular Wire of Net core_dec_block_n_1333 & Pin of Cell core_dec_block_g91433  ( metal1 )
Bounds : ( 87.080, 8.175 ) ( 87.150, 8.345 )


SHORT: ( Metal Short ) Regular Wire of Net n_1838 & Pin of Cell g58968  ( metal1 )
Bounds : ( 14.500, 52.975 ) ( 14.570, 53.145 )


SHORT: ( Metal Short ) Regular Wire of Net n_3974 & Pin of Cell g58940  ( metal1 )
Bounds : ( 4.620, 24.975 ) ( 4.690, 25.060 )


SHORT: ( Metal Short ) Regular Wire of Net n_1948 & Pin of Cell g58324  ( metal1 )
Bounds : ( 31.790, 13.775 ) ( 31.860, 13.945 )


SHORT: ( Metal Short ) Regular Wire of Net n_3737 & Pin of Cell g58340  ( metal1 )
Bounds : ( 37.490, 10.975 ) ( 37.560, 11.145 )


SHORT: ( Metal Short ) Regular Wire of Net n_3307 & Pin of Cell g58324  ( metal1 )
Bounds : ( 52.310, 13.775 ) ( 52.380, 13.945 )


  Total Violations : 32 Viols.
