###############################################################
#  Generated by:      Cadence Innovus 20.10-p004_1
#  OS:                Linux x86_64(Host ID ic51)
#  Generated on:      Sat Oct  8 22:57:57 2022
#  Design:            aes
#  Command:           verify_drc > drc.rpt
###############################################################

SHORT: ( Metal Short ) Regular Wire of Net n_2829 & Pin of Cell key_reg_reg[3][31]  ( metal1 )
Bounds : ( 203.360, 176.175 ) ( 203.430, 176.345 )


SHORT: ( Metal Short ) Regular Wire of Net n_2658 & Pin of Cell core_keymem_key_mem_reg[11][94]  ( metal1 )
Bounds : ( 228.060, 212.575 ) ( 228.130, 212.745 )


SPACING: ( ParallelRunLength Spacing ) Regular Wire of Net core_keymem_n_96191 & Pin of Cell FILL_incr__2_41  ( metal1 )
Bounds : ( 184.930, 204.120 ) ( 185.000, 204.175 )


SHORT: ( Metal Short ) Regular Wire of Net core_keymem_n_111949 & Pin of Cell core_keymem_g152324  ( metal1 )
Bounds : ( 158.710, 201.375 ) ( 158.780, 201.545 )


SHORT: ( Metal Short ) Regular Wire of Net core_keymem_n_109254 & Pin of Cell core_keymem_g151622  ( metal1 )
Bounds : ( 171.630, 187.375 ) ( 171.700, 187.545 )


SHORT: ( Metal Short ) Regular Wire of Net core_keymem_n_113137 & Pin of Cell core_keymem_key_mem_reg[9][124]  ( metal1 )
Bounds : ( 118.050, 220.975 ) ( 118.120, 221.145 )


SHORT: ( Metal Short ) Regular Wire of Net FE_RN_350_0 & Pin of Cell block_reg_reg[2][15]  ( metal1 )
Bounds : ( 195.380, 153.775 ) ( 195.450, 153.945 )


SHORT: ( Metal Short ) Regular Wire of Net n_3721 & Pin of Cell block_reg_reg[3][30]  ( metal1 )
Bounds : ( 196.710, 148.175 ) ( 196.780, 148.345 )


SHORT: ( Metal Short ) Regular Wire of Net core_dec_block_n_2441 & Pin of Cell result_reg_reg[29]  ( metal1 )
Bounds : ( 222.170, 117.375 ) ( 222.240, 117.460 )


SHORT: ( Metal Short ) Regular Wire of Net core_dec_block_n_3862 & Pin of Cell result_reg_reg[47]  ( metal1 )
Bounds : ( 157.760, 125.775 ) ( 157.830, 125.945 )


SHORT: ( Metal Short ) Regular Wire of Net core_keymem_n_110881 & Pin of Cell core_keymem_g150917  ( metal1 )
Bounds : ( 164.790, 173.375 ) ( 164.860, 173.545 )


SHORT: ( Metal Short ) Regular Wire of Net n_2515 & Pin of Cell g57745  ( metal1 )
Bounds : ( 15.450, 204.175 ) ( 15.520, 204.345 )


SHORT: ( Metal Short ) Regular Wire of Net n_2327 & Pin of Cell g59045  ( metal1 )
Bounds : ( 27.420, 215.375 ) ( 27.490, 215.545 )


SHORT: ( Metal Short ) Regular Wire of Net core_keymem_n_112779 & Pin of Cell g58659  ( metal1 )
Bounds : ( 54.590, 220.975 ) ( 54.660, 221.145 )


SHORT: ( Metal Short ) Regular Wire of Net core_keymem_n_111685 & Pin of Cell core_keymem_key_mem_reg[6][85]  ( metal1 )
Bounds : ( 112.920, 226.575 ) ( 112.990, 226.745 )


SHORT: ( Metal Short ) Regular Wire of Net core_keymem_n_113137 & Pin of Cell core_keymem_key_mem_reg[9][80]  ( metal1 )
Bounds : ( 5.380, 134.175 ) ( 5.450, 134.345 )


SHORT: ( Metal Short ) Regular Wire of Net core_dec_new_block[86] & Pin of Cell core_dec_block_g89964__1840  ( metal1 )
Bounds : ( 188.730, 100.575 ) ( 188.800, 100.745 )


SHORT: ( Metal Short ) Regular Wire of Net core_dec_block_n_924 & Pin of Cell result_reg_reg[86]  ( metal1 )
Bounds : ( 196.900, 111.775 ) ( 196.970, 111.945 )


SHORT: ( Metal Short ) Regular Wire of Net FE_RN_652_0 & Pin of Cell FE_RC_661_0  ( metal1 )
Bounds : ( 177.710, 64.175 ) ( 177.780, 64.345 )


SHORT: ( Metal Short ) Regular Wire of Net core_dec_block_n_2560 & Pin of Cell core_dec_block_g91460  ( metal1 )
Bounds : ( 224.830, 72.575 ) ( 224.900, 72.745 )


SHORT: ( Metal Short ) Regular Wire of Net core_dec_block_n_932 & Pin of Cell result_reg_reg[109]  ( metal1 )
Bounds : ( 193.670, 86.575 ) ( 193.740, 86.745 )


SHORT: ( Metal Short ) Regular Wire of Net core_dec_block_n_2480 & Pin of Cell result_reg_reg[109]  ( metal1 )
Bounds : ( 222.930, 86.575 ) ( 223.000, 86.745 )


SHORT: ( Metal Short ) Regular Wire of Net core_dec_block_n_1347 & Pin of Cell block_reg_reg[3][13]  ( metal1 )
Bounds : ( 224.450, 83.775 ) ( 224.520, 83.945 )


SHORT: ( Metal Short ) Regular Wire of Net core_dec_block_n_355 & Pin of Cell result_reg_reg[32]  ( metal1 )
Bounds : ( 121.090, 61.375 ) ( 121.160, 61.545 )


SHORT: ( Metal Short ) Regular Wire of Net core_dec_block_n_2809 & Pin of Cell result_reg_reg[58]  ( metal1 )
Bounds : ( 142.180, 106.175 ) ( 142.250, 106.345 )


SHORT: ( Metal Short ) Regular Wire of Net core_dec_block_n_1501 & Pin of Cell key_reg_reg[7][13]  ( metal1 )
Bounds : ( 185.120, 39.060 ) ( 185.190, 39.145 )


SHORT: ( Metal Short ) Regular Wire of Net core_dec_block_n_1467 & Pin of Cell key_reg_reg[7][13]  ( metal1 )
Bounds : ( 190.630, 38.975 ) ( 190.700, 39.145 )


SHORT: ( Metal Short ) Regular Wire of Net n_2291 & Pin of Cell core_keymem_g152321  ( metal1 )
Bounds : ( 198.420, 33.375 ) ( 198.490, 33.545 )


SHORT: ( Metal Short ) Regular Wire of Net core_dec_block_n_1581 & Pin of Cell FE_RC_1334_0  ( metal1 )
Bounds : ( 205.070, 50.175 ) ( 205.140, 50.345 )


SHORT: ( Metal Short ) Regular Wire of Net n_2127 & Pin of Cell core_keymem_key_mem_reg[11][6]  ( metal1 )
Bounds : ( 194.050, 19.375 ) ( 194.120, 19.545 )


SHORT: ( Metal Short ) Regular Wire of Net n_1745 & Pin of Cell core_keymem_key_mem_reg[10][110]  ( metal1 )
Bounds : ( 221.790, 27.775 ) ( 221.860, 27.945 )


SHORT: ( Metal Short ) Regular Wire of Net core_dec_block_n_830 & Pin of Cell FE_RC_1334_0  ( metal1 )
Bounds : ( 163.650, 50.175 ) ( 163.720, 50.345 )


SHORT: ( Metal Short ) Regular Wire of Net core_keymem_n_109753 & Pin of Cell core_keymem_g153041  ( metal1 )
Bounds : ( 125.270, 41.775 ) ( 125.340, 41.945 )


SHORT: ( Metal Short ) Regular Wire of Net FE_RN_164_0 & Pin of Cell key_reg_reg[6][9]  ( metal1 )
Bounds : ( 142.940, 36.175 ) ( 143.010, 36.345 )


SHORT: ( Metal Short ) Regular Wire of Net core_keymem_n_109792 & Pin of Cell core_keymem_g153041  ( metal1 )
Bounds : ( 147.310, 41.775 ) ( 147.380, 41.945 )


SHORT: ( Metal Short ) Regular Wire of Net core_keymem_n_97019 & Pin of Cell core_keymem_key_mem_reg[11][6]  ( metal1 )
Bounds : ( 169.350, 19.375 ) ( 169.420, 19.545 )


SHORT: ( Metal Short ) Regular Wire of Net core_keymem_n_111921 & Pin of Cell core_keymem_key_mem_reg[12][33]  ( metal1 )
Bounds : ( 28.180, 72.575 ) ( 28.250, 72.745 )


SHORT: ( Metal Short ) Regular Wire of Net core_keymem_n_109833 & Pin of Cell core_keymem_key_mem_reg[7][33]  ( metal1 )
Bounds : ( 76.060, 61.375 ) ( 76.130, 61.545 )


SHORT: ( Metal Short ) Regular Wire of Net core_keymem_n_111991 & Pin of Cell core_keymem_g150089  ( metal1 )
Bounds : ( 31.220, 108.975 ) ( 31.290, 109.145 )


SHORT: ( Metal Short ) Regular Wire of Net core_keymem_key_mem[11][9] & Pin of Cell core_keymem_key_mem_reg[12][73]  ( metal1 )
Bounds : ( 93.540, 16.575 ) ( 93.610, 16.745 )


SHORT: ( Metal Short ) Regular Wire of Net core_keymem_n_112502 & Pin of Cell core_keymem_g153041  ( metal1 )
Bounds : ( 94.300, 41.775 ) ( 94.370, 41.945 )


SHORT: ( Metal Short ) Regular Wire of Net core_keymem_n_111533 & Pin of Cell core_keymem_g150313  ( metal1 )
Bounds : ( 20.960, 24.975 ) ( 21.030, 25.145 )


SHORT: ( Metal Short ) Regular Wire of Net FE_RN_924_0 & Pin of Cell core_keymem_key_mem_reg[6][96]  ( metal1 )
Bounds : ( 24.380, 44.575 ) ( 24.450, 44.745 )


SHORT: ( Metal Short ) Regular Wire of Net core_keymem_n_110948 & Pin of Cell core_keymem_g150234  ( metal1 )
Bounds : ( 57.630, 33.375 ) ( 57.700, 33.545 )


  Total Violations : 44 Viols.
