###############################################################
#  Generated by:      Cadence Innovus 20.10-p004_1
#  OS:                Linux x86_64(Host ID ic51)
#  Generated on:      Sat Oct  8 23:00:43 2022
#  Design:            aes
#  Command:           report_timing > timing.rpt
###############################################################
Path 1: MET Setup Check with Pin core_keymem_prev_key1_reg_reg[118]/CK 
Endpoint:   core_keymem_prev_key1_reg_reg[118]/D (^) checked with  leading edge 
of 'VCLK'
Beginpoint: keylen_reg_reg/QN                    (v) triggered by  leading edge 
of 'VCLK'
Path Groups: {VCLK}
Analysis View: generic_view
Other End Arrival Time          0.000
- Setup                         0.045
+ Phase Shift                  20.000
= Required Time                19.955
- Arrival Time                  3.618
= Slack Time                   16.338
     Clock Rise Edge                 0.000
     + Clock Network Latency (Ideal) 0.000
     = Beginpoint Arrival Time       0.000
     +--------------------------------------------------------------------------------------------+ 
     |              Instance              |     Arc      |   Cell    | Delay | Arrival | Required | 
     |                                    |              |           |       |  Time   |   Time   | 
     |------------------------------------+--------------+-----------+-------+---------+----------| 
     | keylen_reg_reg                     | CK ^         |           |       |   0.000 |   16.338 | 
     | keylen_reg_reg                     | CK ^ -> QN v | DFFR_X2   | 0.162 |   0.162 |   16.500 | 
     | core_keymem_g154400                | A2 v -> ZN v | OR2_X2    | 0.177 |   0.339 |   16.677 | 
     | FE_DBTC2_core_keymem_n_113821      | A v -> ZN ^  | INV_X2    | 0.441 |   0.781 |   17.118 | 
     | core_keymem_g154276                | A1 ^ -> ZN ^ | AND2_X1   | 0.216 |   0.996 |   17.334 | 
     | core_keymem_g154190                | A1 ^ -> ZN ^ | AND2_X1   | 0.887 |   1.884 |   18.221 | 
     | FE_OFC389_core_keymem_n_112107     | A ^ -> ZN v  | INV_X1    | 0.290 |   2.174 |   18.511 | 
     | core_keymem_g155224                | A1 v -> ZN ^ | NAND2_X1  | 1.273 |   3.447 |   19.785 | 
     | core_keymem_g152326                | B1 ^ -> ZN v | AOI221_X1 | 0.094 |   3.542 |   19.879 | 
     | core_keymem_g151570                | A v -> ZN ^  | OAI221_X1 | 0.076 |   3.618 |   19.955 | 
     | core_keymem_prev_key1_reg_reg[118] | D ^          | DFFR_X1   | 0.000 |   3.618 |   19.955 | 
     +--------------------------------------------------------------------------------------------+ 

