###############################################################
#  Generated by:      Cadence Innovus 20.10-p004_1
#  OS:                Linux x86_64(Host ID ic51)
#  Generated on:      Tue Oct  4 22:08:58 2022
#  Design:            aes
#  Command:           report_timing > timing.rpt
###############################################################
Path 1: MET Setup Check with Pin core_dec_block_block_w2_reg_reg[20]/CK 
Endpoint:   core_dec_block_block_w2_reg_reg[20]/D (v) checked with  leading 
edge of 'VCLK'
Beginpoint: encdec_reg_reg/QN                     (^) triggered by  leading 
edge of 'VCLK'
Path Groups: {VCLK}
Analysis View: generic_view
Other End Arrival Time          0.000
- Setup                         0.053
+ Phase Shift                  20.000
= Required Time                19.947
- Arrival Time                  1.745
= Slack Time                   18.202
     Clock Rise Edge                 0.000
     + Clock Network Latency (Ideal) 0.000
     = Beginpoint Arrival Time       0.000
     +---------------------------------------------------------------------------------------------+ 
     |              Instance               |     Arc      |   Cell    | Delay | Arrival | Required | 
     |                                     |              |           |       |  Time   |   Time   | 
     |-------------------------------------+--------------+-----------+-------+---------+----------| 
     | encdec_reg_reg                      | CK ^         |           |       |   0.000 |   18.202 | 
     | encdec_reg_reg                      | CK ^ -> QN ^ | DFFR_X1   | 0.123 |   0.123 |   18.325 | 
     | FE_OCPC2123_n_1354                  | A ^ -> ZN v  | INV_X4    | 0.015 |   0.138 |   18.340 | 
     | g60581                              | A1 v -> ZN ^ | NAND2_X2  | 0.023 |   0.161 |   18.363 | 
     | g60560                              | A2 ^ -> ZN v | NAND2_X4  | 0.048 |   0.209 |   18.411 | 
     | core_keymem_g142361                 | A1 v -> ZN ^ | NAND2_X4  | 0.143 |   0.352 |   18.554 | 
     | FE_DBTC20_core_keymem_n_97779       | A ^ -> ZN v  | INV_X16   | 0.023 |   0.375 |   18.577 | 
     | core_keymem_g142031                 | A2 v -> ZN ^ | NAND2_X4  | 0.233 |   0.609 |   18.810 | 
     | FE_DBTC3_core_keymem_n_97322        | A ^ -> ZN v  | INV_X32   | 0.016 |   0.624 |   18.826 | 
     | core_keymem_g141305                 | B1 v -> ZN ^ | AOI22_X1  | 0.325 |   0.949 |   19.151 | 
     | core_keymem_g140641                 | A4 ^ -> ZN ^ | AND4_X1   | 0.067 |   1.016 |   19.218 | 
     | core_keymem_g140413                 | A1 ^ -> ZN v | NAND4_X1  | 0.179 |   1.195 |   19.397 | 
     | FE_RC_349_0                         | A1 v -> ZN ^ | NAND2_X1  | 0.083 |   1.278 |   19.480 | 
     | FE_RC_346_0                         | A2 ^ -> ZN v | NAND2_X4  | 0.030 |   1.309 |   19.511 | 
     | core_dec_block_g93182               | B v -> ZN ^  | XNOR2_X1  | 0.136 |   1.445 |   19.647 | 
     | core_dec_block_g92901               | A ^ -> ZN ^  | XNOR2_X1  | 0.074 |   1.519 |   19.721 | 
     | core_dec_block_g91795               | A ^ -> ZN ^  | XNOR2_X1  | 0.052 |   1.571 |   19.773 | 
     | core_dec_block_g91072               | A ^ -> ZN ^  | XNOR2_X1  | 0.047 |   1.618 |   19.820 | 
     | core_dec_block_g90573__9906         | A ^ -> ZN ^  | XNOR2_X1  | 0.046 |   1.664 |   19.866 | 
     | core_dec_block_g90252__5795         | A ^ -> ZN ^  | XNOR2_X1  | 0.047 |   1.711 |   19.913 | 
     | core_dec_block_g89919__5703         | B1 ^ -> ZN v | OAI221_X1 | 0.034 |   1.745 |   19.947 | 
     | core_dec_block_block_w2_reg_reg[20] | D v          | DFFR_X1   | 0.000 |   1.745 |   19.947 | 
     +---------------------------------------------------------------------------------------------+ 

