###############################################################
#  Generated by:      Cadence Innovus 20.10-p004_1
#  OS:                Linux x86_64(Host ID ic51)
#  Generated on:      Sat Oct  8 21:01:18 2022
#  Design:            aes
#  Command:           verify_drc > drc.rpt
###############################################################

SHORT: ( Metal Short ) Regular Wire of Net n_3332 & Pin of Cell core_keymem_key_mem_reg[13][47]  ( metal1 )
Bounds : ( 200.130, 215.375 ) ( 200.200, 215.545 )


SHORT: ( Metal Short ) Regular Wire of Net n_2366 & Pin of Cell core_keymem_key_mem_reg[9][63]  ( metal1 )
Bounds : ( 203.550, 220.975 ) ( 203.620, 221.145 )


SHORT: ( Metal Short ) Regular Wire of Net n_1742 & Pin of Cell core_keymem_key_mem_reg[13][47]  ( metal1 )
Bounds : ( 226.540, 215.375 ) ( 226.610, 215.545 )


SHORT: ( Metal Short ) Regular Wire of Net core_keymem_n_110180 & Pin of Cell FE_RC_416_0  ( metal1 )
Bounds : ( 152.440, 184.575 ) ( 152.510, 184.745 )


SHORT: ( Metal Short ) Regular Wire of Net n_3133 & Pin of Cell block_reg_reg[3][30]  ( metal1 )
Bounds : ( 199.180, 148.175 ) ( 199.250, 148.345 )


SHORT: ( Metal Short ) Regular Wire of Net n_3928 & Pin of Cell g47492  ( metal1 )
Bounds : ( 206.020, 136.975 ) ( 206.090, 137.145 )


SHORT: ( Metal Short ) Regular Wire of Net n_2102 & Pin of Cell block_reg_reg[0][22]  ( metal1 )
Bounds : ( 214.760, 145.375 ) ( 214.830, 145.545 )


SHORT: ( Metal Short ) Regular Wire of Net n_2335 & Pin of Cell block_reg_reg[0][22]  ( metal1 )
Bounds : ( 229.770, 145.375 ) ( 229.840, 145.545 )


SHORT: ( Metal Short ) Regular Wire of Net core_keymem_n_112072 & Pin of Cell key_reg_reg[4][4]  ( metal1 )
Bounds : ( 99.240, 176.175 ) ( 99.310, 176.345 )


SHORT: ( Metal Short ) Regular Wire of Net core_keymem_n_97608 & Pin of Cell core_keymem_key_mem_reg[12][100]  ( metal1 )
Bounds : ( 105.510, 190.175 ) ( 105.580, 190.345 )


SHORT: ( Metal Short ) Regular Wire of Net n_2296 & Pin of Cell g59016  ( metal1 )
Bounds : ( 26.660, 220.975 ) ( 26.730, 221.145 )


SHORT: ( Metal Short ) Regular Wire of Net FE_RN_167_0 & Pin of Cell core_keymem_key_mem_reg[7][59]  ( metal1 )
Bounds : ( 13.360, 229.375 ) ( 13.430, 229.545 )


SHORT: ( Metal Short ) Regular Wire of Net core_keymem_n_112712 & Pin of Cell g58112  ( metal1 )
Bounds : ( 45.850, 223.775 ) ( 45.920, 223.945 )


SHORT: ( Metal Short ) Regular Wire of Net core_keymem_n_112739 & Pin of Cell g58112  ( metal1 )
Bounds : ( 49.840, 223.775 ) ( 49.910, 223.945 )


SHORT: ( Metal Short ) Regular Wire of Net n_2313 & Pin of Cell core_keymem_key_mem_reg[6][39]  ( metal1 )
Bounds : ( 7.280, 192.975 ) ( 7.350, 193.145 )


SHORT: ( Metal Short ) Regular Wire of Net FE_RN_717_0 & Pin of Cell core_keymem_key_mem_reg[7][84]  ( metal1 )
Bounds : ( 31.980, 159.375 ) ( 32.050, 159.545 )


SHORT: ( Metal Short ) Regular Wire of Net core_keymem_n_113624 & Pin of Cell core_keymem_g149656  ( metal1 )
Bounds : ( 79.290, 162.175 ) ( 79.360, 162.345 )


SHORT: ( Metal Short ) Regular Wire of Net core_keymem_key_mem[7][26] & Pin of Cell core_keymem_g149615  ( metal1 )
Bounds : ( 6.140, 128.575 ) ( 6.210, 128.745 )


SHORT: ( Metal Short ) Regular Wire of Net core_keymem_n_111057 & Pin of Cell FE_RC_560_0  ( metal1 )
Bounds : ( 16.210, 145.375 ) ( 16.280, 145.545 )


SHORT: ( Metal Short ) Regular Wire of Net core_dec_block_n_910 & Pin of Cell FE_RC_1165_0  ( metal1 )
Bounds : ( 205.070, 66.975 ) ( 205.140, 67.145 )


SHORT: ( Metal Short ) Regular Wire of Net core_dec_block_n_2377 & Pin of Cell core_dec_block_g89979__7675  ( metal1 )
Bounds : ( 221.980, 78.175 ) ( 222.050, 78.345 )


SHORT: ( Metal Short ) Regular Wire of Net core_dec_block_n_888 & Pin of Cell g47332  ( metal1 )
Bounds : ( 206.400, 103.375 ) ( 206.470, 103.545 )


SHORT: ( Metal Short ) Regular Wire of Net core_dec_block_n_2704 & Pin of Cell block_reg_reg[3][13]  ( metal1 )
Bounds : ( 212.290, 86.575 ) ( 212.360, 86.745 )


SHORT: ( Metal Short ) Regular Wire of Net core_dec_block_n_1297 & Pin of Cell FE_RC_1334_0  ( metal1 )
Bounds : ( 210.390, 52.975 ) ( 210.460, 53.145 )


SHORT: ( Metal Short ) Regular Wire of Net core_dec_block_n_1594 & Pin of Cell FE_RC_1086_0  ( metal1 )
Bounds : ( 217.800, 50.175 ) ( 217.870, 50.345 )


SHORT: ( Metal Short ) Regular Wire of Net FE_RN_564_0 & Pin of Cell core_keymem_g150322  ( metal1 )
Bounds : ( 223.690, 33.375 ) ( 223.760, 33.545 )


SHORT: ( Metal Short ) Regular Wire of Net core_dec_block_n_3149 & Pin of Cell FE_RC_1086_0  ( metal1 )
Bounds : ( 229.770, 50.175 ) ( 229.840, 50.345 )


SHORT: ( Metal Short ) Regular Wire of Net core_dec_block_n_1590 & Pin of Cell core_keymem_g150322  ( metal1 )
Bounds : ( 186.640, 33.375 ) ( 186.710, 33.545 )


SHORT: ( Metal Short ) Regular Wire of Net core_keymem_n_112716 & Pin of Cell core_keymem_g150117  ( metal1 )
Bounds : ( 158.710, 8.175 ) ( 158.780, 8.345 )


SHORT: ( Metal Short ) Regular Wire of Net core_keymem_n_112689 & Pin of Cell core_keymem_key_mem_reg[13][74]  ( metal1 )
Bounds : ( 126.410, 5.375 ) ( 126.480, 5.545 )


SHORT: ( Metal Short ) Regular Wire of Net FE_RN_790_0 & Pin of Cell g48428  ( metal1 )
Bounds : ( 149.970, 47.375 ) ( 150.040, 47.545 )


SHORT: ( Metal Short ) Regular Wire of Net core_keymem_n_111943 & Pin of Cell core_keymem_key_mem_reg[3][81]  ( metal1 )
Bounds : ( 46.800, 111.775 ) ( 46.870, 111.945 )


SHORT: ( Metal Short ) Regular Wire of Net core_keymem_n_111009 & Pin of Cell core_keymem_g150309  ( metal1 )
Bounds : ( 16.780, 94.975 ) ( 16.850, 95.145 )


SHORT: ( Metal Short ) Regular Wire of Net core_keymem_n_111372 & Pin of Cell core_keymem_g150328  ( metal1 )
Bounds : ( 50.220, 106.175 ) ( 50.290, 106.345 )


SHORT: ( Metal Short ) Regular Wire of Net core_keymem_n_97574 & Pin of Cell core_keymem_key_mem_reg[10][51]  ( metal1 )
Bounds : ( 15.260, 58.575 ) ( 15.330, 58.745 )


SHORT: ( Metal Short ) Regular Wire of Net core_keymem_n_109762 & Pin of Cell core_keymem_key_mem_reg[12][65]  ( metal1 )
Bounds : ( 30.460, 72.575 ) ( 30.530, 72.745 )


SHORT: ( Metal Short ) Regular Wire of Net core_keymem_n_111023 & Pin of Cell core_keymem_g150279  ( metal1 )
Bounds : ( 23.620, 30.575 ) ( 23.690, 30.745 )


SHORT: ( Metal Short ) Regular Wire of Net core_keymem_n_111887 & Pin of Cell core_keymem_key_mem_reg[13][32]  ( metal1 )
Bounds : ( 26.850, 38.975 ) ( 26.920, 39.145 )


SHORT: ( Metal Short ) Regular Wire of Net core_keymem_n_111807 & Pin of Cell core_keymem_g150298  ( metal1 )
Bounds : ( 40.910, 27.775 ) ( 40.980, 27.945 )


SHORT: ( Metal Short ) Regular Wire of Net core_keymem_n_111651 & Pin of Cell core_keymem_key_mem_reg[12][73]  ( metal1 )
Bounds : ( 112.160, 24.975 ) ( 112.230, 25.145 )


  Total Violations : 40 Viols.
