
Cadence Innovus(TM) Implementation System.
Copyright 2020 Cadence Design Systems, Inc. All rights reserved worldwide.

Version:	v20.10-p004_1, built Thu May 7 20:02:41 PDT 2020
Options:	
Date:		Sat Oct  8 20:35:16 2022
Host:		ic51 (x86_64 w/Linux 3.10.0-1160.25.1.el7.x86_64) (16cores*64cpus*Intel(R) Xeon(R) Gold 6226R CPU @ 2.90GHz 22528KB)
OS:		CentOS Linux release 7.9.2009 (Core)

License:
		invs	Innovus Implementation System	20.1	checkout succeeded
		8 CPU jobs allowed with the current license(s). Use setMultiCpuUsage to set your required CPU count.
**WARN: (IMPOPT-801):	Genus executable not found in PATH. Install Genus, add the path to the genus executable in the PATH variable and rerun Innovus.
Change the soft stacksize limit to 0.2%RAM (256 mbytes). Set global soft_stack_size_limit to change the value.

**INFO:  MMMC transition support version v31-84 

<CMD> set_global _enable_mmmc_by_default_flow      $CTE::mmmc_default
<CMD> suppressMessage ENCEXT-2799
<CMD> win
<CMD> setMultiCpuUsage -localCpu 8 -cpuPerRemoteHost 1 -remoteHost 0 -keepLicense true
Setting releaseMultiCpuLicenseMode to false.
<CMD> setDistributeHost -local
The timeout for a remote job to respond is 3600 seconds.
Submit command for task runs will be: local
<CMD> setDesignMode -process 45
##  Process: 45            (User Set)               
##     Node: (not set)                           

##  Check design process and node:  
##  Design tech node is not set.

Applying the recommended capacitance filtering threshold values for 45nm process node: total_c_th=0, relative_c_th=1 and coupling_c_th=0.1.
	These values will be used by all post-route extraction engines, including TQuantus, IQuantus and Quantus QRC extraction.
	Capacitance filtering mode(-capFilterMode option of the setExtractRCMode) is 'relAndCoup' for all engines.
	The accuracy mode for postRoute effortLevel low extraction will be set to 'high'.
	Default value for EffortLevel(-effortLevel option of the setExtractRCMode) in postRoute extraction mode will be 'medium' if Quantus QRC technology file is specified else 'low'.
<CMD> set init_gnd_net VSS
<CMD> set init_lef_file NangateOpenCellLibrary.lef
<CMD> set init_design_settop 0
<CMD> set init_verilog AES_1.v
<CMD> set init_mmmc_file mmmc.view
<CMD> set init_pwr_net VDD
<CMD> init_design
#% Begin Load MMMC data ... (date=10/08 20:38:18, mem=510.0M)
#% End Load MMMC data ... (date=10/08 20:38:18, total cpu=0:00:00.0, real=0:00:00.0, peak res=510.2M, current mem=510.2M)
generic_rc_corner

Loading LEF file NangateOpenCellLibrary.lef ...
Set DBUPerIGU to M2 pitch 380.

viaInitial starts at Sat Oct  8 20:38:18 2022
viaInitial ends at Sat Oct  8 20:38:18 2022

##  Check design process and node:  
##  Design tech node is not set.

Loading view definition file from mmmc.view
Starting library reading in 'Multi-threaded flow' (with '8' threads)
Reading generic_library_set timing library /users/course/2022F/PDA13400000/g111062625/VLSI-PDA-HW-2022/HW1/test1/NangateOpenCellLibrary.lib.
Read 134 cells in library NangateOpenCellLibrary.
Library reading multithread flow ended.
*** End library_loading (cpu=0.06min, real=0.00min, mem=43.0M, fe_cpu=0.42min, fe_real=3.03min, fe_mem=712.8M) ***
#% Begin Load netlist data ... (date=10/08 20:38:18, mem=529.1M)
*** Begin netlist parsing (mem=712.8M) ***
Created 134 new cells from 1 timing libraries.
Reading netlist ...
Backslashed names will retain backslash and a trailing blank character.
Reading verilog netlist 'AES_1.v'

*** Memory Usage v#1 (Current mem = 712.754M, initial mem = 268.254M) ***
*** End netlist parsing (cpu=0:00:00.1, real=0:00:01.0, mem=712.8M) ***
#% End Load netlist data ... (date=10/08 20:38:19, total cpu=0:00:00.1, real=0:00:01.0, peak res=538.3M, current mem=538.3M)
Top level cell is aes.
Hooked 134 DB cells to tlib cells.
Starting recursive module instantiation check.
No recursion found.
Building hierarchical netlist for Cell aes ...
*** Netlist is unique.
** info: there are 135 modules.
** info: there are 16509 stdCell insts.

*** Memory Usage v#1 (Current mem = 734.168M, initial mem = 268.254M) ***
Generated pitch 1.68 in metal10 is different from 1.6 defined in technology file in preferred direction.
Generated pitch 0.84 in metal8 is different from 0.8 defined in technology file in preferred direction.
Generated pitch 0.84 in metal7 is different from 0.8 defined in technology file in preferred direction.
Set Default Net Delay as 1000 ps.
Set Default Net Load as 0.5 pF. 
Set Default Input Pin Transition as 0.1 ps.
Extraction setup Started 
Initializing multi-corner RC extraction with 1 active RC Corners ...
**WARN: (IMPEXT-2773):	The via resistance between layers M0 and M1 could not be determined from the LEF technology file because the via resistance specification is missing. A default of 4 Ohms will be used as via resistance between these layers.
Type 'man IMPEXT-2773' for more detail.
**WARN: (IMPEXT-2773):	The via resistance between layers M1 and M2 could not be determined from the LEF technology file because the via resistance specification is missing. A default of 4 Ohms will be used as via resistance between these layers.
Type 'man IMPEXT-2773' for more detail.
**WARN: (IMPEXT-2773):	The via resistance between layers M2 and M3 could not be determined from the LEF technology file because the via resistance specification is missing. A default of 4 Ohms will be used as via resistance between these layers.
Type 'man IMPEXT-2773' for more detail.
**WARN: (IMPEXT-2773):	The via resistance between layers M3 and M4 could not be determined from the LEF technology file because the via resistance specification is missing. A default of 4 Ohms will be used as via resistance between these layers.
Type 'man IMPEXT-2773' for more detail.
**WARN: (IMPEXT-2773):	The via resistance between layers M4 and M5 could not be determined from the LEF technology file because the via resistance specification is missing. A default of 4 Ohms will be used as via resistance between these layers.
Type 'man IMPEXT-2773' for more detail.
**WARN: (IMPEXT-2773):	The via resistance between layers M5 and M6 could not be determined from the LEF technology file because the via resistance specification is missing. A default of 4 Ohms will be used as via resistance between these layers.
Type 'man IMPEXT-2773' for more detail.
**WARN: (IMPEXT-2773):	The via resistance between layers M6 and M7 could not be determined from the LEF technology file because the via resistance specification is missing. A default of 4 Ohms will be used as via resistance between these layers.
Type 'man IMPEXT-2773' for more detail.
**WARN: (IMPEXT-2773):	The via resistance between layers M7 and M8 could not be determined from the LEF technology file because the via resistance specification is missing. A default of 4 Ohms will be used as via resistance between these layers.
Type 'man IMPEXT-2773' for more detail.
**WARN: (IMPEXT-2773):	The via resistance between layers M8 and M9 could not be determined from the LEF technology file because the via resistance specification is missing. A default of 4 Ohms will be used as via resistance between these layers.
Type 'man IMPEXT-2773' for more detail.
**WARN: (IMPEXT-2773):	The via resistance between layers M9 and M10 could not be determined from the LEF technology file because the via resistance specification is missing. A default of 4 Ohms will be used as via resistance between these layers.
Type 'man IMPEXT-2773' for more detail.
**WARN: (IMPEXT-2766):	The sheet resistance for layer M1 is not defined in the cap table. Therefore, the LEF value 0.38 will be used instead. To avoid this message, update the relevant cap table to include the sheet resistance for the specified layer and read it back in.
**WARN: (IMPEXT-2766):	The sheet resistance for layer M2 is not defined in the cap table. Therefore, the LEF value 0.25 will be used instead. To avoid this message, update the relevant cap table to include the sheet resistance for the specified layer and read it back in.
**WARN: (IMPEXT-2766):	The sheet resistance for layer M3 is not defined in the cap table. Therefore, the LEF value 0.25 will be used instead. To avoid this message, update the relevant cap table to include the sheet resistance for the specified layer and read it back in.
**WARN: (IMPEXT-2766):	The sheet resistance for layer M4 is not defined in the cap table. Therefore, the LEF value 0.21 will be used instead. To avoid this message, update the relevant cap table to include the sheet resistance for the specified layer and read it back in.
**WARN: (IMPEXT-2766):	The sheet resistance for layer M5 is not defined in the cap table. Therefore, the LEF value 0.21 will be used instead. To avoid this message, update the relevant cap table to include the sheet resistance for the specified layer and read it back in.
**WARN: (IMPEXT-2766):	The sheet resistance for layer M6 is not defined in the cap table. Therefore, the LEF value 0.21 will be used instead. To avoid this message, update the relevant cap table to include the sheet resistance for the specified layer and read it back in.
**WARN: (IMPEXT-2766):	The sheet resistance for layer M7 is not defined in the cap table. Therefore, the LEF value 0.075 will be used instead. To avoid this message, update the relevant cap table to include the sheet resistance for the specified layer and read it back in.
**WARN: (IMPEXT-2766):	The sheet resistance for layer M8 is not defined in the cap table. Therefore, the LEF value 0.075 will be used instead. To avoid this message, update the relevant cap table to include the sheet resistance for the specified layer and read it back in.
**WARN: (IMPEXT-2766):	The sheet resistance for layer M9 is not defined in the cap table. Therefore, the LEF value 0.03 will be used instead. To avoid this message, update the relevant cap table to include the sheet resistance for the specified layer and read it back in.
**WARN: (IMPEXT-2766):	The sheet resistance for layer M10 is not defined in the cap table. Therefore, the LEF value 0.03 will be used instead. To avoid this message, update the relevant cap table to include the sheet resistance for the specified layer and read it back in.
Summary of Active RC-Corners : 
 
 Analysis View: generic_view
    RC-Corner Name        : generic_rc_corner
    RC-Corner Index       : 0
    RC-Corner Temperature : 25 Celsius
    RC-Corner Cap Table   : ''
    RC-Corner PreRoute Res Factor         : 1
    RC-Corner PreRoute Cap Factor         : 1
    RC-Corner PostRoute Res Factor        : 1 {1 1 1}
    RC-Corner PostRoute Cap Factor        : 1 {1 1 1}
    RC-Corner PostRoute XCap Factor       : 1 {1 1 1}
    RC-Corner PreRoute Clock Res Factor   : 1	[Derived from Cap Table]
    RC-Corner PreRoute Clock Cap Factor   : 1	[Derived from Cap Table]
    RC-Corner PostRoute Clock Cap Factor  : 1 {1 1 1} 
    RC-Corner PostRoute Clock Res Factor  : 1 {1 1 1} 
Updating RC grid for preRoute extraction ...
Initializing multi-corner resistance tables ...
*Info: initialize multi-corner CTS.
Reading timing constraints file 'design.sdc' ...
Current (total cpu=0:00:26.3, real=0:03:04, peak res=732.8M, current mem=732.8M)
aes
INFO (CTE): Constraints read successfully.
Ending "Constraint file reading stats" (total cpu=0:00:00.1, real=0:00:00.0, peak res=752.0M, current mem=752.0M)
Current (total cpu=0:00:26.4, real=0:03:04, peak res=752.0M, current mem=752.0M)
Total number of combinational cells: 99
Total number of sequential cells: 29
Total number of tristate cells: 6
Total number of level shifter cells: 0
Total number of power gating cells: 0
Total number of isolation cells: 0
Total number of power switch cells: 0
Total number of pulse generator cells: 0
Total number of always on buffers: 0
Total number of retention cells: 0
List of usable buffers: BUF_X1 BUF_X2 BUF_X4 BUF_X8 BUF_X16 BUF_X32 CLKBUF_X1 CLKBUF_X2 CLKBUF_X3
Total number of usable buffers: 9
List of unusable buffers:
Total number of unusable buffers: 0
List of usable inverters: INV_X1 INV_X2 INV_X4 INV_X8 INV_X16 INV_X32
Total number of usable inverters: 6
List of unusable inverters:
Total number of unusable inverters: 0
List of identified usable delay cells:
Total number of identified usable delay cells: 0
List of identified unusable delay cells:
Total number of identified unusable delay cells: 0
No delay cells were detected in the set of buffers. Buffers will be used to fix hold violations.

*** Summary of all messages that are not suppressed in this session:
Severity  ID               Count  Summary                                  
WARNING   IMPEXT-2766         10  The sheet resistance for layer %s is not...
WARNING   IMPEXT-2773         10  The via resistance between layers %s and...
*** Message Summary: 20 warning(s), 0 error(s)

<CMD> saveDesign setup
#% Begin save design ... (date=10/08 20:41:09, mem=804.2M)
% Begin Save ccopt configuration ... (date=10/08 20:41:09, mem=807.3M)
% End Save ccopt configuration ... (date=10/08 20:41:09, total cpu=0:00:00.0, real=0:00:00.0, peak res=808.1M, current mem=808.1M)
% Begin Save netlist data ... (date=10/08 20:41:09, mem=808.1M)
Writing Binary DB to setup.dat/vbin/aes.v.bin in multi-threaded mode...
% End Save netlist data ... (date=10/08 20:41:09, total cpu=0:00:00.1, real=0:00:00.0, peak res=816.5M, current mem=811.7M)
Saving symbol-table file in separate thread ...
Saving congestion map file in separate thread ...
Saving congestion map file setup.dat/aes.route.congmap.gz ...
% Begin Save AAE data ... (date=10/08 20:41:09, mem=813.1M)
Saving AAE Data ...
% End Save AAE data ... (date=10/08 20:41:09, total cpu=0:00:00.0, real=0:00:00.0, peak res=813.1M, current mem=813.1M)
Saving preference file setup.dat/gui.pref.tcl ...
Saving mode setting ...
Saving global file ...
Saving Drc markers ...
... No Drc file written since there is no markers found.
Saving special route data file in separate thread ...
Saving PG Conn data in separate thread ...
Saving placement file in separate thread ...
Saving route file in separate thread ...
Saving property file in separate thread ...
** Saving stdCellPlacement_binary (version# 2) ...
TAT_INFO: ::saveSpecialRoute REAL = 0 : CPU = 0 : MEM = 0.
TAT_INFO: savePGConnFile REAL = 0 : CPU = 0 : MEM = 0.
Saving property file setup.dat/aes.prop
Save Adaptive View Pruning View Names to Binary file
TAT_INFO: ::savePlace REAL = 0 : CPU = 0 : MEM = 0.
*** Completed saveProperty (cpu=0:00:00.0 real=0:00:00.0 mem=1099.4M) ***
*** Completed saveRoute (cpu=0:00:00.0 real=0:00:01.0 mem=1099.4M) ***
TAT_INFO: ::saveRoute REAL = 1 : CPU = 0 : MEM = 0.
TAT_INFO: ::db::saveAnnotationAndProp REAL = 0 : CPU = 0 : MEM = 0.
TAT_INFO: ::db::saveSymbolTable REAL = 0 : CPU = 0 : MEM = 0.
TAT_INFO: ::saveCongMap REAL = 0 : CPU = 0 : MEM = 0.
% Begin Save power constraints data ... (date=10/08 20:41:10, mem=823.3M)
% End Save power constraints data ... (date=10/08 20:41:10, total cpu=0:00:00.0, real=0:00:00.0, peak res=823.4M, current mem=823.4M)
generic_rc_corner
Generated self-contained design setup.dat
#% End save design ... (date=10/08 20:41:13, total cpu=0:00:03.4, real=0:00:04.0, peak res=849.8M, current mem=824.0M)
*** Message Summary: 0 warning(s), 0 error(s)

<CMD> getIoFlowFlag
<CMD> setIoFlowFlag 0
<CMD> floorPlan -coreMarginsBy die -site FreePDK45_38x28_10R_NP_162NW_34O -r 1.0 0.7 4.0 4.0 4.0 4.0
Generated pitch 1.68 in metal10 is different from 1.6 defined in technology file in preferred direction.
Generated pitch 0.84 in metal8 is different from 0.8 defined in technology file in preferred direction.
Generated pitch 0.84 in metal7 is different from 0.8 defined in technology file in preferred direction.
<CMD> uiSetTool select
<CMD> getIoFlowFlag
<CMD> fit
<CMD> setRouteMode -earlyGlobalHonorMsvRouteConstraint false -earlyGlobalRoutePartitionPinGuide true
<CMD> setEndCapMode -reset
<CMD> setEndCapMode -boundary_tap false
<CMD> setNanoRouteMode -quiet -droutePostRouteSpreadWire 1
<CMD> setNanoRouteMode -quiet -timingEngine {}
<CMD> setUsefulSkewMode -maxSkew false -noBoundary false -useCells {CLKBUF_X3 CLKBUF_X2 CLKBUF_X1 BUF_X32 BUF_X16 BUF_X8 BUF_X4 BUF_X2 BUF_X1 INV_X32 INV_X16 INV_X8 INV_X4 INV_X2 INV_X1} -maxAllowedDelay 1
<CMD> setPlaceMode -reset
<CMD> setPlaceMode -congEffort low -timingDriven 0 -clkGateAware 1 -powerDriven 0 -ignoreScan 1 -reorderScan 1 -ignoreSpare 0 -placeIOPins 1 -moduleAwareSpare 0 -preserveRouting 1 -rmAffectedRouting 0 -checkRoute 0 -swapEEQ 0
<CMD> setPlaceMode -fp false
<CMD> place_design
*** Starting placeDesign default flow ***
*** Start deleteBufferTree ***
Multithreaded Timing Analysis is initialized with 8 threads

Info: Detect buffers to remove automatically.
Analyzing netlist ...
Updating netlist
AAE DB initialization (MEM=1283.62 CPU=0:00:00.0 REAL=0:00:00.0) 
siFlow : Timing analysis mode is single, using late cdB files

*summary: 891 instances (buffers/inverters) removed
*** Finish deleteBufferTree (0:00:01.5) ***
Deleted 0 physical inst  (cell - / prefix -).
INFO: #ExclusiveGroups=0
INFO: There are no Exclusive Groups.
Extracting standard cell pins and blockage ...... 
Pin and blockage extraction finished
Extracting macro/IO cell pins and blockage ...... 
Pin and blockage extraction finished
*** Starting "NanoPlace(TM) placement v#2 (mem=1307.7M)" ...
No user-set net weight.
Net fanout histogram:
2		: 9083 (56.6%) nets
3		: 3849 (24.0%) nets
4     -	14	: 2883 (18.0%) nets
15    -	39	: 135 (0.8%) nets
40    -	79	: 59 (0.4%) nets
80    -	159	: 40 (0.2%) nets
160   -	319	: 5 (0.0%) nets
320   -	639	: 0 (0.0%) nets
640   -	1279	: 0 (0.0%) nets
1280  -	2559	: 0 (0.0%) nets
2560  -	5119	: 1 (0.0%) nets
5120+		: 0 (0.0%) nets
Options: clkGateAware ignoreScan pinGuide congEffort=low gpeffort=medium 
**WARN: (IMPSP-9042):	Scan chains were not defined, -place_global_ignore_scan option will be ignored.
Define the scan chains before using this option.
Type 'man IMPSP-9042' for more detail.
#std cell=15670 (0 fixed + 15670 movable) #buf cell=48 #inv cell=1658 #block=0 (0 floating + 0 preplaced)
#ioInst=0 #net=16038 #term=61222 #term/net=3.82, #fixedIo=0, #floatIo=0, #fixedPin=0, #floatPin=76
stdCell: 15670 single + 0 double + 0 multi
Total standard cell length = 24.7365 (mm), area = 0.0346 (mm^2)
Estimated cell power/ground rail width = 0.175 um
Average module density = 0.680.
Density for the design = 0.680.
       = stdcell_area 130192 sites (34631 um^2) / alloc_area 191429 sites (50920 um^2).
Pin Density = 0.3198.
            = total # of pins 61222 / total area 191429.
Enabling multi-CPU acceleration with 8 CPU(s) for placement
=== lastAutoLevel = 9 
**WARN: (IMPSP-9531):	Turning off clkGateAware when timingDriven is off
Iteration  1: Total net bbox = 9.585e-09 (1.39e-09 8.20e-09)
              Est.  stn bbox = 1.013e-08 (1.52e-09 8.62e-09)
              cpu = 0:00:00.1 real = 0:00:00.0 mem = 1464.3M
Iteration  2: Total net bbox = 9.585e-09 (1.39e-09 8.20e-09)
              Est.  stn bbox = 1.013e-08 (1.52e-09 8.62e-09)
              cpu = 0:00:00.0 real = 0:00:00.0 mem = 1464.3M
Iteration  3: Total net bbox = 3.405e+02 (1.86e+02 1.55e+02)
              Est.  stn bbox = 4.816e+02 (2.58e+02 2.24e+02)
              cpu = 0:00:00.7 real = 0:00:00.0 mem = 1716.8M
Iteration  4: Total net bbox = 1.466e+05 (6.79e+04 7.87e+04)
              Est.  stn bbox = 1.945e+05 (8.81e+04 1.06e+05)
              cpu = 0:00:05.8 real = 0:00:01.0 mem = 1716.8M
Iteration  5: Total net bbox = 1.598e+05 (8.02e+04 7.96e+04)
              Est.  stn bbox = 2.231e+05 (1.11e+05 1.12e+05)
              cpu = 0:00:07.0 real = 0:00:02.0 mem = 1717.8M
Iteration  6: Total net bbox = 1.738e+05 (8.28e+04 9.10e+04)
              Est.  stn bbox = 2.427e+05 (1.16e+05 1.27e+05)
              cpu = 0:00:09.9 real = 0:00:02.0 mem = 1848.7M
Iteration  7: Total net bbox = 1.817e+05 (8.75e+04 9.42e+04)
              Est.  stn bbox = 2.516e+05 (1.21e+05 1.31e+05)
              cpu = 0:00:00.0 real = 0:00:00.0 mem = 1624.7M
Iteration  8: Total net bbox = 1.817e+05 (8.75e+04 9.42e+04)
              Est.  stn bbox = 2.516e+05 (1.21e+05 1.31e+05)
              cpu = 0:00:00.0 real = 0:00:00.0 mem = 1624.7M
Iteration  9: Total net bbox = 2.107e+05 (1.04e+05 1.07e+05)
              Est.  stn bbox = 2.881e+05 (1.41e+05 1.47e+05)
              cpu = 0:00:12.5 real = 0:00:03.0 mem = 1624.7M
Iteration 10: Total net bbox = 2.107e+05 (1.04e+05 1.07e+05)
              Est.  stn bbox = 2.881e+05 (1.41e+05 1.47e+05)
              cpu = 0:00:00.0 real = 0:00:00.0 mem = 1624.7M
Iteration 11: Total net bbox = 2.191e+05 (1.07e+05 1.12e+05)
              Est.  stn bbox = 2.959e+05 (1.44e+05 1.52e+05)
              cpu = 0:00:02.4 real = 0:00:01.0 mem = 1841.7M
Iteration 12: Total net bbox = 2.225e+05 (1.10e+05 1.13e+05)
              Est.  stn bbox = 2.994e+05 (1.47e+05 1.53e+05)
              cpu = 0:00:28.7 real = 0:00:05.0 mem = 1617.7M
Iteration 13: Total net bbox = 2.225e+05 (1.10e+05 1.13e+05)
              Est.  stn bbox = 2.994e+05 (1.47e+05 1.53e+05)
              cpu = 0:00:00.0 real = 0:00:00.0 mem = 1617.7M
Iteration 14: Total net bbox = 2.225e+05 (1.10e+05 1.13e+05)
              Est.  stn bbox = 2.994e+05 (1.47e+05 1.53e+05)
              cpu = 0:00:00.0 real = 0:00:00.0 mem = 1617.7M
*** cost = 2.225e+05 (1.10e+05 1.13e+05) (cpu for global=0:01:05) real=0:00:14.0***
Placement multithread real runtime: 0:00:14.0 with 8 threads.
Solver runtime cpu: 0:01:03 real: 0:00:12.0
Core Placement runtime cpu: 0:01:05 real: 0:00:13.0
**WARN: (IMPSP-9025):	No scan chain specified/traced.
Type 'man IMPSP-9025' for more detail.
*** Starting refinePlace (0:02:01 mem=1617.7M) ***
Total net bbox length = 2.260e+05 (1.129e+05 1.131e+05) (ext = 4.154e+03)
Move report: Detail placement moves 15670 insts, mean move: 0.90 um, max move: 22.01 um
	Max move on inst (block_reg_reg[0][8]): (84.08, 127.26) --> (74.67, 114.66)
	Runtime: CPU: 0:00:03.0 REAL: 0:00:01.0 MEM: 1617.7MB
Summary Report:
Instances move: 15670 (out of 15670 movable)
Instances flipped: 0
Mean displacement: 0.90 um
Max displacement: 22.01 um (Instance: block_reg_reg[0][8]) (84.0805, 127.26) -> (74.67, 114.66)
	Length: 25 sites, height: 1 rows, site name: FreePDK45_38x28_10R_NP_162NW_34O, cell type: SDFFR_X1
Total net bbox length = 2.231e+05 (1.091e+05 1.140e+05) (ext = 4.142e+03)
Runtime: CPU: 0:00:03.0 REAL: 0:00:01.0 MEM: 1617.7MB
*** Finished refinePlace (0:02:04 mem=1617.7M) ***
*** End of Placement (cpu=0:01:09, real=0:00:15.0, mem=1617.7M) ***
default core: bins with density > 0.750 = 28.72 % ( 83 / 289 )
Density distribution unevenness ratio = 7.368%
Starting IO pin assignment...
The design is not routed. Using placement based method for pin assignment.
Completed IO pin assignment.
Info: Disable timing driven in postCTS congRepair.

Starting congRepair ...
Collecting buffer chain nets ...
[NR-eGR] Track table information for default rule: 
[NR-eGR] metal1 has no routable track
[NR-eGR] metal2 has single uniform track structure
[NR-eGR] metal3 has single uniform track structure
[NR-eGR] metal4 has single uniform track structure
[NR-eGR] metal5 has single uniform track structure
[NR-eGR] metal6 has single uniform track structure
[NR-eGR] metal7 has single uniform track structure
[NR-eGR] metal8 has single uniform track structure
[NR-eGR] metal9 has single uniform track structure
[NR-eGR] metal10 has single uniform track structure
[NR-eGR] Started Read PG Shapes ( Curr Mem: 1662.85 MB )
[NR-eGR] Read 0 PG shapes
[NR-eGR] Finished Read PG Shapes ( CPU: 0.00 sec, Real: 0.00 sec, Curr Mem: 1662.85 MB )
[NR-eGR] #Routing Blockages  : 0
[NR-eGR] #Instance Blockages : 0
[NR-eGR] #PG Blockages       : 0
[NR-eGR] #Halo Blockages     : 0
[NR-eGR] #Boundary Blockages : 0
[NR-eGR] Num Prerouted Nets = 0  Num Prerouted Wires = 0
[NR-eGR] Read numTotalNets=16055  numIgnoredNets=0
[NR-eGR] There are 49 clock nets ( 0 with NDR ).
[NR-eGR] ============ Routing rule table ============
[NR-eGR] Rule id: 0  Nets: 16055 
[NR-eGR] ========================================
[NR-eGR] 
[NR-eGR] Layer group 1: route 16055 net(s) in layer range [2, 10]
[NR-eGR] Early Global Route overflow of layer group 1: 0.00% H + 0.00% V. EstWL: 2.939496e+05um
[NR-eGR] Congestion Analysis By layer: (blocked Gcells are excluded) 
[NR-eGR]                        OverCon           OverCon            
[NR-eGR]                         #Gcell            #Gcell     %Gcell
[NR-eGR]       Layer                (1)               (3)    OverCon 
[NR-eGR] ---------------------------------------------------------------
[NR-eGR]  metal1  (1)         0( 0.00%)         0( 0.00%)   ( 0.00%) 
[NR-eGR]  metal2  (2)        25( 0.09%)         0( 0.00%)   ( 0.09%) 
[NR-eGR]  metal3  (3)         3( 0.01%)         1( 0.00%)   ( 0.01%) 
[NR-eGR]  metal4  (4)        20( 0.07%)         0( 0.00%)   ( 0.07%) 
[NR-eGR]  metal5  (5)         3( 0.01%)         0( 0.00%)   ( 0.01%) 
[NR-eGR]  metal6  (6)         0( 0.00%)         0( 0.00%)   ( 0.00%) 
[NR-eGR]  metal7  (7)         0( 0.00%)         0( 0.00%)   ( 0.00%) 
[NR-eGR]  metal8  (8)         0( 0.00%)         0( 0.00%)   ( 0.00%) 
[NR-eGR]  metal9  (9)         0( 0.00%)         0( 0.00%)   ( 0.00%) 
[NR-eGR] metal10 (10)         0( 0.00%)         0( 0.00%)   ( 0.00%) 
[NR-eGR] ---------------------------------------------------------------
[NR-eGR] Total               51( 0.02%)         1( 0.00%)   ( 0.02%) 
[NR-eGR] 
[NR-eGR] Overflow after Early Global Route (GR compatible) 0.00% H + 0.00% V
[NR-eGR] Overflow after Early Global Route 0.00% H + 0.00% V
Early Global Route congestion estimation runtime: 0.70 seconds, mem = 1667.5M
Local HotSpot Analysis: normalized max congestion hotspot area = 0.00, normalized total congestion hotspot area = 0.00 (area is in unit of 4 std-cell row bins)
Skipped repairing congestion.
[NR-eGR] Started Export DB wires ( Curr Mem: 1669.52 MB )
[NR-eGR] Started Export all nets ( Curr Mem: 1669.52 MB )
[NR-eGR] Finished Export all nets ( CPU: 0.09 sec, Real: 0.08 sec, Curr Mem: 1676.52 MB )
[NR-eGR] Started Set wire vias ( Curr Mem: 1676.52 MB )
[NR-eGR] Finished Set wire vias ( CPU: 0.02 sec, Real: 0.02 sec, Curr Mem: 1676.52 MB )
[NR-eGR] Finished Export DB wires ( CPU: 0.11 sec, Real: 0.10 sec, Curr Mem: 1676.52 MB )
[NR-eGR] --------------------------------------------------------------------------
[NR-eGR] metal1  (1F) length: 0.000000e+00um, number of vias: 62995
[NR-eGR] metal2  (2V) length: 6.867101e+04um, number of vias: 81875
[NR-eGR] metal3  (3H) length: 1.191191e+05um, number of vias: 30849
[NR-eGR] metal4  (4V) length: 5.139485e+04um, number of vias: 5617
[NR-eGR] metal5  (5H) length: 2.832847e+04um, number of vias: 4806
[NR-eGR] metal6  (6V) length: 3.578335e+04um, number of vias: 481
[NR-eGR] metal7  (7H) length: 3.683400e+03um, number of vias: 223
[NR-eGR] metal8  (8V) length: 3.006700e+03um, number of vias: 4
[NR-eGR] metal9  (9H) length: 1.680000e+00um, number of vias: 0
[NR-eGR] metal10 (10V) length: 0.000000e+00um, number of vias: 0
[NR-eGR] Total length: 3.099885e+05um, number of vias: 186850
[NR-eGR] --------------------------------------------------------------------------
[NR-eGR] Total eGR-routed clock nets wire length: 1.332464e+04um 
[NR-eGR] --------------------------------------------------------------------------
Early Global Route wiring runtime: 0.70 seconds, mem = 1676.5M
Tdgp not successfully inited but do clear! skip clearing
End of congRepair (cpu=0:00:01.4, real=0:00:00.0)
*** Finishing placeDesign default flow ***
**placeDesign ... cpu = 0: 1:12, real = 0: 0:18, mem = 1673.5M **
Tdgp not successfully inited but do clear! skip clearing

*** Summary of all messages that are not suppressed in this session:
Severity  ID               Count  Summary                                  
WARNING   IMPSP-9531           1  Turning off clkGateAware when timingDriv...
WARNING   IMPSP-9025           1  No scan chain specified/traced.          
WARNING   IMPSP-9042           1  Scan chains were not defined, -place_glo...
*** Message Summary: 3 warning(s), 0 error(s)

<CMD> setLayerPreference node_route -isVisible 0
<CMD> setLayerPreference node_route -isVisible 1
<CMD> setLayerPreference node_net -isVisible 0
<CMD> setLayerPreference clock -isVisible 1
<CMD> clearGlobalNets
<CMD> globalNetConnect VDD -type pgpin -pin VDD -instanceBasename *
<CMD> globalNetConnect VSS -type pgpin -pin VSS -instanceBasename *
<CMD> set sprCreateIeRingOffset 1.0
<CMD> set sprCreateIeRingThreshold 1.0
<CMD> set sprCreateIeRingJogDistance 1.0
<CMD> set sprCreateIeRingLayers {}
<CMD> set sprCreateIeRingOffset 1.0
<CMD> set sprCreateIeRingThreshold 1.0
<CMD> set sprCreateIeRingJogDistance 1.0
<CMD> set sprCreateIeRingLayers {}
<CMD> set sprCreateIeStripeWidth 10.0
<CMD> set sprCreateIeStripeThreshold 1.0
<CMD> set sprCreateIeStripeWidth 10.0
<CMD> set sprCreateIeStripeThreshold 1.0
<CMD> set sprCreateIeRingOffset 1.0
<CMD> set sprCreateIeRingThreshold 1.0
<CMD> set sprCreateIeRingJogDistance 1.0
<CMD> set sprCreateIeRingLayers {}
<CMD> set sprCreateIeStripeWidth 10.0
<CMD> set sprCreateIeStripeThreshold 1.0
<CMD> setAddRingMode -ring_target default -extend_over_row 0 -ignore_rows 0 -avoid_short 0 -skip_crossing_trunks none -stacked_via_top_layer metal10 -stacked_via_bottom_layer metal1 -via_using_exact_crossover_size 1 -orthogonal_only true -skip_via_on_pin {  standardcell } -skip_via_on_wire_shape {  noshape }
The ring targets are set to core/block ring wires.
addRing command will consider rows while creating rings.
addRing command will disallow rings to go over rows.
addRing command will ignore shorts while creating rings.
<CMD> addRing -nets VDD -type core_rings -follow core -layer {top metal7 bottom metal7 left metal6 right metal6} -width {top 0.6 bottom 0.6 left 0.6 right 0.6} -spacing {top 0.5 bottom 0.5 left 0.5 right 0.5} -offset {top 1.8 bottom 1.8 left 1.8 right 1.8} -center 1 -threshold 0 -jog_distance 0 -snap_wire_center_to_grid None

Loading cell geometries (cpu: 0:00:00.0, real: 0:00:00.0, peak mem: 1698.1M)
Ring generation is complete.
vias are now being generated.
addRing created 4 wires.
ViaGen created 4 vias, deleted 0 via to avoid violation.
+--------+----------------+----------------+
|  Layer |     Created    |     Deleted    |
+--------+----------------+----------------+
| metal6 |        2       |       NA       |
|  via6  |        4       |        0       |
| metal7 |        2       |       NA       |
+--------+----------------+----------------+
<CMD> set sprCreateIeRingOffset 1.0
<CMD> set sprCreateIeRingThreshold 1.0
<CMD> set sprCreateIeRingJogDistance 1.0
<CMD> set sprCreateIeRingLayers {}
<CMD> set sprCreateIeRingOffset 1.0
<CMD> set sprCreateIeRingThreshold 1.0
<CMD> set sprCreateIeRingJogDistance 1.0
<CMD> set sprCreateIeRingLayers {}
<CMD> set sprCreateIeStripeWidth 10.0
<CMD> set sprCreateIeStripeThreshold 1.0
<CMD> set sprCreateIeStripeWidth 10.0
<CMD> set sprCreateIeStripeThreshold 1.0
<CMD> set sprCreateIeRingOffset 1.0
<CMD> set sprCreateIeRingThreshold 1.0
<CMD> set sprCreateIeRingJogDistance 1.0
<CMD> set sprCreateIeRingLayers {}
<CMD> set sprCreateIeStripeWidth 10.0
<CMD> set sprCreateIeStripeThreshold 1.0
<CMD> setAddStripeMode -ignore_block_check false -break_at none -route_over_rows_only false -rows_without_stripes_only false -extend_to_closest_target none -stop_at_last_wire_for_area false -partial_set_thru_domain false -ignore_nondefault_domains false -trim_antenna_back_to_shape none -spacing_type edge_to_edge -spacing_from_block 0 -stripe_min_length stripe_width -stacked_via_top_layer metal10 -stacked_via_bottom_layer metal1 -via_using_exact_crossover_size false -split_vias false -orthogonal_only true -allow_jog { padcore_ring  block_ring } -skip_via_on_pin {  standardcell } -skip_via_on_wire_shape {  noshape   }
addStripe will allow jog to connect padcore ring and block ring.

Stripes will stop at the boundary of the specified area.
When breaking rings, the power planner will consider the existence of blocks.
Stripes will not extend to closest target.
The power planner will set stripe antenna targets to none (no trimming allowed).
Stripes will not be created over regions without power planning wires.
The entire stripe set will break at the domain if one of the nets is not in the domain.
addStripe will break automatically at non-default domains when generating global stripes over the core area or default domain.
Offset for stripe breaking is set to 0.
<CMD> addStripe -nets VDD -layer metal6 -direction vertical -width 0.4 -spacing 0.5 -set_to_set_distance 5 -start_from left -start_offset 0.5 -switch_layer_over_obs false -max_same_layer_jog_length 2 -padcore_ring_top_layer_limit metal10 -padcore_ring_bottom_layer_limit metal1 -block_ring_top_layer_limit metal10 -block_ring_bottom_layer_limit metal1 -use_wire_group 0 -snap_wire_center_to_grid None

Initialize fgc environment(mem: 1724.9M) ...  fail and won't use fgc to check drc(cpu: 0:00:00.0, real: 0:00:00.0, peak mem: 1724.9M)
**WARN: (IMPPP-133):	The block boundary of instance 'FE_DBTC51_core_keymem_n_109273' was increased to (26.980000 41.860001) (27.360001 43.345001) because cell geometry (27.090000 43.174999) (27.360001 43.345001) was outside the original block boundary.
Type 'man IMPPP-133' for more detail.
**WARN: (IMPPP-133):	The block boundary of instance 'FE_DBTC49_core_keymem_n_110849' was increased to (50.160000 187.460007) (50.540001 188.945007) because cell geometry (50.160000 188.774994) (50.430000 188.945007) was outside the original block boundary.
Type 'man IMPPP-133' for more detail.
**WARN: (IMPPP-133):	The block boundary of instance 'FE_DBTC45_core_keymem_n_109277' was increased to (57.380001 30.660000) (57.759998 32.145000) because cell geometry (57.490002 31.975000) (57.759998 32.145000) was outside the original block boundary.
Type 'man IMPPP-133' for more detail.
**WARN: (IMPPP-133):	The block boundary of instance 'FE_DBTC43_core_keymem_round_ctr_reg_0' was increased to (83.790001 53.060001) (84.169998 54.544998) because cell geometry (83.790001 54.375000) (84.059998 54.544998) was outside the original block boundary.
Type 'man IMPPP-133' for more detail.
**WARN: (IMPPP-133):	The block boundary of instance 'FE_DBTC41_n_1531' was increased to (97.089996 139.860001) (97.660004 141.345001) because cell geometry (97.230003 141.175003) (97.535004 141.345001) was outside the original block boundary.
Type 'man IMPPP-133' for more detail.
**WARN: (IMPPP-133):	The block boundary of instance 'FE_DBTC40_core_new_sboxw_11' was increased to (44.459999 125.860001) (44.840000 127.345001) because cell geometry (44.570000 127.175003) (44.840000 127.345001) was outside the original block boundary.
Type 'man IMPPP-133' for more detail.
**WARN: (IMPPP-133):	The block boundary of instance 'FE_DBTC38_core_dec_block_n_541' was increased to (129.389999 67.059998) (129.770004 68.544998) because cell geometry (129.500000 68.375000) (129.770004 68.544998) was outside the original block boundary.
Type 'man IMPPP-133' for more detail.
**WARN: (IMPPP-133):	The block boundary of instance 'FE_DBTC35_core_dec_block_n_1122' was increased to (148.009995 86.660004) (148.389999 88.144997) because cell geometry (148.119995 87.974998) (148.389999 88.144997) was outside the original block boundary.
Type 'man IMPPP-133' for more detail.
**WARN: (IMPPP-133):	The block boundary of instance 'FE_DBTC30_n_4252' was increased to (225.529999 181.860001) (225.910004 183.345001) because cell geometry (225.639999 183.175003) (225.910004 183.345001) was outside the original block boundary.
Type 'man IMPPP-133' for more detail.
**WARN: (IMPPP-133):	The block boundary of instance 'FE_DBTC25_n_4148' was increased to (225.910004 221.059998) (226.289993 222.544998) because cell geometry (226.020004 222.375000) (226.289993 222.544998) was outside the original block boundary.
Type 'man IMPPP-133' for more detail.
**WARN: (IMPPP-133):	The block boundary of instance 'FE_DBTC10_n_1713' was increased to (8.170000 218.259995) (8.740000 219.744995) because cell geometry (8.310000 219.574997) (8.615000 219.744995) was outside the original block boundary.
Type 'man IMPPP-133' for more detail.
**WARN: (IMPPP-133):	The block boundary of instance 'FE_DBTC5_core_new_sboxw_4' was increased to (137.559998 142.660004) (137.940002 144.145004) because cell geometry (137.669998 143.975006) (137.940002 144.145004) was outside the original block boundary.
Type 'man IMPPP-133' for more detail.
**WARN: (IMPPP-133):	The block boundary of instance 'FE_DBTC2_core_keymem_n_113821' was increased to (52.820000 179.059998) (53.389999 180.544998) because cell geometry (52.945000 180.375000) (53.250000 180.544998) was outside the original block boundary.
Type 'man IMPPP-133' for more detail.
**WARN: (IMPPP-133):	The block boundary of instance 'FE_RC_1744_0' was increased to (140.789993 120.260002) (141.360001 121.745003) because cell geometry (140.929993 121.574997) (141.235001 121.745003) was outside the original block boundary.
Type 'man IMPPP-133' for more detail.
**WARN: (IMPPP-133):	The block boundary of instance 'FE_RC_1736_0' was increased to (170.429993 218.259995) (171.380005 219.744995) because cell geometry (170.429993 219.574997) (171.070007 219.744995) was outside the original block boundary.
Type 'man IMPPP-133' for more detail.
**WARN: (IMPPP-133):	The block boundary of instance 'FE_RC_1735_0' was increased to (200.830002 194.375000) (201.779999 195.860001) because cell geometry (201.134995 194.375000) (201.630005 194.544998) was outside the original block boundary.
Type 'man IMPPP-133' for more detail.
**WARN: (IMPPP-133):	The block boundary of instance 'FE_RC_1733_0' was increased to (142.309998 106.260002) (142.880005 107.745003) because cell geometry (142.449997 107.574997) (142.755005 107.745003) was outside the original block boundary.
Type 'man IMPPP-133' for more detail.
**WARN: (IMPPP-133):	The block boundary of instance 'FE_RC_1732_0' was increased to (141.550003 106.260002) (142.119995 107.745003) because cell geometry (141.690002 107.574997) (141.994995 107.745003) was outside the original block boundary.
Type 'man IMPPP-133' for more detail.
**WARN: (IMPPP-133):	The block boundary of instance 'FE_RC_1730_0' was increased to (136.610001 76.775002) (137.940002 78.260002) because cell geometry (137.095001 76.775002) (137.785004 76.945000) was outside the original block boundary.
Type 'man IMPPP-133' for more detail.
**WARN: (IMPPP-133):	The block boundary of instance 'FE_RC_1725_0' was increased to (212.990005 55.860001) (213.750000 57.345001) because cell geometry (213.100006 57.174999) (213.750000 57.345001) was outside the original block boundary.
Type 'man IMPPP-133' for more detail.
**WARN: (EMS-27):	Message (IMPPP-133) has exceeded the current message display limit of 20.
To increase the message display limit, refer to the product command reference manual.
Loading cell geometries (cpu: 0:00:00.3, real: 0:00:00.0, peak mem: 1724.9M)
Loading wires (cpu: 0:00:00.2, real: 0:00:00.0, peak mem: 1744.9M)
Loading via instances (cpu: 0:00:00.0, real: 0:00:00.0, peak mem: 1753.9M)
Starting stripe generation ...
Non-Default Mode Option Settings :
  NONE
**WARN: (IMPPP-4055):	The run time of addStripe will degrade with multiple cpu setting according to the number of stripe sets, ignore the setting of setMultiCpuUsage in addStripe.
Type 'man IMPPP-4055' for more detail.
Completing 10% stripe generation(cpu: 0:00:00.0, real: 0:00:00.0, peak mem: 1764.9M)
Completing 20% stripe generation(cpu: 0:00:00.0, real: 0:00:00.0, peak mem: 1764.9M)
Completing 30% stripe generation(cpu: 0:00:00.0, real: 0:00:00.0, peak mem: 1764.9M)
Completing 40% stripe generation(cpu: 0:00:00.0, real: 0:00:00.0, peak mem: 1764.9M)
Completing 50% stripe generation(cpu: 0:00:00.0, real: 0:00:00.0, peak mem: 1764.9M)
Completing 60% stripe generation(cpu: 0:00:00.0, real: 0:00:00.0, peak mem: 1764.9M)
Completing 70% stripe generation(cpu: 0:00:00.0, real: 0:00:00.0, peak mem: 1764.9M)
Completing 80% stripe generation(cpu: 0:00:00.0, real: 0:00:00.0, peak mem: 1764.9M)
Completing 90% stripe generation(cpu: 0:00:00.0, real: 0:00:00.0, peak mem: 1764.9M)
Completing 100% stripe generation(cpu: 0:00:00.0, real: 0:00:00.0, peak mem: 1764.9M)
Stripe generation is complete.
vias are now being generated.
addStripe created 46 wires.
ViaGen created 92 vias, deleted 0 via to avoid violation.
+--------+----------------+----------------+
|  Layer |     Created    |     Deleted    |
+--------+----------------+----------------+
| metal6 |       46       |       NA       |
|  via6  |       92       |        0       |
+--------+----------------+----------------+
<CMD> setAddStripeMode -ignore_block_check false -break_at none -route_over_rows_only false -rows_without_stripes_only false -extend_to_closest_target none -stop_at_last_wire_for_area false -partial_set_thru_domain false -ignore_nondefault_domains false -trim_antenna_back_to_shape none -spacing_type edge_to_edge -spacing_from_block 0 -stripe_min_length stripe_width -stacked_via_top_layer metal10 -stacked_via_bottom_layer metal1 -via_using_exact_crossover_size false -split_vias false -orthogonal_only true -allow_jog { padcore_ring  block_ring } -skip_via_on_pin {  standardcell } -skip_via_on_wire_shape {  noshape   }
addStripe will allow jog to connect padcore ring and block ring.

Stripes will stop at the boundary of the specified area.
When breaking rings, the power planner will consider the existence of blocks.
Stripes will not extend to closest target.
The power planner will set stripe antenna targets to none (no trimming allowed).
Stripes will not be created over regions without power planning wires.
The entire stripe set will break at the domain if one of the nets is not in the domain.
addStripe will break automatically at non-default domains when generating global stripes over the core area or default domain.
Offset for stripe breaking is set to 0.
<CMD> addStripe -nets VDD -layer metal7 -direction horizontal -width 0.4 -spacing 0.5 -set_to_set_distance 5 -start_from bottom -start_offset 0.5 -switch_layer_over_obs false -max_same_layer_jog_length 2 -padcore_ring_top_layer_limit metal10 -padcore_ring_bottom_layer_limit metal1 -block_ring_top_layer_limit metal10 -block_ring_bottom_layer_limit metal1 -use_wire_group 0 -snap_wire_center_to_grid None

Initialize fgc environment(mem: 1764.9M) ...  fail and won't use fgc to check drc(cpu: 0:00:00.0, real: 0:00:00.0, peak mem: 1764.9M)
**WARN: (IMPPP-133):	The block boundary of instance 'FE_DBTC51_core_keymem_n_109273' was increased to (26.980000 41.860001) (27.360001 43.345001) because cell geometry (27.090000 43.174999) (27.360001 43.345001) was outside the original block boundary.
Type 'man IMPPP-133' for more detail.
**WARN: (IMPPP-133):	The block boundary of instance 'FE_DBTC49_core_keymem_n_110849' was increased to (50.160000 187.460007) (50.540001 188.945007) because cell geometry (50.160000 188.774994) (50.430000 188.945007) was outside the original block boundary.
Type 'man IMPPP-133' for more detail.
**WARN: (IMPPP-133):	The block boundary of instance 'FE_DBTC45_core_keymem_n_109277' was increased to (57.380001 30.660000) (57.759998 32.145000) because cell geometry (57.490002 31.975000) (57.759998 32.145000) was outside the original block boundary.
Type 'man IMPPP-133' for more detail.
**WARN: (IMPPP-133):	The block boundary of instance 'FE_DBTC43_core_keymem_round_ctr_reg_0' was increased to (83.790001 53.060001) (84.169998 54.544998) because cell geometry (83.790001 54.375000) (84.059998 54.544998) was outside the original block boundary.
Type 'man IMPPP-133' for more detail.
**WARN: (IMPPP-133):	The block boundary of instance 'FE_DBTC41_n_1531' was increased to (97.089996 139.860001) (97.660004 141.345001) because cell geometry (97.230003 141.175003) (97.535004 141.345001) was outside the original block boundary.
Type 'man IMPPP-133' for more detail.
**WARN: (IMPPP-133):	The block boundary of instance 'FE_DBTC40_core_new_sboxw_11' was increased to (44.459999 125.860001) (44.840000 127.345001) because cell geometry (44.570000 127.175003) (44.840000 127.345001) was outside the original block boundary.
Type 'man IMPPP-133' for more detail.
**WARN: (IMPPP-133):	The block boundary of instance 'FE_DBTC38_core_dec_block_n_541' was increased to (129.389999 67.059998) (129.770004 68.544998) because cell geometry (129.500000 68.375000) (129.770004 68.544998) was outside the original block boundary.
Type 'man IMPPP-133' for more detail.
**WARN: (IMPPP-133):	The block boundary of instance 'FE_DBTC35_core_dec_block_n_1122' was increased to (148.009995 86.660004) (148.389999 88.144997) because cell geometry (148.119995 87.974998) (148.389999 88.144997) was outside the original block boundary.
Type 'man IMPPP-133' for more detail.
**WARN: (IMPPP-133):	The block boundary of instance 'FE_DBTC30_n_4252' was increased to (225.529999 181.860001) (225.910004 183.345001) because cell geometry (225.639999 183.175003) (225.910004 183.345001) was outside the original block boundary.
Type 'man IMPPP-133' for more detail.
**WARN: (IMPPP-133):	The block boundary of instance 'FE_DBTC25_n_4148' was increased to (225.910004 221.059998) (226.289993 222.544998) because cell geometry (226.020004 222.375000) (226.289993 222.544998) was outside the original block boundary.
Type 'man IMPPP-133' for more detail.
**WARN: (IMPPP-133):	The block boundary of instance 'FE_DBTC10_n_1713' was increased to (8.170000 218.259995) (8.740000 219.744995) because cell geometry (8.310000 219.574997) (8.615000 219.744995) was outside the original block boundary.
Type 'man IMPPP-133' for more detail.
**WARN: (IMPPP-133):	The block boundary of instance 'FE_DBTC5_core_new_sboxw_4' was increased to (137.559998 142.660004) (137.940002 144.145004) because cell geometry (137.669998 143.975006) (137.940002 144.145004) was outside the original block boundary.
Type 'man IMPPP-133' for more detail.
**WARN: (IMPPP-133):	The block boundary of instance 'FE_DBTC2_core_keymem_n_113821' was increased to (52.820000 179.059998) (53.389999 180.544998) because cell geometry (52.945000 180.375000) (53.250000 180.544998) was outside the original block boundary.
Type 'man IMPPP-133' for more detail.
**WARN: (IMPPP-133):	The block boundary of instance 'FE_RC_1744_0' was increased to (140.789993 120.260002) (141.360001 121.745003) because cell geometry (140.929993 121.574997) (141.235001 121.745003) was outside the original block boundary.
Type 'man IMPPP-133' for more detail.
**WARN: (IMPPP-133):	The block boundary of instance 'FE_RC_1736_0' was increased to (170.429993 218.259995) (171.380005 219.744995) because cell geometry (170.429993 219.574997) (171.070007 219.744995) was outside the original block boundary.
Type 'man IMPPP-133' for more detail.
**WARN: (IMPPP-133):	The block boundary of instance 'FE_RC_1735_0' was increased to (200.830002 194.375000) (201.779999 195.860001) because cell geometry (201.134995 194.375000) (201.630005 194.544998) was outside the original block boundary.
Type 'man IMPPP-133' for more detail.
**WARN: (IMPPP-133):	The block boundary of instance 'FE_RC_1733_0' was increased to (142.309998 106.260002) (142.880005 107.745003) because cell geometry (142.449997 107.574997) (142.755005 107.745003) was outside the original block boundary.
Type 'man IMPPP-133' for more detail.
**WARN: (IMPPP-133):	The block boundary of instance 'FE_RC_1732_0' was increased to (141.550003 106.260002) (142.119995 107.745003) because cell geometry (141.690002 107.574997) (141.994995 107.745003) was outside the original block boundary.
Type 'man IMPPP-133' for more detail.
**WARN: (IMPPP-133):	The block boundary of instance 'FE_RC_1730_0' was increased to (136.610001 76.775002) (137.940002 78.260002) because cell geometry (137.095001 76.775002) (137.785004 76.945000) was outside the original block boundary.
Type 'man IMPPP-133' for more detail.
**WARN: (IMPPP-133):	The block boundary of instance 'FE_RC_1725_0' was increased to (212.990005 55.860001) (213.750000 57.345001) because cell geometry (213.100006 57.174999) (213.750000 57.345001) was outside the original block boundary.
Type 'man IMPPP-133' for more detail.
**WARN: (EMS-27):	Message (IMPPP-133) has exceeded the current message display limit of 20.
To increase the message display limit, refer to the product command reference manual.
Loading cell geometries (cpu: 0:00:00.3, real: 0:00:00.0, peak mem: 1764.9M)
Loading wires (cpu: 0:00:00.1, real: 0:00:00.0, peak mem: 1764.9M)
Loading via instances (cpu: 0:00:00.1, real: 0:00:00.0, peak mem: 1764.9M)
Starting stripe generation ...
Non-Default Mode Option Settings :
  NONE
**WARN: (IMPPP-4055):	The run time of addStripe will degrade with multiple cpu setting according to the number of stripe sets, ignore the setting of setMultiCpuUsage in addStripe.
Type 'man IMPPP-4055' for more detail.
Completing 10% stripe generation(cpu: 0:00:00.0, real: 0:00:00.0, peak mem: 1764.9M)
Completing 20% stripe generation(cpu: 0:00:00.0, real: 0:00:00.0, peak mem: 1764.9M)
Completing 30% stripe generation(cpu: 0:00:00.0, real: 0:00:00.0, peak mem: 1764.9M)
Completing 40% stripe generation(cpu: 0:00:00.0, real: 0:00:00.0, peak mem: 1764.9M)
Completing 50% stripe generation(cpu: 0:00:00.0, real: 0:00:00.0, peak mem: 1764.9M)
Completing 60% stripe generation(cpu: 0:00:00.0, real: 0:00:00.0, peak mem: 1764.9M)
Completing 70% stripe generation(cpu: 0:00:00.0, real: 0:00:00.0, peak mem: 1764.9M)
Completing 80% stripe generation(cpu: 0:00:00.0, real: 0:00:00.0, peak mem: 1764.9M)
Completing 90% stripe generation(cpu: 0:00:00.0, real: 0:00:00.0, peak mem: 1764.9M)
Completing 100% stripe generation(cpu: 0:00:00.0, real: 0:00:00.0, peak mem: 1764.9M)
Stripe generation is complete.
vias are now being generated.
addStripe created 45 wires.
ViaGen created 2160 vias, deleted 0 via to avoid violation.
+--------+----------------+----------------+
|  Layer |     Created    |     Deleted    |
+--------+----------------+----------------+
|  via6  |      2160      |        0       |
| metal7 |       45       |       NA       |
+--------+----------------+----------------+
<CMD> setSrouteMode -viaConnectToShape { noshape }
<CMD> sroute -connect { blockPin padPin padRing corePin floatingStripe } -layerChangeRange { metal1(1) metal10(10) } -blockPinTarget { nearestTarget } -padPinPortConnect { allPort oneGeom } -padPinTarget { nearestTarget } -corePinTarget { firstAfterRowEnd } -floatingStripeTarget { blockring padring ring stripe ringpin blockpin followpin } -allowJogging 1 -crossoverViaLayerRange { metal1(1) metal10(10) } -nets { VDD } -allowLayerChange 1 -blockPin useLef -targetViaLayerRange { metal1(1) metal10(10) }
*** Begin SPECIAL ROUTE on Sat Oct  8 20:51:17 2022 ***
SPECIAL ROUTE ran on directory: /users/course/2022F/PDA13400000/g111062625/VLSI-PDA-HW-2022/HW1/test1
SPECIAL ROUTE ran on machine: ic51 (Linux 3.10.0-1160.25.1.el7.x86_64 Xeon 2.90Ghz)

Begin option processing ...
srouteConnectPowerBump set to false
routeSelectNet set to "VDD"
routeSpecial set to true
srouteBlockPin set to "useLef"
srouteBottomLayerLimit set to 1
srouteBottomTargetLayerLimit set to 1
srouteConnectConverterPin set to false
srouteCrossoverViaBottomLayer set to 1
srouteCrossoverViaTopLayer set to 10
srouteFloatingStripeTarget set to "blockring padring ring stripe ringpin blockpin followpin"
srouteFollowCorePinEnd set to 3
srouteJogControl set to "preferWithChanges differentLayer"
srouteNoViaOnWireShape set to "padring ring stripe blockring blockpin coverpin blockwire corewire followpin iowire"
sroutePadPinAllPorts set to true
sroutePreserveExistingRoutes set to true
srouteRoutePowerBarPortOnBothDir set to true
srouteStopBlockPin set to "nearestTarget"
srouteTopLayerLimit set to 10
srouteTopTargetLayerLimit set to 10
End option processing: cpu: 0:00:00, real: 0:00:00, peak: 2981.00 megs.

Reading DB technology information...
Finished reading DB technology information.
Reading floorplan and netlist information...
Finished reading floorplan and netlist information.
Read in 20 layers, 10 routing layers, 1 overlap layer
Read in 134 macros, 76 used
Read in 15670 components
  15670 core components: 0 unplaced, 15670 placed, 0 fixed
Read in 76 physical pins
  76 physical pins: 0 unplaced, 76 placed, 0 fixed
Read in 76 nets
Read in 2 special nets, 1 routed
Read in 31416 terminals
1 net selected.

Begin power routing ...
**WARN: (IMPSR-1254):	Cannot find any block pin of net VDD. Check netlist, or change option to include the pin.
**WARN: (IMPSR-1256):	Cannot find any CORE class pad pin of net VDD. Change routing area or layer to include the expected pin, or check netlist, or change port class in the technology file.
Type 'man IMPSR-1256' for more detail.
Cannot find any AREAIO class pad pin of net VDD. Check net list, or change port class in the technology file, or change option to include pin in given range.
CPU time for FollowPin 0 seconds
  Number of IO ports routed: 0
  Number of Block ports routed: 0
  Number of Stripe ports routed: 0
  Number of Core ports routed: 162
  Number of Pad ports routed: 0
  Number of Power Bump ports routed: 0
  Number of Followpin connections: 81
End power routing: cpu: 0:00:00, real: 0:00:00, peak: 2981.00 megs.



 Begin updating DB with routing results ...
 Updating DB with 76 io pins ...
 Updating DB with 0 via definition ...
sroute created 243 wires.
ViaGen created 810 vias, deleted 0 via to avoid violation.
+--------+----------------+----------------+
|  Layer |     Created    |     Deleted    |
+--------+----------------+----------------+
| metal1 |       243      |       NA       |
|  via1  |       162      |        0       |
|  via2  |       162      |        0       |
|  via3  |       162      |        0       |
|  via4  |       162      |        0       |
|  via5  |       162      |        0       |
+--------+----------------+----------------+
<CMD> setLayerPreference node_net -isVisible 1
<CMD> saveDesign placement
#% Begin save design ... (date=10/08 20:52:10, mem=1094.4M)
% Begin Save ccopt configuration ... (date=10/08 20:52:10, mem=1094.4M)
% End Save ccopt configuration ... (date=10/08 20:52:10, total cpu=0:00:00.0, real=0:00:00.0, peak res=1094.6M, current mem=1094.6M)
% Begin Save netlist data ... (date=10/08 20:52:10, mem=1094.6M)
Writing Binary DB to placement.dat/vbin/aes.v.bin in multi-threaded mode...
% End Save netlist data ... (date=10/08 20:52:10, total cpu=0:00:00.1, real=0:00:00.0, peak res=1094.6M, current mem=1094.5M)
Saving symbol-table file in separate thread ...
Saving congestion map file in separate thread ...
Saving congestion map file placement.dat/aes.route.congmap.gz ...
% Begin Save AAE data ... (date=10/08 20:52:10, mem=1095.0M)
Saving AAE Data ...
% End Save AAE data ... (date=10/08 20:52:10, total cpu=0:00:00.0, real=0:00:00.0, peak res=1095.0M, current mem=1095.0M)
Saving preference file placement.dat/gui.pref.tcl ...
Saving mode setting ...
Saving global file ...
Saving Drc markers ...
... No Drc file written since there is no markers found.
Saving special route data file in separate thread ...
Saving PG file in separate thread ...
Saving placement file in separate thread ...
Saving route file in separate thread ...
Saving property file in separate thread ...
Saving PG file placement.dat/aes.pg.gz, version#2, (Created by Innovus v20.10-p004_1 on Sat Oct  8 20:52:11 2022)
** Saving stdCellPlacement_binary (version# 2) ...
Saving property file placement.dat/aes.prop
TAT_INFO: ::saveSpecialRoute REAL = 0 : CPU = 0 : MEM = 0.
Save Adaptive View Pruning View Names to Binary file
*** Completed saveProperty (cpu=0:00:00.0 real=0:00:00.0 mem=1807.9M) ***
*** Completed savePGFile (cpu=0:00:00.1 real=0:00:00.0 mem=1807.9M) ***
TAT_INFO: ::savePGFile REAL = 0 : CPU = 0 : MEM = 0.
TAT_INFO: ::savePlace REAL = 0 : CPU = 0 : MEM = 0.
*** Completed saveRoute (cpu=0:00:00.1 real=0:00:00.0 mem=1799.8M) ***
TAT_INFO: ::saveRoute REAL = 0 : CPU = 0 : MEM = 0.
TAT_INFO: ::db::saveAnnotationAndProp REAL = 0 : CPU = 0 : MEM = 0.
TAT_INFO: ::db::saveSymbolTable REAL = 1 : CPU = 0 : MEM = 0.
TAT_INFO: ::saveCongMap REAL = 1 : CPU = 0 : MEM = 0.
% Begin Save power constraints data ... (date=10/08 20:52:11, mem=1092.6M)
% End Save power constraints data ... (date=10/08 20:52:11, total cpu=0:00:00.0, real=0:00:00.0, peak res=1092.6M, current mem=1092.6M)
generic_rc_corner
Generated self-contained design placement.dat
#% End save design ... (date=10/08 20:52:15, total cpu=0:00:03.4, real=0:00:05.0, peak res=1095.0M, current mem=1093.9M)
*** Message Summary: 0 warning(s), 0 error(s)

<CMD> setNanoRouteMode -quiet -routeTopRoutingLayer default
<CMD> setNanoRouteMode -quiet -routeBottomRoutingLayer default
<CMD> setNanoRouteMode -quiet -drouteEndIteration default
**WARN: (IMPTCM-77):	Option "-routeEcoOnlyInLayers" for command getNanoRouteMode is obsolete and will be removed in a future release. The obsolete option still works in this release but to avoid this warning and to ensure compatibility with future releases, remove the obsolete option from your script.
<CMD> setNanoRouteMode -quiet -routeWithTimingDriven false
<CMD> setNanoRouteMode -quiet -routeWithSiDriven false
Running Native NanoRoute ...
<CMD> routeDesign -globalDetail
#routeDesign: cpu time = 00:00:00, elapsed time = 00:00:00, memory = 1095.19 (MB), peak = 1153.89 (MB)
#WARNING (NRIG-96) Selected single pass global detail route "-globalDetail". Clock eco and post optimizations will not be run. See "man NRIG-96" for more details.
**INFO: User settings:
setNanoRouteMode -droutePostRouteSpreadWire                     1
setNanoRouteMode -extractThirdPartyCompatible                   false
setNanoRouteMode -grouteExpTdUseTifTimingEngineForImportDesign  true
setNanoRouteMode -routeWithSiDriven                             false
setNanoRouteMode -routeWithTimingDriven                         false
setNanoRouteMode -timingEngine                                  {}
setDesignMode -process                                          45
setExtractRCMode -coupling_c_th                                 3
setExtractRCMode -engine                                        preRoute
setExtractRCMode -relative_c_th                                 0.03
setExtractRCMode -total_c_th                                    5
setDelayCalMode -engine                                         aae
setDelayCalMode -ignoreNetLoad                                  false

#**INFO: setDesignMode -flowEffort standard
#**INFO: multi-cut via swapping will not be performed after routing.
#**INFO: All auto set options tuned by routeDesign will be restored to their original settings on command completion.
Begin checking placement ... (start mem=1737.9M, init mem=1737.9M)
*info: Placed = 15670         
*info: Unplaced = 0           
Placement Density:68.01%(34631/50920)
Placement Density (including fixed std cells):68.01%(34631/50920)
Finished checkPlace (total: cpu=0:00:00.3, real=0:00:00.0; vio checks: cpu=0:00:00.2, real=0:00:00.0; mem=1737.9M)
**WARN: (IMPCK-8086):	The command changeUseClockNetStatus is obsolete and will be removed in the next release. This command still works in this release, but by the next release you must transition to the CCOpt-based CTS flow.

changeUseClockNetStatus Option :  -noFixedNetWires 
*** Changed status on (0) nets in Clock.
*** End changeUseClockNetStatus (cpu=0:00:00.0, real=0:00:00.0, mem=1737.9M) ***

globalDetailRoute

#Start globalDetailRoute on Sat Oct  8 20:52:47 2022
#
#num needed restored net=0
#need_extraction net=0 (total=18855)
#NanoRoute Version 20.10-p004_1 NR200413-0234/20_10-UB
#Using multithreading with 8 threads.
#Start routing data preparation on Sat Oct  8 20:52:47 2022
#
#Minimum voltage of a net in the design = 0.000.
#Maximum voltage of a net in the design = 1.100.
#Voltage range [0.000 - 1.100] has 18853 nets.
#Voltage range [1.100 - 1.100] has 1 net.
#Voltage range [0.000 - 0.000] has 1 net.
# metal1       H   Track-Pitch = 0.14000    Line-2-Via Pitch = 0.13500
# metal2       V   Track-Pitch = 0.19000    Line-2-Via Pitch = 0.14000
# metal3       H   Track-Pitch = 0.14000    Line-2-Via Pitch = 0.14000
# metal4       V   Track-Pitch = 0.28000    Line-2-Via Pitch = 0.28000
# metal5       H   Track-Pitch = 0.28000    Line-2-Via Pitch = 0.28000
# metal6       V   Track-Pitch = 0.28000    Line-2-Via Pitch = 0.28000
# metal7       H   Track-Pitch = 0.84000    Line-2-Via Pitch = 0.80000
# metal8       V   Track-Pitch = 0.84000    Line-2-Via Pitch = 0.80000
# metal9       H   Track-Pitch = 1.60000    Line-2-Via Pitch = 1.60000
# metal10      V   Track-Pitch = 1.68000    Line-2-Via Pitch = 1.60000
#Monitoring time of adding inner blkg by smac
#cpu time = 00:00:00, elapsed time = 00:00:00, memory = 1114.92 (MB), peak = 1384.43 (MB)
#Regenerating Ggrids automatically.
#Auto generating G-grids with size=15 tracks, using layer metal3's pitch = 0.14000.
#Using automatically generated G-grids.
#Done routing data preparation.
#cpu time = 00:00:01, elapsed time = 00:00:00, memory = 1115.93 (MB), peak = 1384.43 (MB)
#
#Finished routing data preparation on Sat Oct  8 20:52:48 2022
#
#Cpu time = 00:00:01
#Elapsed time = 00:00:00
#Increased memory = 13.09 (MB)
#Total memory = 1116.57 (MB)
#Peak memory = 1384.43 (MB)
#
#
#Start global routing on Sat Oct  8 20:52:48 2022
#
#
#Start global routing initialization on Sat Oct  8 20:52:48 2022
#
#Number of eco nets is 0
#
#Start global routing data preparation on Sat Oct  8 20:52:48 2022
#
#Start routing resource analysis on Sat Oct  8 20:52:48 2022
#
#Routing resource analysis is done on Sat Oct  8 20:52:48 2022
#
#  Resource Analysis:
#
#               Routing  #Avail      #Track     #Total     %Gcell
#  Layer      Direction   Track     Blocked      Gcell    Blocked
#  --------------------------------------------------------------
#  metal1         H        1668           0       12432    83.22%
#  metal2         V        1233           0       12432     0.00%
#  metal3         H        1668           0       12432     0.00%
#  metal4         V         836           0       12432     0.00%
#  metal5         H         834           0       12432     0.00%
#  metal6         V         652         184       12432     0.00%
#  metal7         H         192          86       12432     8.04%
#  metal8         V         278           0       12432     0.00%
#  metal9         H         112           0       12432     0.00%
#  metal10        V         111           0       12432     0.89%
#  --------------------------------------------------------------
#  Total                   7584       5.28%      124320     9.21%
#
#
#
#
#Global routing data preparation is done on Sat Oct  8 20:52:48 2022
#
#cpu time = 00:00:00, elapsed time = 00:00:00, memory = 1121.98 (MB), peak = 1384.43 (MB)
#
#
#Global routing initialization is done on Sat Oct  8 20:52:48 2022
#
#cpu time = 00:00:00, elapsed time = 00:00:00, memory = 1122.43 (MB), peak = 1384.43 (MB)
#
#start global routing iteration 1...
#cpu time = 00:00:01, elapsed time = 00:00:01, memory = 1132.90 (MB), peak = 1384.43 (MB)
#
#start global routing iteration 2...
#cpu time = 00:00:09, elapsed time = 00:00:09, memory = 1145.19 (MB), peak = 1384.43 (MB)
#
#start global routing iteration 3...
#cpu time = 00:00:05, elapsed time = 00:00:05, memory = 1150.72 (MB), peak = 1384.43 (MB)
#
#
#Total number of trivial nets (e.g. < 2 pins) = 2800 (skipped).
#Total number of routable nets = 16055.
#Total number of nets in the design = 18855.
#
#16055 routable nets have only global wires.
#
#Routed nets constraints summary:
#-----------------------------
#        Rules   Unconstrained  
#-----------------------------
#      Default           16055  
#-----------------------------
#        Total           16055  
#-----------------------------
#
#Routing constraints summary of the whole design:
#-----------------------------
#        Rules   Unconstrained  
#-----------------------------
#      Default           16055  
#-----------------------------
#        Total           16055  
#-----------------------------
#
#
#  Congestion Analysis: (blocked Gcells are excluded)
#
#                 OverCon       OverCon       OverCon          
#                  #Gcell        #Gcell        #Gcell    %Gcell
#     Layer           (1)           (2)           (3)   OverCon
#  ------------------------------------------------------------
#  metal1        0(0.00%)      0(0.00%)      0(0.00%)   (0.00%)
#  metal2       27(0.22%)      8(0.06%)      3(0.02%)   (0.31%)
#  metal3        0(0.00%)      0(0.00%)      0(0.00%)   (0.00%)
#  metal4        0(0.00%)      0(0.00%)      0(0.00%)   (0.00%)
#  metal5        0(0.00%)      0(0.00%)      0(0.00%)   (0.00%)
#  metal6        0(0.00%)      0(0.00%)      0(0.00%)   (0.00%)
#  metal7        0(0.00%)      0(0.00%)      0(0.00%)   (0.00%)
#  metal8        0(0.00%)      0(0.00%)      0(0.00%)   (0.00%)
#  metal9        0(0.00%)      0(0.00%)      0(0.00%)   (0.00%)
#  metal10       0(0.00%)      0(0.00%)      0(0.00%)   (0.00%)
#  ------------------------------------------------------------
#     Total     27(0.02%)      8(0.01%)      3(0.00%)   (0.03%)
#
#  The worst congested Gcell overcon (routing demand over resource in number of tracks) = 3
#  Overflow after GR: 0.00% H + 0.03% V
#
#Hotspot report including placement blocked areas
[hotspot] +----------------+-------------------+-------------------+-------------------------------------+
[hotspot] |      layer     |    max hotspot    |   total hotspot   |            hotspot bbox             |
[hotspot] +----------------+-------------------+-------------------+-------------------------------------+
[hotspot] |   metal1(H)    |           1424.00 |           1424.00 |     5.60     5.60   229.60   224.00 |
[hotspot] |   metal2(V)    |              0.00 |              0.00 |   (none)                            |
[hotspot] |   metal3(H)    |              0.00 |              0.00 |   (none)                            |
[hotspot] |   metal4(V)    |              0.00 |              0.00 |   (none)                            |
[hotspot] |   metal5(H)    |              0.00 |              0.00 |   (none)                            |
[hotspot] |   metal6(V)    |              0.00 |              0.00 |   (none)                            |
[hotspot] |   metal7(H)    |              0.00 |              0.00 |   (none)                            |
[hotspot] |   metal8(V)    |              0.00 |              0.00 |   (none)                            |
[hotspot] |   metal9(H)    |              0.00 |              0.00 |   (none)                            |
[hotspot] |  metal10(V)    |              0.00 |              0.00 |   (none)                            |
[hotspot] +----------------+-------------------+-------------------+-------------------------------------+
[hotspot] |      worst     | (metal1)  1424.00 | (metal1)  1424.00 |                                     |
[hotspot] +----------------+-------------------+-------------------+-------------------------------------+
[hotspot] |   all layers   |              0.00 |              0.00 |                                     |
[hotspot] +----------------+-------------------+-------------------+-------------------------------------+
Local HotSpot Analysis (3d): normalized congestion max/total hotspot area = 0.00/0.00 (area is in unit of 4 std-cell row bins)
#Complete Global Routing.
#Total wire length = 291962 um.
#Total half perimeter of net bounding box = 236764 um.
#Total wire length on LAYER metal1 = 124 um.
#Total wire length on LAYER metal2 = 73888 um.
#Total wire length on LAYER metal3 = 113180 um.
#Total wire length on LAYER metal4 = 53636 um.
#Total wire length on LAYER metal5 = 32089 um.
#Total wire length on LAYER metal6 = 18285 um.
#Total wire length on LAYER metal7 = 340 um.
#Total wire length on LAYER metal8 = 420 um.
#Total wire length on LAYER metal9 = 0 um.
#Total wire length on LAYER metal10 = 0 um.
#Total number of vias = 121762
#Up-Via Summary (total 121762):
#           
#-----------------------
# metal1          61603
# metal2          44161
# metal3          10965
# metal4           3356
# metal5           1593
# metal6             54
# metal7             30
#-----------------------
#                121762 
#
#Max overcon = 3 tracks.
#Total overcon = 0.03%.
#Worst layer Gcell overcon rate = 0.00%.
#
#Global routing statistics:
#Cpu time = 00:00:16
#Elapsed time = 00:00:15
#Increased memory = 26.54 (MB)
#Total memory = 1143.11 (MB)
#Peak memory = 1384.43 (MB)
#
#Finished global routing on Sat Oct  8 20:53:03 2022
#
#
#cpu time = 00:00:00, elapsed time = 00:00:00, memory = 1141.04 (MB), peak = 1384.43 (MB)
#Start Track Assignment.
#Done with 32372 horizontal wires in 4 hboxes and 32925 vertical wires in 4 hboxes.
#Done with 7529 horizontal wires in 4 hboxes and 7739 vertical wires in 4 hboxes.
#Done with 4 horizontal wires in 4 hboxes and 4 vertical wires in 4 hboxes.
#
#Track assignment summary:
# layer   (wire length)   (overlap)     (long ovlp)	(with obs/pg/clk)  
#------------------------------------------------------------------------
# metal1       122.23 	  0.00%  	  0.00% 	  0.00%
# metal2     73433.14 	  0.09%  	  0.00% 	  0.00%
# metal3    112736.65 	  0.06%  	  0.00% 	  0.00%
# metal4     53964.35 	  0.02%  	  0.00% 	  0.00%
# metal5     32233.98 	  0.01%  	  0.00% 	  0.00%
# metal6     18373.46 	  0.01%  	  0.00% 	  0.00%
# metal7       347.16 	  0.00%  	  0.00% 	  0.00%
# metal8       424.60 	  0.00%  	  0.00% 	  0.00%
# metal9         0.00 	  0.00%  	  0.00% 	  0.00%
# metal10        0.00 	  0.00%  	  0.00% 	  0.00%
#------------------------------------------------------------------------
# All      291635.57  	  0.05% 	  0.00% 	  0.00%
#Complete Track Assignment.
#Total wire length = 306672 um.
#Total half perimeter of net bounding box = 236764 um.
#Total wire length on LAYER metal1 = 10113 um.
#Total wire length on LAYER metal2 = 73496 um.
#Total wire length on LAYER metal3 = 117528 um.
#Total wire length on LAYER metal4 = 54027 um.
#Total wire length on LAYER metal5 = 32327 um.
#Total wire length on LAYER metal6 = 18420 um.
#Total wire length on LAYER metal7 = 340 um.
#Total wire length on LAYER metal8 = 422 um.
#Total wire length on LAYER metal9 = 0 um.
#Total wire length on LAYER metal10 = 0 um.
#Total number of vias = 121762
#Up-Via Summary (total 121762):
#           
#-----------------------
# metal1          61603
# metal2          44161
# metal3          10965
# metal4           3356
# metal5           1593
# metal6             54
# metal7             30
#-----------------------
#                121762 
#
#cpu time = 00:00:05, elapsed time = 00:00:03, memory = 1142.07 (MB), peak = 1384.43 (MB)
#
#Routing data preparation, pin analysis, global routing and track assignment statistics:
#Cpu time = 00:00:22
#Elapsed time = 00:00:18
#Increased memory = 38.60 (MB)
#Total memory = 1142.07 (MB)
#Peak memory = 1384.43 (MB)
#Using multithreading with 8 threads.
#
#Start Detail Routing..
#start initial detail routing ...
#   number of violations = 1
#
#    By Layer and Type :
#	          Short   Totals
#	metal1        0        0
#	metal2        1        1
#	Totals        1        1
#cpu time = 00:00:58, elapsed time = 00:00:07, memory = 1164.91 (MB), peak = 1465.32 (MB)
#start 1st optimization iteration ...
#   number of violations = 0
#cpu time = 00:00:00, elapsed time = 00:00:00, memory = 1163.80 (MB), peak = 1465.32 (MB)
#Complete Detail Routing.
#Total wire length = 305922 um.
#Total half perimeter of net bounding box = 236764 um.
#Total wire length on LAYER metal1 = 8870 um.
#Total wire length on LAYER metal2 = 90320 um.
#Total wire length on LAYER metal3 = 109372 um.
#Total wire length on LAYER metal4 = 50201 um.
#Total wire length on LAYER metal5 = 29777 um.
#Total wire length on LAYER metal6 = 16653 um.
#Total wire length on LAYER metal7 = 297 um.
#Total wire length on LAYER metal8 = 431 um.
#Total wire length on LAYER metal9 = 0 um.
#Total wire length on LAYER metal10 = 0 um.
#Total number of vias = 124949
#Up-Via Summary (total 124949):
#           
#-----------------------
# metal1          62689
# metal2          47360
# metal3          10450
# metal4           3015
# metal5           1351
# metal6             54
# metal7             30
#-----------------------
#                124949 
#
#Total number of DRC violations = 0
#Cpu time = 00:00:59
#Elapsed time = 00:00:08
#Increased memory = 19.62 (MB)
#Total memory = 1161.69 (MB)
#Peak memory = 1465.32 (MB)
#
#Start Post Route wire spreading..
#
#Start DRC checking..
#   number of violations = 0
#cpu time = 00:00:08, elapsed time = 00:00:01, memory = 1163.36 (MB), peak = 1465.32 (MB)
#CELL_VIEW aes,init has no DRC violation.
#Total number of DRC violations = 0
#
#Start data preparation for wire spreading...
#
#Data preparation is done on Sat Oct  8 20:53:15 2022
#
#
#Start Post Route Wire Spread.
#Done with 10318 horizontal wires in 7 hboxes and 5814 vertical wires in 7 hboxes.
#Complete Post Route Wire Spread.
#
#Total wire length = 311661 um.
#Total half perimeter of net bounding box = 236764 um.
#Total wire length on LAYER metal1 = 8876 um.
#Total wire length on LAYER metal2 = 91576 um.
#Total wire length on LAYER metal3 = 112227 um.
#Total wire length on LAYER metal4 = 51213 um.
#Total wire length on LAYER metal5 = 30178 um.
#Total wire length on LAYER metal6 = 16856 um.
#Total wire length on LAYER metal7 = 302 um.
#Total wire length on LAYER metal8 = 433 um.
#Total wire length on LAYER metal9 = 0 um.
#Total wire length on LAYER metal10 = 0 um.
#Total number of vias = 124949
#Up-Via Summary (total 124949):
#           
#-----------------------
# metal1          62689
# metal2          47360
# metal3          10450
# metal4           3015
# metal5           1351
# metal6             54
# metal7             30
#-----------------------
#                124949 
#
#
#Start DRC checking..
#   number of violations = 0
#cpu time = 00:00:08, elapsed time = 00:00:01, memory = 1168.64 (MB), peak = 1465.32 (MB)
#CELL_VIEW aes,init has no DRC violation.
#Total number of DRC violations = 0
#   number of violations = 0
#cpu time = 00:00:10, elapsed time = 00:00:02, memory = 1168.64 (MB), peak = 1465.32 (MB)
#CELL_VIEW aes,init has no DRC violation.
#Total number of DRC violations = 0
#Post Route wire spread is done.
#Total wire length = 311661 um.
#Total half perimeter of net bounding box = 236764 um.
#Total wire length on LAYER metal1 = 8876 um.
#Total wire length on LAYER metal2 = 91576 um.
#Total wire length on LAYER metal3 = 112227 um.
#Total wire length on LAYER metal4 = 51213 um.
#Total wire length on LAYER metal5 = 30178 um.
#Total wire length on LAYER metal6 = 16856 um.
#Total wire length on LAYER metal7 = 302 um.
#Total wire length on LAYER metal8 = 433 um.
#Total wire length on LAYER metal9 = 0 um.
#Total wire length on LAYER metal10 = 0 um.
#Total number of vias = 124949
#Up-Via Summary (total 124949):
#           
#-----------------------
# metal1          62689
# metal2          47360
# metal3          10450
# metal4           3015
# metal5           1351
# metal6             54
# metal7             30
#-----------------------
#                124949 
#
#detailRoute Statistics:
#Cpu time = 00:01:18
#Elapsed time = 00:00:11
#Increased memory = 24.45 (MB)
#Total memory = 1166.52 (MB)
#Peak memory = 1465.32 (MB)
#
#globalDetailRoute statistics:
#Cpu time = 00:01:41
#Elapsed time = 00:00:30
#Increased memory = 56.90 (MB)
#Total memory = 1155.38 (MB)
#Peak memory = 1465.32 (MB)
#Number of warnings = 0
#Total number of warnings = 1
#Number of fails = 0
#Total number of fails = 0
#Complete globalDetailRoute on Sat Oct  8 20:53:17 2022
#
#Default setup view is reset to generic_view.
#Default setup view is reset to generic_view.
#routeDesign: cpu time = 00:01:41, elapsed time = 00:00:30, memory = 1127.89 (MB), peak = 1465.32 (MB)

*** Summary of all messages that are not suppressed in this session:
Severity  ID               Count  Summary                                  
WARNING   IMPCK-8086           1  The command %s is obsolete and will be r...
*** Message Summary: 1 warning(s), 0 error(s)

invalid command name "report_timng"
<CMD> report_timing
AAE DB initialization (MEM=1813.61 CPU=0:00:00.0 REAL=0:00:00.0) 
#################################################################################
# Design Stage: PostRoute
# Design Name: aes
# Design Mode: 45nm
# Analysis Mode: MMMC Non-OCV 
# Parasitics Mode: No SPEF/RCDB
# Signoff Settings: SI Off 
#################################################################################
Extraction called for design 'aes' of instances=15670 and nets=18855 using extraction engine 'preRoute' .
PreRoute RC Extraction called for design aes.
RC Extraction called in multi-corner(1) mode.
**WARN: (IMPEXT-6197):	The Cap table file is not specified. This will result in lower parasitic accuracy when using preRoute extraction or postRoute extraction with effort level 'low'. It is recommended to generate the Cap table file using the 'generateCapTbl' command and specify it before extraction using 'create_rc_corner/update_rc_corner -cap_table'.
Type 'man IMPEXT-6197' for more detail.
RCMode: PreRoute
      RC Corner Indexes            0   
Capacitance Scaling Factor   : 1.00000 
Resistance Scaling Factor    : 1.00000 
Clock Cap. Scaling Factor    : 1.00000 
Clock Res. Scaling Factor    : 1.00000 
Shrink Factor                : 1.00000
PreRoute extraction is honoring NDR/Shielding/ExtraSpace for clock nets.
Updating RC grid for preRoute extraction ...
Initializing multi-corner resistance tables ...
PreRoute RC Extraction DONE (CPU Time: 0:00:00.2  Real Time: 0:00:00.0  MEM: 1813.609M)
Calculate delays in Single mode...
Start delay calculation (fullDC) (8 T). (MEM=1892.79)
siFlow : Timing analysis mode is single, using late cdB files
**WARN: (IMPEXT-2882):	Unable to find the resistance for via 'via1_4' in Cap table or LEF or OA files. The default value of 4.0 ohms is being assigned. To avoid this, check the Cap table and LEF and OA files, provide the resistance and read the files again.
**WARN: (IMPEXT-2882):	Unable to find the resistance for via 'via2_5' in Cap table or LEF or OA files. The default value of 4.0 ohms is being assigned. To avoid this, check the Cap table and LEF and OA files, provide the resistance and read the files again.
**WARN: (IMPEXT-2882):	Unable to find the resistance for via 'via3_2' in Cap table or LEF or OA files. The default value of 4.0 ohms is being assigned. To avoid this, check the Cap table and LEF and OA files, provide the resistance and read the files again.
**WARN: (IMPEXT-2882):	Unable to find the resistance for via 'via4_0' in Cap table or LEF or OA files. The default value of 4.0 ohms is being assigned. To avoid this, check the Cap table and LEF and OA files, provide the resistance and read the files again.
**WARN: (IMPEXT-2882):	Unable to find the resistance for via 'via5_0' in Cap table or LEF or OA files. The default value of 4.0 ohms is being assigned. To avoid this, check the Cap table and LEF and OA files, provide the resistance and read the files again.
**WARN: (IMPEXT-2882):	Unable to find the resistance for via 'via6_0' in Cap table or LEF or OA files. The default value of 4.0 ohms is being assigned. To avoid this, check the Cap table and LEF and OA files, provide the resistance and read the files again.
**WARN: (IMPEXT-2882):	Unable to find the resistance for via 'via7_0' in Cap table or LEF or OA files. The default value of 4.0 ohms is being assigned. To avoid this, check the Cap table and LEF and OA files, provide the resistance and read the files again.
**WARN: (IMPEXT-2882):	Unable to find the resistance for via 'via7_0' in Cap table or LEF or OA files. The default value of 4.0 ohms is being assigned. To avoid this, check the Cap table and LEF and OA files, provide the resistance and read the files again.
Total number of fetched objects 18702
End delay calculation. (MEM=2401.12 CPU=0:00:03.7 REAL=0:00:00.0)
End delay calculation (fullDC). (MEM=2251.27 CPU=0:00:04.9 REAL=0:00:01.0)
Path 1: MET Setup Check with Pin core_keymem_prev_key1_reg_reg[110]/CK 
Endpoint:   core_keymem_prev_key1_reg_reg[110]/D (^) checked with  leading edge 
of 'VCLK'
Beginpoint: keylen_reg_reg/QN                    (v) triggered by  leading edge 
of 'VCLK'
Path Groups: {VCLK}
Analysis View: generic_view
Other End Arrival Time          0.000
- Setup                         0.047
+ Phase Shift                  20.000
= Required Time                19.953
- Arrival Time                  3.591
= Slack Time                   16.362
     Clock Rise Edge                 0.000
     + Clock Network Latency (Ideal) 0.000
     = Beginpoint Arrival Time       0.000
     +--------------------------------------------------------------------------------------------+ 
     |              Instance              |     Arc      |   Cell    | Delay | Arrival | Required | 
     |                                    |              |           |       |  Time   |   Time   | 
     |------------------------------------+--------------+-----------+-------+---------+----------| 
     | keylen_reg_reg                     | CK ^         |           |       |   0.000 |   16.362 | 
     | keylen_reg_reg                     | CK ^ -> QN v | DFFR_X2   | 0.162 |   0.162 |   16.524 | 
     | core_keymem_g154400                | A2 v -> ZN v | OR2_X2    | 0.173 |   0.335 |   16.697 | 
     | FE_DBTC2_core_keymem_n_113821      | A v -> ZN ^  | INV_X2    | 0.449 |   0.784 |   17.147 | 
     | core_keymem_g154276                | A1 ^ -> ZN ^ | AND2_X1   | 0.211 |   0.996 |   17.358 | 
     | core_keymem_g154190                | A1 ^ -> ZN ^ | AND2_X1   | 0.913 |   1.908 |   18.270 | 
     | FE_OFC389_core_keymem_n_112107     | A ^ -> ZN v  | INV_X1    | 0.263 |   2.171 |   18.533 | 
     | core_keymem_g155224                | A1 v -> ZN ^ | NAND2_X1  | 1.152 |   3.323 |   19.686 | 
     | core_keymem_g152993                | C1 ^ -> ZN v | AOI221_X1 | 0.188 |   3.511 |   19.873 | 
     | core_keymem_g151929                | A v -> ZN ^  | OAI221_X1 | 0.080 |   3.591 |   19.953 | 
     | core_keymem_prev_key1_reg_reg[110] | D ^          | DFFR_X1   | 0.000 |   3.591 |   19.953 | 
     +--------------------------------------------------------------------------------------------+ 

<CMD> saveDesign route
#% Begin save design ... (date=10/08 20:56:01, mem=1264.1M)
% Begin Save ccopt configuration ... (date=10/08 20:56:01, mem=1264.1M)
% End Save ccopt configuration ... (date=10/08 20:56:01, total cpu=0:00:00.0, real=0:00:00.0, peak res=1264.3M, current mem=1264.3M)
% Begin Save netlist data ... (date=10/08 20:56:01, mem=1264.3M)
Writing Binary DB to route.dat/vbin/aes.v.bin in multi-threaded mode...
% End Save netlist data ... (date=10/08 20:56:01, total cpu=0:00:00.1, real=0:00:00.0, peak res=1266.4M, current mem=1266.4M)
Saving symbol-table file in separate thread ...
Saving congestion map file in separate thread ...
Saving congestion map file route.dat/aes.route.congmap.gz ...
% Begin Save AAE data ... (date=10/08 20:56:01, mem=1267.2M)
Saving AAE Data ...
% End Save AAE data ... (date=10/08 20:56:01, total cpu=0:00:00.0, real=0:00:00.0, peak res=1267.2M, current mem=1267.2M)
Saving preference file route.dat/gui.pref.tcl ...
Saving mode setting ...
Saving global file ...
Saving Drc markers ...
... No Drc file written since there is no markers found.
Saving special route data file in separate thread ...
Saving PG file in separate thread ...
Saving placement file in separate thread ...
Saving route file in separate thread ...
Saving property file in separate thread ...
Saving PG file route.dat/aes.pg.gz, version#2, (Created by Innovus v20.10-p004_1 on Sat Oct  8 20:56:02 2022)
** Saving stdCellPlacement_binary (version# 2) ...
Saving property file route.dat/aes.prop
Save Adaptive View Pruning View Names to Binary file
*** Completed saveProperty (cpu=0:00:00.0 real=0:00:00.0 mem=2029.9M) ***
TAT_INFO: ::saveSpecialRoute REAL = 0 : CPU = 0 : MEM = 0.
*** Completed savePGFile (cpu=0:00:00.1 real=0:00:00.0 mem=2029.9M) ***
TAT_INFO: ::savePGFile REAL = 0 : CPU = 0 : MEM = 0.
TAT_INFO: ::savePlace REAL = 0 : CPU = 0 : MEM = 0.
*** Completed saveRoute (cpu=0:00:00.3 real=0:00:00.0 mem=2021.9M) ***
TAT_INFO: ::saveRoute REAL = 0 : CPU = 0 : MEM = 0.
TAT_INFO: ::db::saveAnnotationAndProp REAL = 0 : CPU = 0 : MEM = 0.
#Saving pin access data to file route.dat/aes.apa ...
#
TAT_INFO: ::db::saveSymbolTable REAL = 1 : CPU = 0 : MEM = 0.
TAT_INFO: ::saveCongMap REAL = 1 : CPU = 0 : MEM = 0.
% Begin Save power constraints data ... (date=10/08 20:56:03, mem=1267.9M)
% End Save power constraints data ... (date=10/08 20:56:03, total cpu=0:00:00.0, real=0:00:00.0, peak res=1267.9M, current mem=1267.9M)
generic_rc_corner
Generated self-contained design route.dat
#% End save design ... (date=10/08 20:56:06, total cpu=0:00:03.9, real=0:00:05.0, peak res=1268.8M, current mem=1268.8M)
*** Message Summary: 0 warning(s), 0 error(s)

<CMD> getCTSMode -engine -quiet
<CMD> getFillerMode -quiet
<CMD> addFiller -cell {FILLCELL_X1 FILLCELL_X2 FILLCELL_X4 FILLCELL_X8 FILLCELL_X16 FILLCELL_X32} -prefix FILL
**WARN: (IMPSP-5217):	addFiller command is running on a postRoute database. It is recommended to be followed by ecoRoute -target command to make the DRC clean.
Type 'man IMPSP-5217' for more detail.
*INFO: Adding fillers to top-module.
*INFO:   Added 34 filler insts (cell FILLCELL_X32 / prefix FILL).
*INFO:   Added 144 filler insts (cell FILLCELL_X16 / prefix FILL).
*INFO:   Added 1155 filler insts (cell FILLCELL_X8 / prefix FILL).
*INFO:   Added 7155 filler insts (cell FILLCELL_X4 / prefix FILL).
*INFO:   Added 19748 filler insts (cell FILLCELL_X1 / prefix FILL).
*INFO:   Added 0 filler inst  (cell FILLCELL_X2 / prefix FILL).
*INFO: Total 28236 filler insts added - prefix FILL (CPU: 0:00:03.4).
For 28236 new insts, *** Applied 2 GNC rules (cpu = 0:00:00.0)
*INFO: Filler mode add_fillers_with_drc is default true to avoid gaps, which may add fillers with violations. Please check the violations for FILLER_incr* fillers and fix them before routeDesign. Set it to false can avoid the violation but may leave gaps.
*INFO: Second pass addFiller without DRC checking.
*INFO: Adding fillers to top-module.
*INFO:   Added 0 filler inst  (cell FILLCELL_X32 / prefix FILL_incr).
*INFO:   Added 0 filler inst  (cell FILLCELL_X16 / prefix FILL_incr).
*INFO:   Added 0 filler inst  (cell FILLCELL_X8 / prefix FILL_incr).
*INFO:   Added 0 filler inst  (cell FILLCELL_X4 / prefix FILL_incr).
*INFO:   Added 237 filler insts (cell FILLCELL_X1 / prefix FILL_incr).
*INFO:   Added 0 filler inst  (cell FILLCELL_X2 / prefix FILL_incr).
*INFO: Total 237 filler insts added - prefix FILL_incr (CPU: 0:00:00.0).
For 237 new insts, *** Applied 2 GNC rules (cpu = 0:00:00.0)
Pre-route DRC Violation:	237
<CMD> saveDesign post_route
#% Begin save design ... (date=10/08 20:59:26, mem=1286.3M)
% Begin Save ccopt configuration ... (date=10/08 20:59:26, mem=1286.3M)
% End Save ccopt configuration ... (date=10/08 20:59:26, total cpu=0:00:00.0, real=0:00:00.0, peak res=1286.5M, current mem=1286.5M)
% Begin Save netlist data ... (date=10/08 20:59:26, mem=1286.5M)
Writing Binary DB to post_route.dat/vbin/aes.v.bin in multi-threaded mode...
% End Save netlist data ... (date=10/08 20:59:26, total cpu=0:00:00.1, real=0:00:00.0, peak res=1286.5M, current mem=1286.2M)
Saving symbol-table file in separate thread ...
Saving congestion map file in separate thread ...
Saving congestion map file post_route.dat/aes.route.congmap.gz ...
% Begin Save AAE data ... (date=10/08 20:59:26, mem=1286.7M)
Saving AAE Data ...
% End Save AAE data ... (date=10/08 20:59:26, total cpu=0:00:00.0, real=0:00:00.0, peak res=1286.7M, current mem=1286.7M)
Saving preference file post_route.dat/gui.pref.tcl ...
Saving mode setting ...
Saving global file ...
Saving Drc markers ...
... 237 markers are saved ...
... 0 geometry drc markers are saved ...
... 0 antenna drc markers are saved ...
Saving special route data file in separate thread ...
Saving PG file in separate thread ...
Saving placement file in separate thread ...
Saving route file in separate thread ...
Saving property file in separate thread ...
Saving PG file post_route.dat/aes.pg.gz, version#2, (Created by Innovus v20.10-p004_1 on Sat Oct  8 20:59:27 2022)
Saving property file post_route.dat/aes.prop
** Saving stdCellPlacement_binary (version# 2) ...
*** Completed saveProperty (cpu=0:00:00.0 real=0:00:00.0 mem=2033.0M) ***
Save Adaptive View Pruning View Names to Binary file
TAT_INFO: ::saveSpecialRoute REAL = 0 : CPU = 0 : MEM = 0.
*** Completed savePGFile (cpu=0:00:00.2 real=0:00:00.0 mem=2033.0M) ***
TAT_INFO: ::savePGFile REAL = 0 : CPU = 0 : MEM = 0.
TAT_INFO: ::savePlace REAL = 0 : CPU = 0 : MEM = 0.
*** Completed saveRoute (cpu=0:00:00.3 real=0:00:00.0 mem=2025.0M) ***
TAT_INFO: ::saveRoute REAL = 0 : CPU = 0 : MEM = 0.
TAT_INFO: ::db::saveAnnotationAndProp REAL = 0 : CPU = 0 : MEM = 0.
#Saving pin access data to file post_route.dat/aes.apa ...
#
TAT_INFO: ::db::saveSymbolTable REAL = 0 : CPU = 0 : MEM = 0.
TAT_INFO: ::saveCongMap REAL = 0 : CPU = 0 : MEM = 0.
% Begin Save power constraints data ... (date=10/08 20:59:28, mem=1287.0M)
% End Save power constraints data ... (date=10/08 20:59:28, total cpu=0:00:00.0, real=0:00:00.0, peak res=1287.0M, current mem=1287.0M)
generic_rc_corner
Generated self-contained design post_route.dat
#% End save design ... (date=10/08 20:59:31, total cpu=0:00:04.0, real=0:00:05.0, peak res=1287.0M, current mem=1285.7M)
*** Message Summary: 0 warning(s), 0 error(s)

<CMD> report_timing > timing.rpt
<CMD> summaryReport -noHtml -outfile summary.rpt
Creating directory summaryReport.
Start to collect the design information.
Build netlist information for Cell aes.
Finished collecting the design information.
Generating standard cells used in the design report.
Analyze library ... 
Analyze netlist ... 
Generating HFO information report.
Generate no-driven nets information report.
Analyze timing ... 
Analyze floorplan/placement ... 
Analysis Routing ...
Report saved in file summary.rpt
<CMD> verify_drc > drc.rpt
 *** Starting Verify DRC (MEM: 1965.0) ***

  VERIFY DRC ...... Starting Verification
  VERIFY DRC ...... Initializing
  VERIFY DRC ...... Deleting Existing Violations
  VERIFY DRC ...... Creating Sub-Areas
  VERIFY DRC ...... Using new threading
 VERIFY DRC ...... Thread : 3 finished.
 VERIFY DRC ...... Thread : 0 finished.
 VERIFY DRC ...... Thread : 2 finished.
 VERIFY DRC ...... Thread : 4 finished.

  Verification Complete : 40 Viols.

 Violation Summary By Layer and Type:

	          Short   Totals
	metal1       40       40
	Totals       40       40

 *** End Verify DRC (CPU: 0:00:03.2  ELAPSED TIME: 2.00  MEM: 140.0M) ***


*** Memory Usage v#1 (Current mem = 2070.039M, initial mem = 268.254M) ***
*** Message Summary: 11882 warning(s), 0 error(s)

--- Ending "Innovus" (totcpu=0:06:00, real=0:27:48, mem=2070.0M) ---
