###############################################################
#  Generated by:      Cadence Innovus 20.10-p004_1
#  OS:                Linux x86_64(Host ID ic51)
#  Generated on:      Sun Oct  9 17:01:02 2022
#  Design:            aes
#  Command:           summaryReport -noHtml -outfile summary.rpt
###############################################################


==============================
General Design Information
==============================
Design Status: Routed  
Design Name: aes  
# Instances: 43916  
# Hard Macros: 0  
# Std Cells: 43916  
    ------------------------------
    Standard Cells in Netlist
    ------------------------------
               Cell Type   Instance Count  Area (um^2)  
                 AND2_X1              243         258.5520  
                 AND2_X2               44          58.5200  
                 AND2_X4               47         112.5180  
                 AND3_X1               57          75.8100  
                 AND3_X2                6           9.5760  
                 AND4_X1              114         181.9440  
                 AND4_X2               13          24.2060  
                 AND4_X4                1           3.4580  
               AOI211_X1               54          71.8200  
               AOI211_X2                5          11.9700  
                AOI21_X1              326         346.8640  
                AOI21_X2               41          76.3420  
                AOI21_X4                3          10.3740  
               AOI221_X1              233         371.8680  
               AOI221_X2                6          17.5560  
               AOI222_X1              396         842.6880  
               AOI222_X2               22          81.9280  
               AOI222_X4                1           3.7240  
                AOI22_X1             1015        1349.9500  
                AOI22_X2               20          47.8800  
                AOI22_X4               10          45.2200  
               CLKBUF_X3               48          63.8400  
                 DFFR_X1             1024        5447.6800  
                 DFFR_X2                3          17.5560  
                 DFFS_X1                3          15.9600  
             FILLCELL_X1            19713        5243.6580  
            FILLCELL_X16              148         629.8880  
            FILLCELL_X32               34         289.4080  
             FILLCELL_X4             7185        7644.8400  
             FILLCELL_X8             1166        2481.2480  
                   HA_X1                1           2.6600  
                  INV_X1             1395         742.1400  
                 INV_X16                1           4.5220  
                  INV_X2              141         112.5180  
                  INV_X4               92         122.3600  
                  INV_X8               29          69.4260  
                 MUX2_X1                6          11.1720  
                 MUX2_X2                3           7.1820  
                NAND2_X1             2019        1611.1620  
                NAND2_X2              233         309.8900  
                NAND2_X4              150         359.1000  
                NAND3_X1              165         175.5600  
                NAND3_X2               32          59.5840  
                NAND3_X4               35         121.0300  
                NAND4_X1              137         182.2100  
                NAND4_X2               19          45.4860  
                NAND4_X4               16          76.6080  
                 NOR2_X1              589         470.0220  
                 NOR2_X2              133         176.8900  
                 NOR2_X4               17          40.6980  
                 NOR3_X1              109         115.9760  
                 NOR3_X2                8          14.8960  
                 NOR3_X4                3          11.1720  
                 NOR4_X1               87         115.7100  
                 NOR4_X2                9          21.5460  
                 NOR4_X4                1           4.7880  
               OAI211_X1              300         399.0000  
               OAI211_X2                2           4.7880  
                OAI21_X1              726         772.4640  
                OAI21_X2              126         234.6120  
                OAI21_X4               50         172.9000  
               OAI221_X1              527         841.0920  
               OAI221_X2                7          20.4820  
               OAI221_X4                3          10.3740  
               OAI222_X1               42          89.3760  
                OAI22_X1              371         493.4300  
                OAI22_X2               22          52.6680  
                OAI22_X4                4          18.0880  
                OAI33_X1               23          42.8260  
                  OR2_X1              157         167.0480  
                  OR2_X2               52          69.1600  
                  OR2_X4               16          38.3040  
                  OR3_X1               39          51.8700  
                  OR3_X2               14          22.3440  
                  OR4_X1               18          28.7280  
                SDFFR_X1             1956       13007.4000  
                SDFFR_X2                1           6.9160  
                XNOR2_X1             1533        2446.6680  
                XNOR2_X2              258         686.2800  
                 XOR2_X1              245         391.0200  
                 XOR2_X2               13          31.1220  
# Pads: 0  
# Net: 18855  
# Special Net: 2  
# IO Pins: 
    ------------------------------
    Issued IO Information
    ------------------------------
    # Unplaced IO Pin  0  
    # Floating IO  0  
    # IO Connected to Non-IO Inst  
        ------------------------------
        IO Connected to Non-IO Inst
        ------------------------------
                     IO Name      Non-IO Inst Name  
                read_data[0]                g60252  
                read_data[1]                g60278  
                read_data[2]                g60327  
                read_data[3]                g60322  
                read_data[4]                g60334  
                read_data[5]                g60325  
                read_data[6]                g60364  
                read_data[7]                g60360  
                read_data[8]                g60339  
                read_data[9]                g60316  
               read_data[10]                g60331  
               read_data[11]                g60356  
               read_data[12]                g60328  
               read_data[13]                g60323  
               read_data[14]                g60336  
               read_data[15]                g60358  
               read_data[16]                g60340  
               read_data[17]                g60333  
               read_data[18]                g60330  
               read_data[19]                g60332  
               read_data[20]                g60361  
               read_data[21]                g60326  
               read_data[22]                g60338  
               read_data[23]                g60357  
               read_data[24]                g60321  
               read_data[25]                g60359  
               read_data[26]                g60363  
               read_data[27]                g60362  
               read_data[28]                g60335  
               read_data[29]                g60324  
               read_data[30]                g60337  
               read_data[31]                g60355  
               write_data[0]                g60404  
               write_data[1]                g60405  
               write_data[2]   block_reg_reg[0][2]  
               write_data[3]   block_reg_reg[0][3]  
               write_data[4]   block_reg_reg[0][4]  
               write_data[5]   block_reg_reg[0][5]  
               write_data[6]   block_reg_reg[0][6]  
               write_data[7]   block_reg_reg[0][7]  
               write_data[8]   block_reg_reg[0][8]  
               write_data[9]   block_reg_reg[0][9]  
              write_data[10]  block_reg_reg[0][10]  
              write_data[11]  block_reg_reg[0][11]  
              write_data[12]  block_reg_reg[0][12]  
              write_data[13]  block_reg_reg[0][13]  
              write_data[14]  block_reg_reg[0][14]  
              write_data[15]  block_reg_reg[0][15]  
              write_data[16]  block_reg_reg[0][16]  
              write_data[17]  block_reg_reg[0][17]  
              write_data[18]  block_reg_reg[0][18]  
              write_data[19]  block_reg_reg[0][19]  
              write_data[20]  block_reg_reg[0][20]  
              write_data[21]  block_reg_reg[0][21]  
              write_data[22]  block_reg_reg[0][22]  
              write_data[23]  block_reg_reg[0][23]  
              write_data[24]  block_reg_reg[0][24]  
              write_data[25]  block_reg_reg[0][25]  
              write_data[26]  block_reg_reg[0][26]  
              write_data[27]  block_reg_reg[0][27]  
              write_data[28]  block_reg_reg[0][28]  
              write_data[29]  block_reg_reg[0][29]  
              write_data[30]  block_reg_reg[0][30]  
              write_data[31]  block_reg_reg[0][31]  
                  address[0]                g60420  
                  address[1]                g60406  
                  address[2]                g60583  
                  address[3]                g60573  
                  address[4]                g60419  
                  address[5]                g60550  
                  address[6]                g60586  
                  address[7]                g60586  
                          we                g60572  
                          cs                g60585  
                     reset_n          init_reg_reg  
                         clk   CTS_ccl_a_buf_00212  76  76  
# Pins: 
    ------------------------------
    Correctness of Pin Connectivity for All Instances
    ------------------------------
    # Floating Terms  0  
    # Output Term Marked Tie Hi/Lo  0  
    # Output Term Shorted to PG Net  0  65642  
# PG Pins: 
    ------------------------------
    Correctness of PG Pin Connectivity for All Instances
    ------------------------------
    # Instances that No Net Defined for Any PG Pin  0  
    # Floating PG Terms  0  
    # PG Pins Connect to Non-PG Net  0  
    # Power Pins Connect Ground Net  0  
    # Ground Pins Connect Power Net  0  87832  
Average Pins Per Net(Signal): 3.481  

==============================
General Library Information
==============================
# Routing Layers: 10  
# Masterslice Layers: 2  
# Pin Layers: 
    General Caution:
        1) Library have metal1, metal2, metal3, metal4 and metal5 pins, you should setPlaceMode -prerouteAsObs {1 2 3}                                 to ensure these pins are accessible after placement

    ------------------------------
    Pin Layers
    ------------------------------
    metal5  
    metal4  
    metal3  
    metal2  
    metal1  5  
# Layers: 
    ------------------------------
    Layer OVERLAP Information
    ------------------------------
    Type  Overlap  
    ------------------------------
    Layer metal10 Information
    ------------------------------
    Type  Routing  
    Wire Pitch X  1.600 um  
    Wire Pitch Y  1.600 um  
    Offset X  0.095 um  
    Offset Y  0.070 um  
    Wire Width  0.800 um  
    Spacing  0.800 um  
    ------------------------------
    Layer via9 Information
    ------------------------------
    Type  Cut  
    Wire Width  0.800 um  
    Vias  
        ------------------------------
        Via list in layer via9
        ------------------------------
                Vias in via9  Default  
                      via9_0      Yes  For complete list click here  
    Multiple Orientation Vias  CAUTION: There is only one default via in this layer  
    ------------------------------
    Layer metal9 Information
    ------------------------------
    Type  Routing  
    Wire Pitch X  1.600 um  
    Wire Pitch Y  1.600 um  
    Offset X  0.095 um  
    Offset Y  0.070 um  
    Wire Width  0.800 um  
    Spacing  0.800 um  
    ------------------------------
    Layer via8 Information
    ------------------------------
    Type  Cut  
    Wire Width  0.400 um  
    Vias  
        ------------------------------
        Via list in layer via8
        ------------------------------
                Vias in via8  Default  
                      via8_0      Yes  For complete list click here  
    Multiple Orientation Vias  CAUTION: There is only one default via in this layer  
    ------------------------------
    Layer metal8 Information
    ------------------------------
    Type  Routing  
    Wire Pitch X  0.800 um  
    Wire Pitch Y  0.800 um  
    Offset X  0.095 um  
    Offset Y  0.070 um  
    Wire Width  0.400 um  
    Spacing  0.400 um  
    ------------------------------
    Layer via7 Information
    ------------------------------
    Type  Cut  
    Wire Width  0.400 um  
    Vias  
        ------------------------------
        Via list in layer via7
        ------------------------------
                Vias in via7  Default  
                      via7_0      Yes  For complete list click here  
    Multiple Orientation Vias  CAUTION: There is only one default via in this layer  
    ------------------------------
    Layer metal7 Information
    ------------------------------
    Type  Routing  
    Wire Pitch X  0.800 um  
    Wire Pitch Y  0.800 um  
    Offset X  0.095 um  
    Offset Y  0.070 um  
    Wire Width  0.400 um  
    Spacing  0.400 um  
    ------------------------------
    Layer via6 Information
    ------------------------------
    Type  Cut  
    Wire Width  0.140 um  
    Vias  
        ------------------------------
        Via list in layer via6
        ------------------------------
                Vias in via6  Default  
                      via6_0      Yes  For complete list click here  
    Multiple Orientation Vias  CAUTION: There is only one default via in this layer  
    ------------------------------
    Layer metal6 Information
    ------------------------------
    Type  Routing  
    Wire Pitch X  0.280 um  
    Wire Pitch Y  0.280 um  
    Offset X  0.095 um  
    Offset Y  0.070 um  
    Wire Width  0.140 um  
    Spacing  0.140 um  
    ------------------------------
    Layer via5 Information
    ------------------------------
    Type  Cut  
    Wire Width  0.140 um  
    Vias  
        ------------------------------
        Via list in layer via5
        ------------------------------
                Vias in via5  Default  
                      via5_0      Yes  For complete list click here  
    Multiple Orientation Vias  CAUTION: There is only one default via in this layer  
    ------------------------------
    Layer metal5 Information
    ------------------------------
    Type  Routing  
    Wire Pitch X  0.280 um  
    Wire Pitch Y  0.280 um  
    Offset X  0.095 um  
    Offset Y  0.070 um  
    Wire Width  0.140 um  
    Spacing  0.140 um  
    ------------------------------
    Layer via4 Information
    ------------------------------
    Type  Cut  
    Wire Width  0.140 um  
    Vias  
        ------------------------------
        Via list in layer via4
        ------------------------------
                Vias in via4  Default  
                      via4_0      Yes  For complete list click here  
    Multiple Orientation Vias  CAUTION: There is only one default via in this layer  
    ------------------------------
    Layer metal4 Information
    ------------------------------
    Type  Routing  
    Wire Pitch X  0.280 um  
    Wire Pitch Y  0.280 um  
    Offset X  0.095 um  
    Offset Y  0.070 um  
    Wire Width  0.140 um  
    Spacing  0.140 um  
    ------------------------------
    Layer via3 Information
    ------------------------------
    Type  Cut  
    Wire Width  0.070 um  
    Vias  
        ------------------------------
        Via list in layer via3
        ------------------------------
                Vias in via3  Default  
                      via3_1      Yes  
                      via3_0      Yes  
                      via3_2      Yes  For complete list click here  
    ------------------------------
    Layer metal3 Information
    ------------------------------
    Type  Routing  
    Wire Pitch X  0.140 um  
    Wire Pitch Y  0.140 um  
    Offset X  0.095 um  
    Offset Y  0.070 um  
    Wire Width  0.070 um  
    Spacing  0.070 um  
    ------------------------------
    Layer via2 Information
    ------------------------------
    Type  Cut  
    Wire Width  0.070 um  
    Vias  
        ------------------------------
        Via list in layer via2
        ------------------------------
                Vias in via2  Default  
                      via2_3      Yes  
                      via2_2      Yes  
                      via2_1      Yes  
                      via2_0      Yes  
                      via2_6      Yes  
                      via2_7      Yes  
                      via2_5      Yes  
                      via2_4      Yes  
                      via2_8      Yes  For complete list click here  
    ------------------------------
    Layer metal2 Information
    ------------------------------
    Type  Routing  
    Wire Pitch X  0.190 um  
    Wire Pitch Y  0.190 um  
    Offset X  0.095 um  
    Offset Y  0.070 um  
    Wire Width  0.070 um  
    Spacing  0.070 um  
    ------------------------------
    Layer via1 Information
    ------------------------------
    Type  Cut  
    Wire Width  0.070 um  
    Vias  
        ------------------------------
        Via list in layer via1
        ------------------------------
                Vias in via1  Default  
                      via1_8      Yes  
                      via1_7      Yes  
                      via1_6      Yes  
                      via1_5      Yes  
                      via1_3      Yes  
                      via1_2      Yes  
                      via1_1      Yes  
                      via1_0      Yes  
                      via1_4      Yes  For complete list click here  
    ------------------------------
    Layer metal1 Information
    ------------------------------
    Type  Routing  
    Wire Pitch X  0.140 um  
    Wire Pitch Y  0.140 um  
    Offset X  0.095 um  
    Offset Y  0.070 um  
    Wire Width  0.070 um  
    Spacing  0.065 um  
    ------------------------------
    Layer active Information
    ------------------------------
    Type  Masterslice  
    ------------------------------
    Layer poly Information
    ------------------------------
    Type  Masterslice  22  
# Pins without Physical Port: 0  
# Pins in Library without Timing Lib: 0  
# Pins Missing Direction: 0  
Antenna Summary Report: 
    General Caution:
        1) All Antenna Constructs are absent for the layer section of LEF.
    ------------------------------
    These Pins have antenna info
    ------------------------------
               Cell Name      List of Pin Name  
                 AND2_X1                    ZN  
                 AND2_X1                    A2  
                 AND2_X1                    A1  
                 AND2_X2                    ZN  
                 AND2_X2                    A2  
                 AND2_X2                    A1  
                 AND2_X4                    ZN  
                 AND2_X4                    A2  
                 AND2_X4                    A1  
                 AND3_X1                    ZN  
                 AND3_X1                    A3  
                 AND3_X1                    A2  
                 AND3_X1                    A1  
                 AND3_X2                    ZN  
                 AND3_X2                    A3  
                 AND3_X2                    A2  
                 AND3_X2                    A1  
                 AND3_X4                    ZN  
                 AND3_X4                    A3  
                 AND3_X4                    A2  
                 AND3_X4                    A1  
                 AND4_X1                    ZN  
                 AND4_X1                    A4  
                 AND4_X1                    A3  
                 AND4_X1                    A2  
                 AND4_X1                    A1  
                 AND4_X2                    ZN  
                 AND4_X2                    A4  
                 AND4_X2                    A3  
                 AND4_X2                    A2  
                 AND4_X2                    A1  
                 AND4_X4                    ZN  
                 AND4_X4                    A4  
                 AND4_X4                    A3  
                 AND4_X4                    A2  
                 AND4_X4                    A1  
              ANTENNA_X1                     A  
               AOI211_X1                    ZN  
               AOI211_X1                    C2  
               AOI211_X1                    C1  
               AOI211_X1                     B  
               AOI211_X1                     A  
               AOI211_X2                    ZN  
               AOI211_X2                    C2  
               AOI211_X2                    C1  
               AOI211_X2                     B  
               AOI211_X2                     A  
               AOI211_X4                    ZN  
               AOI211_X4                    C2  
               AOI211_X4                    C1  
               AOI211_X4                     B  
               AOI211_X4                     A  
                AOI21_X1                    ZN  
                AOI21_X1                    B2  
                AOI21_X1                    B1  
                AOI21_X1                     A  
                AOI21_X2                    ZN  
                AOI21_X2                    B2  
                AOI21_X2                    B1  
                AOI21_X2                     A  
                AOI21_X4                    ZN  
                AOI21_X4                    B2  
                AOI21_X4                    B1  
                AOI21_X4                     A  
               AOI221_X1                    ZN  
               AOI221_X1                    C2  
               AOI221_X1                    C1  
               AOI221_X1                    B2  
               AOI221_X1                    B1  
               AOI221_X1                     A  
               AOI221_X2                    ZN  
               AOI221_X2                    C2  
               AOI221_X2                    C1  
               AOI221_X2                    B2  
               AOI221_X2                    B1  
               AOI221_X2                     A  
               AOI221_X4                    ZN  
               AOI221_X4                    C2  
               AOI221_X4                    C1  
               AOI221_X4                    B2  
               AOI221_X4                    B1  
               AOI221_X4                     A  
               AOI222_X1                    ZN  
               AOI222_X1                    C2  
               AOI222_X1                    C1  
               AOI222_X1                    B2  
               AOI222_X1                    B1  
               AOI222_X1                    A2  
               AOI222_X1                    A1  
               AOI222_X2                    ZN  
               AOI222_X2                    C2  
               AOI222_X2                    C1  
               AOI222_X2                    B2  
               AOI222_X2                    B1  
               AOI222_X2                    A2  
               AOI222_X2                    A1  
               AOI222_X4                    ZN  
               AOI222_X4                    C2  
               AOI222_X4                    C1  
               AOI222_X4                    B2  
               AOI222_X4                    B1  
               AOI222_X4                    A2  
               AOI222_X4                    A1  
                AOI22_X1                    ZN  
                AOI22_X1                    B2  
                AOI22_X1                    B1  
                AOI22_X1                    A2  
                AOI22_X1                    A1  
                AOI22_X2                    ZN  
                AOI22_X2                    B2  
                AOI22_X2                    B1  
                AOI22_X2                    A2  
                AOI22_X2                    A1  
                AOI22_X4                    ZN  
                AOI22_X4                    B2  
                AOI22_X4                    B1  
                AOI22_X4                    A2  
                AOI22_X4                    A1  
                  BUF_X1                     Z  
                  BUF_X1                     A  
                 BUF_X16                     Z  
                 BUF_X16                     A  
                  BUF_X2                     Z  
                  BUF_X2                     A  
                 BUF_X32                     Z  
                 BUF_X32                     A  
                  BUF_X4                     Z  
                  BUF_X4                     A  
                  BUF_X8                     Z  
                  BUF_X8                     A  
               CLKBUF_X1                     Z  
               CLKBUF_X1                     A  
               CLKBUF_X2                     Z  
               CLKBUF_X2                     A  
               CLKBUF_X3                     Z  
               CLKBUF_X3                     A  
           CLKGATETST_X1                   GCK  
           CLKGATETST_X1                    SE  
           CLKGATETST_X1                     E  
           CLKGATETST_X1                    CK  
           CLKGATETST_X2                   GCK  
           CLKGATETST_X2                    SE  
           CLKGATETST_X2                     E  
           CLKGATETST_X2                    CK  
           CLKGATETST_X4                   GCK  
           CLKGATETST_X4                    SE  
           CLKGATETST_X4                     E  
           CLKGATETST_X4                    CK  
           CLKGATETST_X8                   GCK  
           CLKGATETST_X8                    SE  
           CLKGATETST_X8                     E  
           CLKGATETST_X8                    CK  
              CLKGATE_X1                   GCK  
              CLKGATE_X1                     E  
              CLKGATE_X1                    CK  
              CLKGATE_X2                   GCK  
              CLKGATE_X2                     E  
              CLKGATE_X2                    CK  
              CLKGATE_X4                   GCK  
              CLKGATE_X4                     E  
              CLKGATE_X4                    CK  
              CLKGATE_X8                   GCK  
              CLKGATE_X8                     E  
              CLKGATE_X8                    CK  
                DFFRS_X1                    QN  
                DFFRS_X1                     Q  
                DFFRS_X1                    CK  
                DFFRS_X1                    SN  
                DFFRS_X1                    RN  
                DFFRS_X1                     D  
                DFFRS_X2                    QN  
                DFFRS_X2                     Q  
                DFFRS_X2                    CK  
                DFFRS_X2                    SN  
                DFFRS_X2                    RN  
                DFFRS_X2                     D  
                 DFFR_X1                    QN  
                 DFFR_X1                     Q  
                 DFFR_X1                    CK  
                 DFFR_X1                    RN  
                 DFFR_X1                     D  
                 DFFR_X2                    QN  
                 DFFR_X2                     Q  
                 DFFR_X2                    CK  
                 DFFR_X2                    RN  
                 DFFR_X2                     D  
                 DFFS_X1                    QN  
                 DFFS_X1                     Q  
                 DFFS_X1                    CK  
                 DFFS_X1                    SN  
                 DFFS_X1                     D  
                 DFFS_X2                    QN  
                 DFFS_X2                     Q  
                 DFFS_X2                    CK  
                 DFFS_X2                    SN  
                 DFFS_X2                     D  
                  DFF_X1                    QN  
                  DFF_X1                     Q  
                  DFF_X1                    CK  
                  DFF_X1                     D  
                  DFF_X2                    QN  
                  DFF_X2                     Q  
                  DFF_X2                    CK  
                  DFF_X2                     D  
                  DLH_X1                     Q  
                  DLH_X1                     G  
                  DLH_X1                     D  
                  DLH_X2                     Q  
                  DLH_X2                     G  
                  DLH_X2                     D  
                  DLL_X1                     Q  
                  DLL_X1                    GN  
                  DLL_X1                     D  
                  DLL_X2                     Q  
                  DLL_X2                    GN  
                  DLL_X2                     D  
                   FA_X1                     S  
                   FA_X1                    CO  
                   FA_X1                    CI  
                   FA_X1                     B  
                   FA_X1                     A  
                   HA_X1                     S  
                   HA_X1                    CO  
                   HA_X1                     B  
                   HA_X1                     A  
                  INV_X1                    ZN  
                  INV_X1                     A  
                 INV_X16                    ZN  
                 INV_X16                     A  
                  INV_X2                    ZN  
                  INV_X2                     A  
                 INV_X32                    ZN  
                 INV_X32                     A  
                  INV_X4                    ZN  
                  INV_X4                     A  
                  INV_X8                    ZN  
                  INV_X8                     A  
               LOGIC0_X1                     Z  
               LOGIC1_X1                     Z  
                 MUX2_X1                     Z  
                 MUX2_X1                     S  
                 MUX2_X1                     B  
                 MUX2_X1                     A  
                 MUX2_X2                     Z  
                 MUX2_X2                     S  
                 MUX2_X2                     B  
                 MUX2_X2                     A  
                NAND2_X1                    ZN  
                NAND2_X1                    A2  
                NAND2_X1                    A1  
                NAND2_X2                    ZN  
                NAND2_X2                    A2  
                NAND2_X2                    A1  
                NAND2_X4                    ZN  
                NAND2_X4                    A2  
                NAND2_X4                    A1  
                NAND3_X1                    ZN  
                NAND3_X1                    A3  
                NAND3_X1                    A2  
                NAND3_X1                    A1  
                NAND3_X2                    ZN  
                NAND3_X2                    A3  
                NAND3_X2                    A2  
                NAND3_X2                    A1  
                NAND3_X4                    ZN  
                NAND3_X4                    A3  
                NAND3_X4                    A2  
                NAND3_X4                    A1  
                NAND4_X1                    ZN  
                NAND4_X1                    A4  
                NAND4_X1                    A3  
                NAND4_X1                    A2  
                NAND4_X1                    A1  
                NAND4_X2                    ZN  
                NAND4_X2                    A4  
                NAND4_X2                    A3  
                NAND4_X2                    A2  
                NAND4_X2                    A1  
                NAND4_X4                    ZN  
                NAND4_X4                    A4  
                NAND4_X4                    A3  
                NAND4_X4                    A2  
                NAND4_X4                    A1  
                 NOR2_X1                    ZN  
                 NOR2_X1                    A2  
                 NOR2_X1                    A1  
                 NOR2_X2                    ZN  
                 NOR2_X2                    A2  
                 NOR2_X2                    A1  
                 NOR2_X4                    ZN  
                 NOR2_X4                    A2  
                 NOR2_X4                    A1  
                 NOR3_X1                    ZN  
                 NOR3_X1                    A3  
                 NOR3_X1                    A2  
                 NOR3_X1                    A1  
                 NOR3_X2                    ZN  
                 NOR3_X2                    A3  
                 NOR3_X2                    A2  
                 NOR3_X2                    A1  
                 NOR3_X4                    ZN  
                 NOR3_X4                    A3  
                 NOR3_X4                    A2  
                 NOR3_X4                    A1  
                 NOR4_X1                    ZN  
                 NOR4_X1                    A4  
                 NOR4_X1                    A3  
                 NOR4_X1                    A2  
                 NOR4_X1                    A1  
                 NOR4_X2                    ZN  
                 NOR4_X2                    A4  
                 NOR4_X2                    A3  
                 NOR4_X2                    A2  
                 NOR4_X2                    A1  
                 NOR4_X4                    ZN  
                 NOR4_X4                    A4  
                 NOR4_X4                    A3  
                 NOR4_X4                    A2  
                 NOR4_X4                    A1  
               OAI211_X1                    ZN  
               OAI211_X1                    C2  
               OAI211_X1                    C1  
               OAI211_X1                     B  
               OAI211_X1                     A  
               OAI211_X2                    ZN  
               OAI211_X2                    C2  
               OAI211_X2                    C1  
               OAI211_X2                     B  
               OAI211_X2                     A  
               OAI211_X4                    ZN  
               OAI211_X4                    C2  
               OAI211_X4                    C1  
               OAI211_X4                     B  
               OAI211_X4                     A  
                OAI21_X1                    ZN  
                OAI21_X1                    B2  
                OAI21_X1                    B1  
                OAI21_X1                     A  
                OAI21_X2                    ZN  
                OAI21_X2                    B2  
                OAI21_X2                    B1  
                OAI21_X2                     A  
                OAI21_X4                    ZN  
                OAI21_X4                    B2  
                OAI21_X4                    B1  
                OAI21_X4                     A  
               OAI221_X1                    ZN  
               OAI221_X1                    C2  
               OAI221_X1                    C1  
               OAI221_X1                    B2  
               OAI221_X1                    B1  
               OAI221_X1                     A  
               OAI221_X2                    ZN  
               OAI221_X2                    C2  
               OAI221_X2                    C1  
               OAI221_X2                    B2  
               OAI221_X2                    B1  
               OAI221_X2                     A  
               OAI221_X4                    ZN  
               OAI221_X4                    C2  
               OAI221_X4                    C1  
               OAI221_X4                    B2  
               OAI221_X4                    B1  
               OAI221_X4                     A  
               OAI222_X1                    ZN  
               OAI222_X1                    C2  
               OAI222_X1                    C1  
               OAI222_X1                    B2  
               OAI222_X1                    B1  
               OAI222_X1                    A2  
               OAI222_X1                    A1  
               OAI222_X2                    ZN  
               OAI222_X2                    C2  
               OAI222_X2                    C1  
               OAI222_X2                    B2  
               OAI222_X2                    B1  
               OAI222_X2                    A2  
               OAI222_X2                    A1  
               OAI222_X4                    ZN  
               OAI222_X4                    C2  
               OAI222_X4                    C1  
               OAI222_X4                    B2  
               OAI222_X4                    B1  
               OAI222_X4                    A2  
               OAI222_X4                    A1  
                OAI22_X1                    ZN  
                OAI22_X1                    B2  
                OAI22_X1                    B1  
                OAI22_X1                    A2  
                OAI22_X1                    A1  
                OAI22_X2                    ZN  
                OAI22_X2                    B2  
                OAI22_X2                    B1  
                OAI22_X2                    A2  
                OAI22_X2                    A1  
                OAI22_X4                    ZN  
                OAI22_X4                    B2  
                OAI22_X4                    B1  
                OAI22_X4                    A2  
                OAI22_X4                    A1  
                OAI33_X1                    ZN  
                OAI33_X1                    B3  
                OAI33_X1                    B2  
                OAI33_X1                    B1  
                OAI33_X1                    A3  
                OAI33_X1                    A2  
                OAI33_X1                    A1  
                  OR2_X1                    ZN  
                  OR2_X1                    A2  
                  OR2_X1                    A1  
                  OR2_X2                    ZN  
                  OR2_X2                    A2  
                  OR2_X2                    A1  
                  OR2_X4                    ZN  
                  OR2_X4                    A2  
                  OR2_X4                    A1  
                  OR3_X1                    ZN  
                  OR3_X1                    A3  
                  OR3_X1                    A2  
                  OR3_X1                    A1  
                  OR3_X2                    ZN  
                  OR3_X2                    A3  
                  OR3_X2                    A2  
                  OR3_X2                    A1  
                  OR3_X4                    ZN  
                  OR3_X4                    A3  
                  OR3_X4                    A2  
                  OR3_X4                    A1  
                  OR4_X1                    ZN  
                  OR4_X1                    A4  
                  OR4_X1                    A3  
                  OR4_X1                    A2  
                  OR4_X1                    A1  
                  OR4_X2                    ZN  
                  OR4_X2                    A4  
                  OR4_X2                    A3  
                  OR4_X2                    A2  
                  OR4_X2                    A1  
                  OR4_X4                    ZN  
                  OR4_X4                    A4  
                  OR4_X4                    A3  
                  OR4_X4                    A2  
                  OR4_X4                    A1  
               SDFFRS_X1                    QN  
               SDFFRS_X1                     Q  
               SDFFRS_X1                    CK  
               SDFFRS_X1                    SN  
               SDFFRS_X1                    SI  
               SDFFRS_X1                    SE  
               SDFFRS_X1                    RN  
               SDFFRS_X1                     D  
               SDFFRS_X2                    QN  
               SDFFRS_X2                     Q  
               SDFFRS_X2                    CK  
               SDFFRS_X2                    SN  
               SDFFRS_X2                    SI  
               SDFFRS_X2                    SE  
               SDFFRS_X2                    RN  
               SDFFRS_X2                     D  
                SDFFR_X1                    QN  
                SDFFR_X1                     Q  
                SDFFR_X1                    CK  
                SDFFR_X1                    SI  
                SDFFR_X1                    SE  
                SDFFR_X1                    RN  
                SDFFR_X1                     D  
                SDFFR_X2                    QN  
                SDFFR_X2                     Q  
                SDFFR_X2                    CK  
                SDFFR_X2                    SI  
                SDFFR_X2                    SE  
                SDFFR_X2                    RN  
                SDFFR_X2                     D  
                SDFFS_X1                    QN  
                SDFFS_X1                     Q  
                SDFFS_X1                    CK  
                SDFFS_X1                    SN  
                SDFFS_X1                    SI  
                SDFFS_X1                    SE  
                SDFFS_X1                     D  
                SDFFS_X2                    QN  
                SDFFS_X2                     Q  
                SDFFS_X2                    CK  
                SDFFS_X2                    SN  
                SDFFS_X2                    SI  
                SDFFS_X2                    SE  
                SDFFS_X2                     D  
                 SDFF_X1                    QN  
                 SDFF_X1                     Q  
                 SDFF_X1                    CK  
                 SDFF_X1                    SI  
                 SDFF_X1                    SE  
                 SDFF_X1                     D  
                 SDFF_X2                    QN  
                 SDFF_X2                     Q  
                 SDFF_X2                    CK  
                 SDFF_X2                    SI  
                 SDFF_X2                    SE  
                 SDFF_X2                     D  
                 TBUF_X1                     Z  
                 TBUF_X1                    EN  
                 TBUF_X1                     A  
                TBUF_X16                     Z  
                TBUF_X16                    EN  
                TBUF_X16                     A  
                 TBUF_X2                     Z  
                 TBUF_X2                    EN  
                 TBUF_X2                     A  
                 TBUF_X4                     Z  
                 TBUF_X4                    EN  
                 TBUF_X4                     A  
                 TBUF_X8                     Z  
                 TBUF_X8                    EN  
                 TBUF_X8                     A  
                 TINV_X1                    ZN  
                 TINV_X1                     I  
                 TINV_X1                    EN  
                 TLAT_X1                     Q  
                 TLAT_X1                    OE  
                 TLAT_X1                     G  
                 TLAT_X1                     D  
                XNOR2_X1                    ZN  
                XNOR2_X1                     B  
                XNOR2_X1                     A  
                XNOR2_X2                    ZN  
                XNOR2_X2                     B  
                XNOR2_X2                     A  
                 XOR2_X1                     Z  
                 XOR2_X1                     B  
                 XOR2_X1                     A  
                 XOR2_X2                     Z  
                 XOR2_X2                     B  
                 XOR2_X2                     A  For more information click here  
# Cells Missing LEF Info: 0  
# Cells with Dimension Errors: 0  

==============================
Netlist Information
==============================
# HFO (>200) Nets: 1  
    General Caution:
        1) These nets will affect your zero wireload timing analysis. You should cross-reference this list against your timing report to see if these nets are the reason for failing paths. Since physical buffer trees will be created during optimization, large delays should be reduced.

        2) Consider using CTS to build physical trees for these nets, if you are not satisfied with the default optimization output.

    HFO (>200) Nets  Fanout  
            reset_n    2987  
# No-driven Nets: 151  
    General Caution:
        1) TODO
    No-driven Nets  
    core_dec_block_round_ctr_reg[3]  
    core_dec_block_dec_ctrl_reg[2]  
    core_dec_block_block_w3_reg[2]  
    core_dec_block_block_w3_reg[3]  
    core_dec_block_block_w3_reg[4]  
    core_dec_block_block_w3_reg[5]  
    core_dec_block_block_w3_reg[6]  
    core_dec_block_block_w3_reg[7]  
    core_dec_block_block_w3_reg[9]  
    core_dec_block_block_w3_reg[10]  
    core_dec_block_block_w3_reg[14]  
    core_dec_block_block_w3_reg[28]  
    core_dec_block_block_w3_reg[29]  
    core_dec_block_block_w3_reg[30]  
    core_dec_block_block_w3_reg[31]  
    core_dec_block_block_w2_reg[2]  
    core_dec_block_block_w2_reg[3]  
    core_dec_block_block_w2_reg[4]  
    core_dec_block_block_w2_reg[5]  
    core_dec_block_block_w2_reg[6]  
    core_dec_block_block_w2_reg[7]  
    core_dec_block_block_w2_reg[9]  
    core_dec_block_block_w2_reg[10]  
    core_dec_block_block_w2_reg[14]  
    core_dec_block_block_w2_reg[28]  
    core_dec_block_block_w2_reg[29]  
    core_dec_block_block_w2_reg[30]  
    core_dec_block_block_w2_reg[31]  
    core_dec_block_block_w1_reg[2]  
    core_dec_block_block_w1_reg[3]  
    core_dec_block_block_w1_reg[4]  
    core_dec_block_block_w1_reg[5]  
    core_dec_block_block_w1_reg[6]  
    core_dec_block_block_w1_reg[7]  
    core_dec_block_block_w1_reg[9]  
    core_dec_block_block_w1_reg[10]  
    core_dec_block_block_w1_reg[14]  
    core_dec_block_block_w1_reg[28]  
    core_dec_block_block_w1_reg[29]  
    core_dec_block_block_w1_reg[30]  
    core_dec_block_block_w0_reg[2]  
    core_dec_block_block_w0_reg[3]  
    core_dec_block_block_w0_reg[4]  
    core_dec_block_block_w0_reg[5]  
    core_dec_block_block_w0_reg[6]  
    core_dec_block_block_w0_reg[7]  
    core_dec_block_block_w0_reg[9]  
    core_dec_block_block_w0_reg[10]  
    core_dec_block_block_w0_reg[14]  
    core_dec_block_block_w0_reg[28]  
    core_dec_block_block_w0_reg[29]  
    core_dec_block_block_w0_reg[30]  
    core_keymem_prev_key1_reg[0]  
    core_keymem_prev_key1_reg[1]  
    core_keymem_prev_key1_reg[2]  
    core_keymem_prev_key1_reg[3]  
    core_keymem_prev_key1_reg[4]  
    core_keymem_prev_key1_reg[5]  
    core_keymem_prev_key1_reg[6]  
    core_keymem_prev_key1_reg[7]  
    core_keymem_prev_key1_reg[8]  
    core_keymem_prev_key1_reg[9]  
    core_keymem_prev_key1_reg[10]  
    core_keymem_prev_key1_reg[11]  
    core_keymem_prev_key1_reg[12]  
    core_keymem_prev_key1_reg[13]  
    core_keymem_prev_key1_reg[14]  
    core_keymem_prev_key1_reg[15]  
    core_keymem_prev_key1_reg[16]  
    core_keymem_prev_key1_reg[17]  
    core_keymem_prev_key1_reg[18]  
    core_keymem_prev_key1_reg[19]  
    core_keymem_prev_key1_reg[20]  
    core_keymem_prev_key1_reg[21]  
    core_keymem_prev_key1_reg[22]  
    core_keymem_prev_key1_reg[23]  
    core_keymem_prev_key1_reg[24]  
    core_keymem_prev_key1_reg[25]  
    core_keymem_prev_key1_reg[26]  
    core_keymem_prev_key1_reg[27]  
    core_keymem_prev_key1_reg[28]  
    core_keymem_prev_key1_reg[29]  
    core_keymem_prev_key1_reg[30]  
    core_keymem_prev_key1_reg[31]  
    core_keymem_prev_key1_reg[33]  
    core_keymem_prev_key1_reg[35]  
    core_keymem_prev_key1_reg[36]  
    core_keymem_prev_key1_reg[38]  
    core_keymem_prev_key1_reg[39]  
    core_keymem_prev_key1_reg[40]  
    core_keymem_prev_key1_reg[41]  
    core_keymem_prev_key1_reg[45]  
    core_keymem_prev_key1_reg[46]  
    core_keymem_prev_key1_reg[48]  
    core_keymem_prev_key1_reg[49]  
    core_keymem_prev_key1_reg[51]  
    core_keymem_prev_key1_reg[53]  
    core_keymem_prev_key1_reg[57]  
    core_keymem_prev_key1_reg[60]  
    core_keymem_key_mem_ctrl_reg[2]  
    core_keymem_key_mem[12][36]  
    core_keymem_key_mem[8][36]  
    core_keymem_key_mem[10][36]  
    core_keymem_key_mem[5][36]  
    core_keymem_key_mem[9][36]  
    core_keymem_key_mem[2][36]  
    core_keymem_key_mem[6][36]  
    core_keymem_key_mem[3][36]  
    core_keymem_key_mem[4][36]  
    core_round_key[1]  
    core_round_key[5]  
    core_round_key[8]  
    core_round_key[9]  
    core_round_key[20]  
    core_round_key[22]  
    core_round_key[27]  
    core_round_key[29]  
    core_round_key[30]  
    core_round_key[31]  
    core_round_key[32]  
    core_round_key[33]  
    core_round_key[38]  
    core_round_key[40]  
    core_round_key[42]  
    core_round_key[46]  
    core_round_key[47]  
    core_round_key[55]  
    core_round_key[63]  
    core_round_key[74]  
    core_round_key[85]  
    core_round_key[86]  
    core_round_key[87]  
    core_round_key[90]  
    core_round_key[92]  
    core_round_key[93]  
    core_round_key[94]  
    core_round_key[95]  
    core_round_key[101]  
    core_round_key[105]  
    core_round_key[107]  
    core_round_key[109]  
    core_round_key[110]  
    core_round_key[117]  
    core_round_key[118]  
    core_round_key[119]  
    core_round_key[120]  
    core_round_key[121]  
    core_round_key[123]  
    core_round_key[127]  
    core_enc_block_enc_ctrl_reg[2]  
    core_aes_core_ctrl_reg[0]  
# Multi-driven Nets: 0  
# Assign Statements: 0  
Is Design Uniquified: YES  
# Pins in Netlist without timing lib: 0  

==============================

==============================
: Internal  External  
No of Nets:      18702           0  
No of Connections:      47016           0  
Total Net Length (X): 1.1233e+05  0.0000e+00  
Total Net Length (Y): 1.1708e+05  0.0000e+00  
Total Net Length: 2.2941e+05  0.0000e+00  

==============================
Timing Information
==============================
# Clocks in design: 
    ------------------------------
    Clocks in Design
    ------------------------------
    @  
    VCLK  
    *  3  
# Generated clocks: 0  
# "dont_use" cells from .libs: 
    ------------------------------
    Dont_use Cell List
    ------------------------------
    ANTENNA_X1  
    FILLCELL_X1  
    FILLCELL_X16  
    FILLCELL_X2  
    FILLCELL_X32  
    FILLCELL_X4  
    FILLCELL_X8  
    LOGIC0_X1  
    LOGIC1_X1  9  
# "dont_touch" cells from .libs: 
    ------------------------------
    Dont_touch Cell List
    ------------------------------
    ANTENNA_X1  
    FILLCELL_X1  
    FILLCELL_X16  
    FILLCELL_X2  
    FILLCELL_X32  
    FILLCELL_X4  
    FILLCELL_X8  
    LOGIC0_X1  
    LOGIC1_X1  9  
# Cells in .lib with max_tran: 
    ------------------------------
    Cell List with max_tran
    ------------------------------
               Cell Name  Max Transition (ps)  
                 AND2_X1  198  
                 AND2_X2  198  
                 AND2_X4  198  
                 AND3_X1  198  
                 AND3_X2  198  
                 AND3_X4  198  
                 AND4_X1  198  
                 AND4_X2  198  
                 AND4_X4  198  
              ANTENNA_X1  198  
               AOI211_X1  198  
               AOI211_X2  198  
               AOI211_X4  198  
                AOI21_X1  198  
                AOI21_X2  198  
                AOI21_X4  198  
               AOI221_X1  198  
               AOI221_X2  198  
               AOI221_X4  198  
               AOI222_X1  198  
               AOI222_X2  198  
               AOI222_X4  198  
                AOI22_X1  198  
                AOI22_X2  198  
                AOI22_X4  198  
                  BUF_X1  198  
                 BUF_X16  198  
                  BUF_X2  198  
                 BUF_X32  198  
                  BUF_X4  198  
                  BUF_X8  198  
               CLKBUF_X1  198  
               CLKBUF_X2  198  
               CLKBUF_X3  198  
           CLKGATETST_X1  198  
           CLKGATETST_X2  198  
           CLKGATETST_X4  198  
           CLKGATETST_X8  198  
              CLKGATE_X1  198  
              CLKGATE_X2  198  
              CLKGATE_X4  198  
              CLKGATE_X8  198  
                DFFRS_X1  198  
                DFFRS_X2  198  
                 DFFR_X1  198  
                 DFFR_X2  198  
                 DFFS_X1  198  
                 DFFS_X2  198  
                  DFF_X1  198  
                  DFF_X2  198  
                  DLH_X1  198  
                  DLH_X2  198  
                  DLL_X1  198  
                  DLL_X2  198  
                   FA_X1  198  
                   HA_X1  198  
                  INV_X1  198  
                 INV_X16  198  
                  INV_X2  198  
                 INV_X32  198  
                  INV_X4  198  
                  INV_X8  198  
               LOGIC0_X1  198  
               LOGIC1_X1  198  
                 MUX2_X1  198  
                 MUX2_X2  198  
                NAND2_X1  198  
                NAND2_X2  198  
                NAND2_X4  198  
                NAND3_X1  198  
                NAND3_X2  198  
                NAND3_X4  198  
                NAND4_X1  198  
                NAND4_X2  198  
                NAND4_X4  198  
                 NOR2_X1  198  
                 NOR2_X2  198  
                 NOR2_X4  198  
                 NOR3_X1  198  
                 NOR3_X2  198  
                 NOR3_X4  198  
                 NOR4_X1  198  
                 NOR4_X2  198  
                 NOR4_X4  198  
               OAI211_X1  198  
               OAI211_X2  198  
               OAI211_X4  198  
                OAI21_X1  198  
                OAI21_X2  198  
                OAI21_X4  198  
               OAI221_X1  198  
               OAI221_X2  198  
               OAI221_X4  198  
               OAI222_X1  198  
               OAI222_X2  198  
               OAI222_X4  198  
                OAI22_X1  198  
                OAI22_X2  198  
                OAI22_X4  198  
                OAI33_X1  198  
                  OR2_X1  198  
                  OR2_X2  198  
                  OR2_X4  198  
                  OR3_X1  198  
                  OR3_X2  198  
                  OR3_X4  198  
                  OR4_X1  198  
                  OR4_X2  198  
                  OR4_X4  198  
               SDFFRS_X1  198  
               SDFFRS_X2  198  
                SDFFR_X1  198  
                SDFFR_X2  198  
                SDFFS_X1  198  
                SDFFS_X2  198  
                 SDFF_X1  198  
                 SDFF_X2  198  
                 TBUF_X1  198  
                TBUF_X16  198  
                 TBUF_X2  198  
                 TBUF_X4  198  
                 TBUF_X8  198  
                 TINV_X1  198  
                 TLAT_X1  198  
                XNOR2_X1  198  
                XNOR2_X2  198  
                 XOR2_X1  198  
                 XOR2_X2  198  128  
# Cells in .lib with max_cap: 
    ------------------------------
    Cell List with max_cap
    ------------------------------
               Cell Name  Max Capacitance (pf)  
                 AND2_X1  0.060577  
                 AND2_X2  0.120850  
                 AND2_X4  0.241699  
                 AND3_X1  0.060425  
                 AND3_X2  0.120544  
                 AND3_X4  0.241089  
                 AND4_X1  0.060272  
                 AND4_X2  0.120392  
                 AND4_X4  0.241089  
               AOI211_X1  0.014496  
               AOI211_X2  0.028992  
               AOI211_X4  0.242310  
                AOI21_X1  0.025330  
                AOI21_X2  0.050659  
                AOI21_X4  0.101013  
               AOI221_X1  0.013809  
               AOI221_X2  0.027618  
               AOI221_X4  0.242310  
               AOI222_X1  0.013008  
               AOI222_X2  0.025635  
               AOI222_X4  0.242310  
                AOI22_X1  0.024605  
                AOI22_X2  0.049133  
                AOI22_X4  0.097961  
                  BUF_X1  0.060654  
                 BUF_X16  0.965576  
                  BUF_X2  0.121155  
                 BUF_X32  1.904300  
                  BUF_X4  0.242310  
                  BUF_X8  0.484009  
               CLKBUF_X1  0.060730  
               CLKBUF_X2  0.121460  
               CLKBUF_X3  0.181885  
           CLKGATETST_X1  0.060730  
           CLKGATETST_X2  0.121460  
           CLKGATETST_X4  0.242920  
           CLKGATETST_X8  0.484619  
              CLKGATE_X1  0.060730  
              CLKGATE_X2  0.121307  
              CLKGATE_X4  0.242310  
              CLKGATE_X8  0.484619  
                DFFRS_X1  0.060272  
                DFFRS_X2  0.120850  
                 DFFR_X1  0.060272  
                 DFFR_X2  0.120544  
                 DFFS_X1  0.060272  
                 DFFS_X2  0.120544  
                  DFF_X1  0.060272  
                  DFF_X2  0.120544  
                  DLH_X1  0.060577  
                  DLH_X2  0.120697  
                  DLL_X1  0.060272  
                  DLL_X2  0.120544  
                   FA_X1  0.060272  
                   HA_X1  0.025253  
                  INV_X1  0.060730  
                 INV_X16  0.969238  
                  INV_X2  0.121460  
                 INV_X32  1.923830  
                  INV_X4  0.242920  
                  INV_X8  0.485229  
                 MUX2_X1  0.060501  
                 MUX2_X2  0.120850  
                NAND2_X1  0.059357  
                NAND2_X2  0.118713  
                NAND2_X4  0.237427  
                NAND3_X1  0.058365  
                NAND3_X2  0.116272  
                NAND3_X4  0.233154  
                NAND4_X1  0.056000  
                NAND4_X2  0.111542  
                NAND4_X4  0.222778  
                 NOR2_X1  0.026703  
                 NOR2_X2  0.053406  
                 NOR2_X4  0.106811  
                 NOR3_X1  0.016022  
                 NOR3_X2  0.031738  
                 NOR3_X4  0.063324  
                 NOR4_X1  0.010471  
                 NOR4_X2  0.020905  
                 NOR4_X4  0.041504  
               OAI211_X1  0.025559  
               OAI211_X2  0.050812  
               OAI211_X4  0.101624  
                OAI21_X1  0.026054  
                OAI21_X2  0.052109  
                OAI21_X4  0.104065  
               OAI221_X1  0.022163  
               OAI221_X2  0.043869  
               OAI221_X4  0.242310  
               OAI222_X1  0.020065  
               OAI222_X2  0.039597  
               OAI222_X4  0.242310  
                OAI22_X1  0.023232  
                OAI22_X2  0.046310  
                OAI22_X4  0.092468  
                OAI33_X1  0.011482  
                  OR2_X1  0.060577  
                  OR2_X2  0.121155  
                  OR2_X4  0.242310  
                  OR3_X1  0.060577  
                  OR3_X2  0.121155  
                  OR3_X4  0.242310  
                  OR4_X1  0.060577  
                  OR4_X2  0.120850  
                  OR4_X4  0.241699  
               SDFFRS_X1  0.060577  
               SDFFRS_X2  0.120850  
                SDFFR_X1  0.060425  
                SDFFR_X2  0.121155  
                SDFFS_X1  0.060577  
                SDFFS_X2  0.120850  
                 SDFF_X1  0.060425  
                 SDFF_X2  0.121155  
                 TBUF_X1  0.051575  
                TBUF_X16  0.820312  
                 TBUF_X2  0.103607  
                 TBUF_X4  0.206909  
                 TBUF_X8  0.412598  
                 TINV_X1  0.022621  
                 TLAT_X1  0.022583  
                XNOR2_X1  0.026016  
                XNOR2_X2  0.052033  
                 XOR2_X1  0.025330  
                 XOR2_X2  0.050507  125  
# Cells in .lib with max_fanout: 0  
SDC max_cap: N/A  
SDC max_tran: N/A  
SDC max_fanout: N/A  
Default Ext. Scale Factor: 1.000  
Detail Ext. Scale Factor: 1.000  

==============================
Floorplan/Placement Information
==============================
Total area of Standard cells: 50920.114 um^2  
Total area of Standard cells(Subtracting Physical Cells): 34631.072 um^2  
Total area of Macros: 0.000 um^2  
Total area of Blockages: 0.000 um^2  
Total area of Pad cells: 0.000 um^2  
Total area of Core: 50920.114 um^2  
Total area of Chip: 54706.730 um^2  
Effective Utilization: 1.0000e+00  
Number of Cell Rows: 161  
% Pure Gate Density #1 (Subtracting BLOCKAGES): 100.000%  
% Pure Gate Density #2 (Subtracting BLOCKAGES and Physical Cells): 68.011%  
% Pure Gate Density #3 (Subtracting MACROS): 100.000%  
% Pure Gate Density #4 (Subtracting MACROS and Physical Cells): 68.011%  
% Pure Gate Density #5 (Subtracting MACROS and BLOCKAGES): 100.000%  
% Pure Gate Density #6 (Subtracting MACROS and BLOCKAGES for insts are not placed): 68.011%  
% Core Density (Counting Std Cells and MACROs): 100.000%  
% Core Density #2(Subtracting Physical Cells): 68.011%  
% Chip Density (Counting Std Cells and MACROs and IOs): 93.078%  
% Chip Density #2(Subtracting Physical Cells): 63.303%  
# Macros within 5 sites of IO pad: No  
Macro halo defined?: No  

==============================
Wire Length Distribution
==============================
Total metal1 wire length: 8808.7175 um  
Total metal2 wire length: 92157.2600 um  
Total metal3 wire length: 112522.4900 um  
Total metal4 wire length: 51889.7400 um  
Total metal5 wire length: 30120.5800 um  
Total metal6 wire length: 14930.7200 um  
Total metal7 wire length: 259.0000 um  
Total metal8 wire length: 1147.4400 um  
Total metal9 wire length: 0.0000 um  
Total metal10 wire length: 0.0000 um  
Total wire length: 311835.9475 um  
Average wire length/net: 16.5386 um  
Area of Power Net Distribution: 
    ------------------------------
    Area of Power Net Distribution
    ------------------------------
    Layer Name  Area of Power Net  Routable Area  Percentage  
    metal1  3161.4543  50920.1140  6.2087%  
    metal2  0.0000  50920.1140  0.0000%  
    metal3  0.0000  50920.1140  0.0000%  
    metal4  0.0000  50920.1140  0.0000%  
    metal5  0.0000  50920.1140  0.0000%  
    metal6  4487.6160  50920.1140  8.8131%  
    metal7  4408.1280  50920.1140  8.6569%  
    metal8  0.0000  50920.1140  0.0000%  
    metal9  0.0000  50920.1140  0.0000%  
    metal10  0.0000  50920.1140  0.0000%  For more information click here  
